<?xml version="1.0" encoding="UTF-8"?>
<!-- Generated by org.testng.reporters.JUnitXMLReporter -->
<testsuite hostname="DESKTOP-4RQDLAN" ignored="0" name="Test1"
	tests="2" failures="0" timestamp="02 Sep 2019 16:57:14 GMT" time="0.9"
	errors="0">
	<testcase name="runScenario" time="0.3"
		classname="cucumber.api.testng.AbstractTestNGCucumberTests">
		<skipped />
	</testcase> <!-- runScenario -->
	<testcase name="runScenario" time="0.008"
		classname="cucumber.api.testng.AbstractTestNGCucumberTests">
		<skipped />
	</testcase> <!-- runScenario -->
</testsuite> <!-- Test1 -->
