# Created at 2020-05-19T21:51:43.601
TestSet has not finished before stream error has appeared >> initializing exit by non-null configuration: DEFAULT
java.io.EOFException
	at java.io.DataInputStream.readInt(DataInputStream.java:392)
	at org.apache.maven.surefire.booter.MasterProcessCommand.decode(MasterProcessCommand.java:115)
	at org.apache.maven.surefire.booter.CommandReader$CommandRunnable.run(CommandReader.java:391)
	at java.lang.Thread.run(Thread.java:748)


# Created at 2020-05-19T21:51:47.606
Unexpected IOException with stream: true

# Created at 2020-05-19T21:51:47.609
Unexpected IOException with stream: 


# Created at 2020-05-19T21:51:47.627
Unexpected IOException: 8,1,com.poferries.freight.AutomationFramework.web.runner.RunCukes,runScenario(com.poferries.freight.AutomationFramework.web.runner.RunCukes),null,Cannot locate an element using id=route\000AFor documentation on this error\002C please visit: https://www.seleniumhq.org/exceptions/no_such_element.html\000ABuild info: version: '3.141.59'\002C revision: 'e82be7d358'\002C time: '2018-11-14T08:17:03'\000ASystem info: host: 'DESKTOP-KISPH7H'\002C ip: '192.168.0.7'\002C os.name: 'Windows 10'\002C os.arch: 'amd64'\002C os.version: '10.0'\002C java.version: '1.8.0_241'\000ADriver info: driver.version: RemoteWebDriver,null,Cannot locate an element using id=route\000AFor documentation on this error\002C please visit: https://www.seleniumhq.org/exceptions/no_such_element.html\000ABuild info: version: '3.141.59'\002C revision: 'e82be7d358'\002C time: '2018-11-14T08:17:03'\000ASystem info: host: 'DESKTOP-KISPH7H'\002C ip: '192.168.0.7'\002C os.name: 'Windows 10'\002C os.arch: 'amd64'\002C os.version: '10.0'\002C java.version: '1.8.0_241'\000ADriver info: driver.version: RemoteWebDriver,RunCukes.runScenario \00BB NoSuchElement Cannot locate an element using id=route\000AF...,org.openqa.selenium.NoSuchElementException: \000ACannot locate an element using id=route\000AFor documentation on this error\002C please visit: https://www.seleniumhq.org/exceptions/no_such_element.html\000ABuild info: version: '3.141.59'\002C revision: 'e82be7d358'\002C time: '2018-11-14T08:17:03'\000ASystem info: host: 'DESKTOP-KISPH7H'\002C ip: '192.168.0.7'\002C os.name: 'Windows 10'\002C os.arch: 'amd64'\002C os.version: '10.0'\002C java.version: '1.8.0_241'\000ADriver info: driver.version: RemoteWebDriver\000A


# Created at 2020-05-19T21:51:47.629
Unexpected IOException: 5,1,com.poferries.freight.AutomationFramework.web.runner.RunCukes,runScenario(com.poferries.freight.AutomationFramework.web.runner.RunCukes),cucumber,null,null


# Created at 2020-05-19T21:51:47.686
Unexpected IOException with stream: true

# Created at 2020-05-19T21:51:47.688
Unexpected IOException with stream: 


# Created at 2020-05-19T21:51:47.697
Unexpected IOException: 8,1,com.poferries.freight.AutomationFramework.web.runner.RunCukes,runScenario(com.poferries.freight.AutomationFramework.web.runner.RunCukes),null,no such window: target window already closed\000Afrom unknown error: web view not found\000A  (Session info: chrome=79.0.3945.79)\000ABuild info: version: '3.141.59'\002C revision: 'e82be7d358'\002C time: '2018-11-14T08:17:03'\000ASystem info: host: 'DESKTOP-KISPH7H'\002C ip: '192.168.0.7'\002C os.name: 'Windows 10'\002C os.arch: 'amd64'\002C os.version: '10.0'\002C java.version: '1.8.0_241'\000ADriver info: org.openqa.selenium.chrome.ChromeDriver\000ACapabilities {acceptInsecureCerts: false\002C browserName: chrome\002C browserVersion: 79.0.3945.79\002C chrome: {chromedriverVersion: 79.0.3945.36 (3582db32b3389...\002C userDataDir: C:\005CUsers\005CAKHIL\005CAppData\005CLoca...}\002C goog:chromeOptions: {debuggerAddress: localhost:59248}\002C javascriptEnabled: true\002C networkConnectionEnabled: false\002C pageLoadStrategy: normal\002C platform: WINDOWS\002C platformName: WINDOWS\002C proxy: Proxy()\002C setWindowRect: true\002C strictFileInteractability: false\002C timeouts: {implicit: 0\002C pageLoad: 300000\002C script: 30000}\002C unhandledPromptBehavior: dismiss and notify}\000ASession ID: 78656c30fd927ae086c438abd1a7d99c,null,no such window: target window already closed\000Afrom unknown error: web view not found\000A  (Session info: chrome=79.0.3945.79)\000ABuild info: version: '3.141.59'\002C revision: 'e82be7d358'\002C time: '2018-11-14T08:17:03'\000ASystem info: host: 'DESKTOP-KISPH7H'\002C ip: '192.168.0.7'\002C os.name: 'Windows 10'\002C os.arch: 'amd64'\002C os.version: '10.0'\002C java.version: '1.8.0_241'\000ADriver info: org.openqa.selenium.chrome.ChromeDriver\000ACapabilities {acceptInsecureCerts: false\002C browserName: chrome\002C browserVersion: 79.0.3945.79\002C chrome: {chromedriverVersion: 79.0.3945.36 (3582db32b3389...\002C userDataDir: C:\005CUsers\005CAKHIL\005CAppData\005CLoca...}\002C goog:chromeOptions: {debuggerAddress: localhost:59248}\002C javascriptEnabled: true\002C networkConnectionEnabled: false\002C pageLoadStrategy: normal\002C platform: WINDOWS\002C platformName: WINDOWS\002C proxy: Proxy()\002C setWindowRect: true\002C strictFileInteractability: false\002C timeouts: {implicit: 0\002C pageLoad: 300000\002C script: 30000}\002C unhandledPromptBehavior: dismiss and notify}\000ASession ID: 78656c30fd927ae086c438abd1a7d99c,RunCukes.runScenario \00BB NoSuchWindow no such window: target window already clos...,org.openqa.selenium.NoSuchWindowException: \000Ano such window: target window already closed\000Afrom unknown error: web view not found\000A  (Session info: chrome=79.0.3945.79)\000ABuild info: version: '3.141.59'\002C revision: 'e82be7d358'\002C time: '2018-11-14T08:17:03'\000ASystem info: host: 'DESKTOP-KISPH7H'\002C ip: '192.168.0.7'\002C os.name: 'Windows 10'\002C os.arch: 'amd64'\002C os.version: '10.0'\002C java.version: '1.8.0_241'\000ADriver info: org.openqa.selenium.chrome.ChromeDriver\000ACapabilities {acceptInsecureCerts: false\002C browserName: chrome\002C browserVersion: 79.0.3945.79\002C chrome: {chromedriverVersion: 79.0.3945.36 (3582db32b3389...\002C userDataDir: C:\005CUsers\005CAKHIL\005CAppData\005CLoca...}\002C goog:chromeOptions: {debuggerAddress: localhost:59248}\002C javascriptEnabled: true\002C networkConnectionEnabled: false\002C pageLoadStrategy: normal\002C platform: WINDOWS\002C platformName: WINDOWS\002C proxy: Proxy()\002C setWindowRect: true\002C strictFileInteractability: false\002C timeouts: {implicit: 0\002C pageLoad: 300000\002C script: 30000}\002C unhandledPromptBehavior: dismiss and notify}\000ASession ID: 78656c30fd927ae086c438abd1a7d99c\000A


# Created at 2020-05-19T21:51:47.698
Unexpected IOException: 5,1,com.poferries.freight.AutomationFramework.web.runner.RunCukes,runScenario(com.poferries.freight.AutomationFramework.web.runner.RunCukes),cucumber,null,null


# Created at 2020-05-19T21:51:47.720
Unexpected IOException with stream: true

# Created at 2020-05-19T21:51:47.721
Unexpected IOException with stream: 


# Created at 2020-05-19T21:51:47.729
Unexpected IOException: 8,1,com.poferries.freight.AutomationFramework.web.runner.RunCukes,runScenario(com.poferries.freight.AutomationFramework.web.runner.RunCukes),null,no such window: target window already closed\000Afrom unknown error: web view not found\000A  (Session info: chrome=79.0.3945.79)\000ABuild info: version: '3.141.59'\002C revision: 'e82be7d358'\002C time: '2018-11-14T08:17:03'\000ASystem info: host: 'DESKTOP-KISPH7H'\002C ip: '192.168.0.7'\002C os.name: 'Windows 10'\002C os.arch: 'amd64'\002C os.version: '10.0'\002C java.version: '1.8.0_241'\000ADriver info: org.openqa.selenium.chrome.ChromeDriver\000ACapabilities {acceptInsecureCerts: false\002C browserName: chrome\002C browserVersion: 79.0.3945.79\002C chrome: {chromedriverVersion: 79.0.3945.36 (3582db32b3389...\002C userDataDir: C:\005CUsers\005CAKHIL\005CAppData\005CLoca...}\002C goog:chromeOptions: {debuggerAddress: localhost:59248}\002C javascriptEnabled: true\002C networkConnectionEnabled: false\002C pageLoadStrategy: normal\002C platform: WINDOWS\002C platformName: WINDOWS\002C proxy: Proxy()\002C setWindowRect: true\002C strictFileInteractability: false\002C timeouts: {implicit: 0\002C pageLoad: 300000\002C script: 30000}\002C unhandledPromptBehavior: dismiss and notify}\000ASession ID: 78656c30fd927ae086c438abd1a7d99c,null,no such window: target window already closed\000Afrom unknown error: web view not found\000A  (Session info: chrome=79.0.3945.79)\000ABuild info: version: '3.141.59'\002C revision: 'e82be7d358'\002C time: '2018-11-14T08:17:03'\000ASystem info: host: 'DESKTOP-KISPH7H'\002C ip: '192.168.0.7'\002C os.name: 'Windows 10'\002C os.arch: 'amd64'\002C os.version: '10.0'\002C java.version: '1.8.0_241'\000ADriver info: org.openqa.selenium.chrome.ChromeDriver\000ACapabilities {acceptInsecureCerts: false\002C browserName: chrome\002C browserVersion: 79.0.3945.79\002C chrome: {chromedriverVersion: 79.0.3945.36 (3582db32b3389...\002C userDataDir: C:\005CUsers\005CAKHIL\005CAppData\005CLoca...}\002C goog:chromeOptions: {debuggerAddress: localhost:59248}\002C javascriptEnabled: true\002C networkConnectionEnabled: false\002C pageLoadStrategy: normal\002C platform: WINDOWS\002C platformName: WINDOWS\002C proxy: Proxy()\002C setWindowRect: true\002C strictFileInteractability: false\002C timeouts: {implicit: 0\002C pageLoad: 300000\002C script: 30000}\002C unhandledPromptBehavior: dismiss and notify}\000ASession ID: 78656c30fd927ae086c438abd1a7d99c,RunCukes.runScenario \00BB NoSuchWindow no such window: target window already clos...,org.openqa.selenium.NoSuchWindowException: \000Ano such window: target window already closed\000Afrom unknown error: web view not found\000A  (Session info: chrome=79.0.3945.79)\000ABuild info: version: '3.141.59'\002C revision: 'e82be7d358'\002C time: '2018-11-14T08:17:03'\000ASystem info: host: 'DESKTOP-KISPH7H'\002C ip: '192.168.0.7'\002C os.name: 'Windows 10'\002C os.arch: 'amd64'\002C os.version: '10.0'\002C java.version: '1.8.0_241'\000ADriver info: org.openqa.selenium.chrome.ChromeDriver\000ACapabilities {acceptInsecureCerts: false\002C browserName: chrome\002C browserVersion: 79.0.3945.79\002C chrome: {chromedriverVersion: 79.0.3945.36 (3582db32b3389...\002C userDataDir: C:\005CUsers\005CAKHIL\005CAppData\005CLoca...}\002C goog:chromeOptions: {debuggerAddress: localhost:59248}\002C javascriptEnabled: true\002C networkConnectionEnabled: false\002C pageLoadStrategy: normal\002C platform: WINDOWS\002C platformName: WINDOWS\002C proxy: Proxy()\002C setWindowRect: true\002C strictFileInteractability: false\002C timeouts: {implicit: 0\002C pageLoad: 300000\002C script: 30000}\002C unhandledPromptBehavior: dismiss and notify}\000ASession ID: 78656c30fd927ae086c438abd1a7d99c\000A


# Created at 2020-05-19T21:51:47.730
Unexpected IOException: 5,1,com.poferries.freight.AutomationFramework.web.runner.RunCukes,runScenario(com.poferries.freight.AutomationFramework.web.runner.RunCukes),cucumber,null,null


# Created at 2020-05-19T21:51:47.759
Unexpected IOException with stream: true

# Created at 2020-05-19T21:51:47.760
Unexpected IOException with stream: 


# Created at 2020-05-19T21:51:47.767
Unexpected IOException: 8,1,com.poferries.freight.AutomationFramework.web.runner.RunCukes,runScenario(com.poferries.freight.AutomationFramework.web.runner.RunCukes),null,no such window: target window already closed\000Afrom unknown error: web view not found\000A  (Session info: chrome=79.0.3945.79)\000ABuild info: version: '3.141.59'\002C revision: 'e82be7d358'\002C time: '2018-11-14T08:17:03'\000ASystem info: host: 'DESKTOP-KISPH7H'\002C ip: '192.168.0.7'\002C os.name: 'Windows 10'\002C os.arch: 'amd64'\002C os.version: '10.0'\002C java.version: '1.8.0_241'\000ADriver info: org.openqa.selenium.chrome.ChromeDriver\000ACapabilities {acceptInsecureCerts: false\002C browserName: chrome\002C browserVersion: 79.0.3945.79\002C chrome: {chromedriverVersion: 79.0.3945.36 (3582db32b3389...\002C userDataDir: C:\005CUsers\005CAKHIL\005CAppData\005CLoca...}\002C goog:chromeOptions: {debuggerAddress: localhost:59248}\002C javascriptEnabled: true\002C networkConnectionEnabled: false\002C pageLoadStrategy: normal\002C platform: WINDOWS\002C platformName: WINDOWS\002C proxy: Proxy()\002C setWindowRect: true\002C strictFileInteractability: false\002C timeouts: {implicit: 0\002C pageLoad: 300000\002C script: 30000}\002C unhandledPromptBehavior: dismiss and notify}\000ASession ID: 78656c30fd927ae086c438abd1a7d99c,null,no such window: target window already closed\000Afrom unknown error: web view not found\000A  (Session info: chrome=79.0.3945.79)\000ABuild info: version: '3.141.59'\002C revision: 'e82be7d358'\002C time: '2018-11-14T08:17:03'\000ASystem info: host: 'DESKTOP-KISPH7H'\002C ip: '192.168.0.7'\002C os.name: 'Windows 10'\002C os.arch: 'amd64'\002C os.version: '10.0'\002C java.version: '1.8.0_241'\000ADriver info: org.openqa.selenium.chrome.ChromeDriver\000ACapabilities {acceptInsecureCerts: false\002C browserName: chrome\002C browserVersion: 79.0.3945.79\002C chrome: {chromedriverVersion: 79.0.3945.36 (3582db32b3389...\002C userDataDir: C:\005CUsers\005CAKHIL\005CAppData\005CLoca...}\002C goog:chromeOptions: {debuggerAddress: localhost:59248}\002C javascriptEnabled: true\002C networkConnectionEnabled: false\002C pageLoadStrategy: normal\002C platform: WINDOWS\002C platformName: WINDOWS\002C proxy: Proxy()\002C setWindowRect: true\002C strictFileInteractability: false\002C timeouts: {implicit: 0\002C pageLoad: 300000\002C script: 30000}\002C unhandledPromptBehavior: dismiss and notify}\000ASession ID: 78656c30fd927ae086c438abd1a7d99c,RunCukes.runScenario \00BB NoSuchWindow no such window: target window already clos...,org.openqa.selenium.NoSuchWindowException: \000Ano such window: target window already closed\000Afrom unknown error: web view not found\000A  (Session info: chrome=79.0.3945.79)\000ABuild info: version: '3.141.59'\002C revision: 'e82be7d358'\002C time: '2018-11-14T08:17:03'\000ASystem info: host: 'DESKTOP-KISPH7H'\002C ip: '192.168.0.7'\002C os.name: 'Windows 10'\002C os.arch: 'amd64'\002C os.version: '10.0'\002C java.version: '1.8.0_241'\000ADriver info: org.openqa.selenium.chrome.ChromeDriver\000ACapabilities {acceptInsecureCerts: false\002C browserName: chrome\002C browserVersion: 79.0.3945.79\002C chrome: {chromedriverVersion: 79.0.3945.36 (3582db32b3389...\002C userDataDir: C:\005CUsers\005CAKHIL\005CAppData\005CLoca...}\002C goog:chromeOptions: {debuggerAddress: localhost:59248}\002C javascriptEnabled: true\002C networkConnectionEnabled: false\002C pageLoadStrategy: normal\002C platform: WINDOWS\002C platformName: WINDOWS\002C proxy: Proxy()\002C setWindowRect: true\002C strictFileInteractability: false\002C timeouts: {implicit: 0\002C pageLoad: 300000\002C script: 30000}\002C unhandledPromptBehavior: dismiss and notify}\000ASession ID: 78656c30fd927ae086c438abd1a7d99c\000A


# Created at 2020-05-19T21:51:47.768
Unexpected IOException: 5,1,com.poferries.freight.AutomationFramework.web.runner.RunCukes,runScenario(com.poferries.freight.AutomationFramework.web.runner.RunCukes),cucumber,null,null


# Created at 2020-05-19T21:51:47.801
Unexpected IOException with stream: true

# Created at 2020-05-19T21:51:47.802
Unexpected IOException with stream: 


# Created at 2020-05-19T21:51:47.814
Unexpected IOException: 8,1,com.poferries.freight.AutomationFramework.web.runner.RunCukes,runScenario(com.poferries.freight.AutomationFramework.web.runner.RunCukes),null,no such window: target window already closed\000Afrom unknown error: web view not found\000A  (Session info: chrome=79.0.3945.79)\000ABuild info: version: '3.141.59'\002C revision: 'e82be7d358'\002C time: '2018-11-14T08:17:03'\000ASystem info: host: 'DESKTOP-KISPH7H'\002C ip: '192.168.0.7'\002C os.name: 'Windows 10'\002C os.arch: 'amd64'\002C os.version: '10.0'\002C java.version: '1.8.0_241'\000ADriver info: org.openqa.selenium.chrome.ChromeDriver\000ACapabilities {acceptInsecureCerts: false\002C browserName: chrome\002C browserVersion: 79.0.3945.79\002C chrome: {chromedriverVersion: 79.0.3945.36 (3582db32b3389...\002C userDataDir: C:\005CUsers\005CAKHIL\005CAppData\005CLoca...}\002C goog:chromeOptions: {debuggerAddress: localhost:59248}\002C javascriptEnabled: true\002C networkConnectionEnabled: false\002C pageLoadStrategy: normal\002C platform: WINDOWS\002C platformName: WINDOWS\002C proxy: Proxy()\002C setWindowRect: true\002C strictFileInteractability: false\002C timeouts: {implicit: 0\002C pageLoad: 300000\002C script: 30000}\002C unhandledPromptBehavior: dismiss and notify}\000ASession ID: 78656c30fd927ae086c438abd1a7d99c,null,no such window: target window already closed\000Afrom unknown error: web view not found\000A  (Session info: chrome=79.0.3945.79)\000ABuild info: version: '3.141.59'\002C revision: 'e82be7d358'\002C time: '2018-11-14T08:17:03'\000ASystem info: host: 'DESKTOP-KISPH7H'\002C ip: '192.168.0.7'\002C os.name: 'Windows 10'\002C os.arch: 'amd64'\002C os.version: '10.0'\002C java.version: '1.8.0_241'\000ADriver info: org.openqa.selenium.chrome.ChromeDriver\000ACapabilities {acceptInsecureCerts: false\002C browserName: chrome\002C browserVersion: 79.0.3945.79\002C chrome: {chromedriverVersion: 79.0.3945.36 (3582db32b3389...\002C userDataDir: C:\005CUsers\005CAKHIL\005CAppData\005CLoca...}\002C goog:chromeOptions: {debuggerAddress: localhost:59248}\002C javascriptEnabled: true\002C networkConnectionEnabled: false\002C pageLoadStrategy: normal\002C platform: WINDOWS\002C platformName: WINDOWS\002C proxy: Proxy()\002C setWindowRect: true\002C strictFileInteractability: false\002C timeouts: {implicit: 0\002C pageLoad: 300000\002C script: 30000}\002C unhandledPromptBehavior: dismiss and notify}\000ASession ID: 78656c30fd927ae086c438abd1a7d99c,RunCukes.runScenario \00BB NoSuchWindow no such window: target window already clos...,org.openqa.selenium.NoSuchWindowException: \000Ano such window: target window already closed\000Afrom unknown error: web view not found\000A  (Session info: chrome=79.0.3945.79)\000ABuild info: version: '3.141.59'\002C revision: 'e82be7d358'\002C time: '2018-11-14T08:17:03'\000ASystem info: host: 'DESKTOP-KISPH7H'\002C ip: '192.168.0.7'\002C os.name: 'Windows 10'\002C os.arch: 'amd64'\002C os.version: '10.0'\002C java.version: '1.8.0_241'\000ADriver info: org.openqa.selenium.chrome.ChromeDriver\000ACapabilities {acceptInsecureCerts: false\002C browserName: chrome\002C browserVersion: 79.0.3945.79\002C chrome: {chromedriverVersion: 79.0.3945.36 (3582db32b3389...\002C userDataDir: C:\005CUsers\005CAKHIL\005CAppData\005CLoca...}\002C goog:chromeOptions: {debuggerAddress: localhost:59248}\002C javascriptEnabled: true\002C networkConnectionEnabled: false\002C pageLoadStrategy: normal\002C platform: WINDOWS\002C platformName: WINDOWS\002C proxy: Proxy()\002C setWindowRect: true\002C strictFileInteractability: false\002C timeouts: {implicit: 0\002C pageLoad: 300000\002C script: 30000}\002C unhandledPromptBehavior: dismiss and notify}\000ASession ID: 78656c30fd927ae086c438abd1a7d99c\000A


# Created at 2020-05-19T21:51:47.843
Unexpected IOException with stream: @Regression


# Created at 2020-05-19T21:51:47.846
Unexpected IOException with stream: Feature: Validate the Booking process for a prelodgement


# Created at 2020-05-19T21:51:47.847
Unexpected IOException with stream: 


# Created at 2020-05-19T21:51:47.848
Unexpected IOException with stream:   Scenario Outline: Make a booking for a prelodgement [90m# src/test/resources/features/web/MakeABookingMultipleLanguages.feature:22[0m


# Created at 2020-05-19T21:51:47.849
Unexpected IOException with stream:     [36mAnd I set the "<language>" and "<lengthUnit>" units[0m


# Created at 2020-05-19T21:51:47.851
Unexpected IOException with stream:     [36mAnd I click the Book Link[0m


# Created at 2020-05-19T21:51:47.852
Unexpected IOException with stream:     [36mAnd I verify navigation to the Book Now Page[0m


# Created at 2020-05-19T21:51:47.853
Unexpected IOException with stream:     [36mWhen I select the "<route>" and "<passengers>"[0m


# Created at 2020-05-19T21:51:47.869
Unexpected IOException with stream:     [36mAnd I select the journey type as "<journeyType>"[0m


# Created at 2020-05-19T21:51:47.870
Unexpected IOException with stream:     [36mAnd I select the currency "<currencyUnit>" and the country of origin "<originCountry>"[0m


# Created at 2020-05-19T21:51:47.872
Unexpected IOException with stream:     [36mAnd I make selections for "<dangerousGoods>" and "<pets>"[0m


# Created at 2020-05-19T21:51:47.873
Unexpected IOException with stream:     [36mAnd I click continue on the Select Route Form[0m


# Created at 2020-05-19T21:51:47.875
Unexpected IOException with stream:     [36mAnd I verify navigation to the Vehicle Reg Form[0m


# Created at 2020-05-19T21:51:47.876
Unexpected IOException with stream:     [36mAnd I enter the Vehicle Reg "<registrationNo>" and "<length>"[0m


# Created at 2020-05-19T21:51:47.877
Unexpected IOException with stream:     [36mAnd I slect the vehicle "<height>"[0m


# Created at 2020-05-19T21:51:47.879
Unexpected IOException with stream:     [36mAnd I make selections for vehicle "<width>" and "<weight>"[0m


# Created at 2020-05-19T21:51:47.880
Unexpected IOException with stream:     [36mAnd I click continue on the Vehicle Registration Form[0m


# Created at 2020-05-19T21:51:47.881
Unexpected IOException with stream:     [36mAnd I verify navigation to the Review Booking Details Form[0m


# Created at 2020-05-19T21:51:47.882
Unexpected IOException with stream:     [36mAnd I verify the "<departure>" and "<arrival>" ports[0m


# Created at 2020-05-19T21:51:47.883
Unexpected IOException with stream:     [36mAnd I verify the vehicle "<registrationNo>","<length>","<height>","<width>" and "<weight>"[0m


# Created at 2020-05-19T21:51:47.885
Unexpected IOException with stream:     [36mAnd I verify the number of "<passengers>"[0m


# Created at 2020-05-19T21:51:47.886
Unexpected IOException with stream:     [36mAnd I verify the "<netPrice>","<vatAmount>" and "<totalPrice>"[0m


# Created at 2020-05-19T21:51:47.889
Unexpected IOException with stream:     [36mAnd I click the "<termsConditions>" checkbox[0m


# Created at 2020-05-19T21:51:47.892
Unexpected IOException with stream:     [36mAnd I make a selection for "<billingAddress>"[0m


# Created at 2020-05-19T21:51:47.893
Unexpected IOException with stream:     [36mAnd I click the Proceed To Payment button[0m


# Created at 2020-05-19T21:51:47.895
Unexpected IOException with stream:     [36mAnd I verify navigation to the Payment Page[0m


# Created at 2020-05-19T21:51:47.897
Unexpected IOException with stream:     [36mAnd I verify the "<billingName>" and "<paymentPrice>"[0m


# Created at 2020-05-19T21:51:47.898
Unexpected IOException with stream:     [36mAnd I verify the "<addressLine1>","<addressLine2>","<addressTown>","<country>" and "<postcode>"[0m


# Created at 2020-05-19T21:51:47.899
Unexpected IOException with stream:     [36mAnd I enter the "<cardNumber>","<cardExpiryDate>" and the "<securityCode>"[0m


# Created at 2020-05-19T21:51:47.900
Unexpected IOException with stream:     [36mAnd I click the PayNow button[0m


# Created at 2020-05-19T21:51:47.901
Unexpected IOException with stream:     [36mAnd I close the payment success survey popup if required[0m


# Created at 2020-05-19T21:51:47.902
Unexpected IOException with stream:     [36mThen I verify navigation to the Booking Confirmation Page[0m


# Created at 2020-05-19T21:51:47.903
Unexpected IOException with stream:     [36mAnd I verify confirmed "<route>"[0m


# Created at 2020-05-19T21:51:47.905
Unexpected IOException with stream:     [36mAnd I verify the confirmed vehicle "<registrationNo>","<length>","<height>","<width>" and "<weight>"[0m


# Created at 2020-05-19T21:51:47.906
Unexpected IOException with stream:     [36mAnd I verify the confirmed number of "<passengers>"[0m


# Created at 2020-05-19T21:51:47.907
Unexpected IOException with stream:     [36mAnd I verify the confirmed Payment Amounts "<netPrice>","<vatAmount>" and "<totalPrice>"[0m


# Created at 2020-05-19T21:51:47.908
Unexpected IOException with stream:     [36mAnd I verify the confirmed Payment Details "<paymentDate>","<paymentType>" and "<paymentStatus>"[0m


# Created at 2020-05-19T21:51:47.909
Unexpected IOException with stream:     [36mAnd I capture the waybillNumber[0m


# Created at 2020-05-19T21:51:47.911
Unexpected IOException with stream:     [36mAnd I click the LogOut Link[0m


# Created at 2020-05-19T21:51:47.912
Unexpected IOException with stream: 


# Created at 2020-05-19T21:51:47.914
Unexpected IOException with stream:     Examples: 


# Created at 2020-05-19T21:51:47.915
Unexpected IOException with stream: 


# Created at 2020-05-19T21:51:47.917
Unexpected IOException with stream:   Background:                                          [90m# src/test/resources/features/web/MakeABookingMultipleLanguages.feature:13[0m


# Created at 2020-05-19T21:51:47.947
Unexpected IOException with stream:     [32mGiven [0m[32mI navigate to the PO Ferries Freight Website[0m [90m# MakeABookingSteps.i_navigate_to_the_PO_Ferries_Freight_Website()[0m


# Created at 2020-05-19T21:51:47.949
Unexpected IOException with stream:     [32mAnd [0m[32mI click the Book Now Link[0m                      [90m# LoginSteps.i_click_the_Book_Now_Link()[0m


# Created at 2020-05-19T21:51:47.952
Unexpected IOException with stream:     [32mAnd [0m[32mI verfy navigation to the Account holders Page[0m [90m# MakeABookingSteps.i_verfy_navigation_to_the_Account_holders_Page()[0m


# Created at 2020-05-19T21:51:47.953
Unexpected IOException with stream:     [32mAnd [0m[32mI click the PayAndGo SignIn Link[0m               [90m# MakeABookingSteps.i_click_the_PayAndGo_SignIn_Link()[0m


# Created at 2020-05-19T21:51:47.956
Unexpected IOException with stream:     [32mAnd [0m[32mI verify navigation to the Login page[0m          [90m# LoginSteps.i_verify_navigation_to_the_Login_page()[0m


# Created at 2020-05-19T21:51:47.960
Unexpected IOException with stream:     [32mAnd [0m[32mI successfully login[0m                           [90m# MakeABookingSteps.i_successfully_login()[0m


# Created at 2020-05-19T21:51:47.961
Unexpected IOException with stream: 


# Created at 2020-05-19T21:51:47.962
Unexpected IOException with stream:   @Regression


# Created at 2020-05-19T21:51:47.963
Unexpected IOException with stream:   Scenario Outline: Make a booking for a prelodgement                                        [90m# src/test/resources/features/web/MakeABookingMultipleLanguages.feature:62[0m


# Created at 2020-05-19T21:51:47.967
Unexpected IOException with stream:     [31mAnd [0m[31mI set the "[0m[31m[1mde[0m[31m" and "[0m[31m[1mMetre[0m[31m" units[0m                                                     [90m# MakeABookingSteps.i_set_the_and_units(String,String)[0m


# Created at 2020-05-19T21:51:47.969
Unexpected IOException with stream:       [31morg.openqa.selenium.StaleElementReferenceException: stale element reference: element is not attached to the page document
  (Session info: chrome=79.0.3945.79)
For documentation on this error, please visit: https://www.seleniumhq.org/exceptions/stale_element_reference.html
Build info: version: '3.141.59', revision: 'e82be7d358', time: '2018-11-14T08:17:03'
System info: host: 'DESKTOP-KISPH7H', ip: '192.168.0.7', os.name: 'Windows 10', os.arch: 'amd64', os.version: '10.0', java.version: '1.8.0_241'
Driver info: org.openqa.selenium.chrome.ChromeDriver
Capabilities {acceptInsecureCerts: false, browserName: chrome, browserVersion: 79.0.3945.79, chrome: {chromedriverVersion: 79.0.3945.36 (3582db32b3389..., userDataDir: C:\Users\AKHIL\AppData\Loca...}, goog:chromeOptions: {debuggerAddress: localhost:59218}, javascriptEnabled: true, networkConnectionEnabled: false, pageLoadStrategy: normal, platform: WINDOWS, platformName: WINDOWS, proxy: Proxy(), setWindowRect: true, strictFileInteractability: false, timeouts: {implicit: 0, pageLoad: 300000, script: 30000}, unhandledPromptBehavior: dismiss and notify}
Session ID: 354a46faa98d5ebf8e37047781c9e2db
	at sun.reflect.NativeConstructorAccessorImpl.newInstance0(Native Method)
	at sun.reflect.NativeConstructorAccessorImpl.newInstance(NativeConstructorAccessorImpl.java:62)
	at sun.reflect.DelegatingConstructorAccessorImpl.newInstance(DelegatingConstructorAccessorImpl.java:45)
	at java.lang.reflect.Constructor.newInstance(Constructor.java:423)
	at org.openqa.selenium.remote.http.W3CHttpResponseCodec.createException(W3CHttpResponseCodec.java:187)
	at org.openqa.selenium.remote.http.W3CHttpResponseCodec.decode(W3CHttpResponseCodec.java:122)
	at org.openqa.selenium.remote.http.W3CHttpResponseCodec.decode(W3CHttpResponseCodec.java:49)
	at org.openqa.selenium.remote.HttpCommandExecutor.execute(HttpCommandExecutor.java:158)
	at org.openqa.selenium.remote.service.DriverCommandExecutor.execute(DriverCommandExecutor.java:83)
	at org.openqa.selenium.remote.RemoteWebDriver.execute(RemoteWebDriver.java:552)
	at org.openqa.selenium.remote.RemoteWebElement.execute(RemoteWebElement.java:285)
	at org.openqa.selenium.remote.RemoteWebElement.getAttribute(RemoteWebElement.java:134)
	at sun.reflect.NativeMethodAccessorImpl.invoke0(Native Method)
	at sun.reflect.NativeMethodAccessorImpl.invoke(NativeMethodAccessorImpl.java:62)
	at sun.reflect.DelegatingMethodAccessorImpl.invoke(DelegatingMethodAccessorImpl.java:43)
	at java.lang.reflect.Method.invoke(Method.java:498)
	at org.openqa.selenium.support.pagefactory.internal.LocatingElementHandler.invoke(LocatingElementHandler.java:51)
	at com.sun.proxy.$Proxy17.getAttribute(Unknown Source)
	at org.openqa.selenium.support.ui.ExpectedConditions$37.apply(ExpectedConditions.java:1052)
	at org.openqa.selenium.support.ui.ExpectedConditions$37.apply(ExpectedConditions.java:1047)
	at org.openqa.selenium.support.ui.FluentWait.until(FluentWait.java:249)
	at com.poferries.freight.AutomationFramework.web.actions.HomePageActions.waitForProgressbarToappear(HomePageActions.java:57)
	at com.poferries.freight.AutomationFramework.web.actions.HomePageActions.makeLengthAndLanguageSelections(HomePageActions.java:165)
	at com.poferries.freight.AutomationFramework.web.stepDefinitions.MakeABookingSteps.i_set_the_and_units(MakeABookingSteps.java:85)
	at ?.I set the "de" and "Metre" units(file:src/test/resources/features/web/MakeABookingMultipleLanguages.feature:24)
[0m


# Created at 2020-05-19T21:51:47.973
Unexpected IOException with stream:     [36mAnd [0m[36mI click the Book Link[0m                                                                [90m# MakeABookingSteps.i_click_the_Book_Link()[0m


# Created at 2020-05-19T21:51:47.975
Unexpected IOException with stream:     [36mAnd [0m[36mI verify navigation to the Book Now Page[0m                                             [90m# MakeABookingSteps.i_verify_navigation_to_the_Book_Now_Page()[0m


# Created at 2020-05-19T21:51:47.976
Unexpected IOException with stream:     [36mWhen [0m[36mI select the "[0m[36m[1mDover to Calais[0m[36m" and "[0m[36m[1m2[0m[36m"[0m                                              [90m# MakeABookingSteps.i_select_the_and(String,String)[0m


# Created at 2020-05-19T21:51:47.978
Unexpected IOException with stream:     [36mAnd [0m[36mI select the journey type as "[0m[36m[1mOneWay[0m[36m"[0m                                                [90m# MakeABookingSteps.i_select_the_journey_type_as(String)[0m


# Created at 2020-05-19T21:51:47.979
Unexpected IOException with stream:     [36mAnd [0m[36mI select the currency "[0m[36m[1mGBP[0m[36m" and the country of origin "[0m[36m[1mUnited Kingdom[0m[36m"[0m               [90m# MakeABookingSteps.i_select_the_currency_and_the_country_of_origin(String,String)[0m


# Created at 2020-05-19T21:51:47.981
Unexpected IOException with stream:     [36mAnd [0m[36mI make selections for "[0m[36m[1mNO[0m[36m" and "[0m[36m[1mNO[0m[36m"[0m                                                  [90m# MakeABookingSteps.i_make_selections_for_and(String,String)[0m


# Created at 2020-05-19T21:51:47.983
Unexpected IOException with stream:     [36mAnd [0m[36mI click continue on the Select Route Form[0m                                            [90m# MakeABookingSteps.i_click_continue_on_the_Select_Route_Form()[0m


# Created at 2020-05-19T21:51:47.984
Unexpected IOException with stream:     [36mAnd [0m[36mI verify navigation to the Vehicle Reg Form[0m                                          [90m# MakeABookingSteps.i_verify_navigation_to_the_Vehicle_Reg_Form()[0m


# Created at 2020-05-19T21:51:47.986
Unexpected IOException with stream:     [36mAnd [0m[36mI enter the Vehicle Reg "[0m[36m[1mAKHGERMAN[0m[36m" and "[0m[36m[1m7[0m[36m"[0m                                          [90m# MakeABookingSteps.i_enter_the_Vehicle_Reg_and(String,String)[0m


# Created at 2020-05-19T21:51:47.988
Unexpected IOException with stream:     [36mAnd [0m[36mI slect the vehicle "[0m[36m[1mLess than 2.5 metre[0m[36m"[0m                                            [90m# MakeABookingSteps.i_slect_the_vehicle(String)[0m


# Created at 2020-05-19T21:51:47.990
Unexpected IOException with stream:     [36mAnd [0m[36mI make selections for vehicle "[0m[36m[1mYES[0m[36m" and "[0m[36m[1mYES[0m[36m"[0m                                        [90m# MakeABookingSteps.i_make_selections_for_vehicle_and(String,String)[0m


# Created at 2020-05-19T21:51:47.992
Unexpected IOException with stream:     [36mAnd [0m[36mI click continue on the Vehicle Registration Form[0m                                    [90m# MakeABookingSteps.i_click_continue_on_the_Vehicle_Registration_Form()[0m


# Created at 2020-05-19T21:51:47.993
Unexpected IOException with stream:     [36mAnd [0m[36mI verify navigation to the Review Booking Details Form[0m                               [90m# MakeABookingSteps.i_verify_navigation_to_the_Review_Booking_Details_Form()[0m


# Created at 2020-05-19T21:51:47.995
Unexpected IOException with stream:     [36mAnd [0m[36mI verify the "[0m[36m[1mDover[0m[36m" and "[0m[36m[1mCalais[0m[36m" ports[0m                                              [90m# MakeABookingSteps.i_verify_the_and_ports(String,String)[0m


# Created at 2020-05-19T21:51:47.996
Unexpected IOException with stream:     [36mAnd [0m[36mI verify the vehicle "[0m[36m[1mAKHGERMAN[0m[36m","[0m[36m[1m7[0m[36m","[0m[36m[1mLess than 2.5 metre[0m[36m","[0m[36m[1mYES[0m[36m" and "[0m[36m[1mYES[0m[36m"[0m           [90m# MakeABookingSteps.i_verify_the_vehicle_and(String,String,String,String,String)[0m


# Created at 2020-05-19T21:51:47.998
Unexpected IOException with stream:     [36mAnd [0m[36mI verify the number of "[0m[36m[1m2[0m[36m"[0m                                                           [90m# MakeABookingSteps.i_verify_the_number_of(String)[0m


# Created at 2020-05-19T21:51:47.999
Unexpected IOException with stream:     [36mAnd [0m[36mI verify the "[0m[36m[1mÂ£ 89.76[0m[36m","[0m[36m[1mÂ£ 17.95[0m[36m" and "[0m[36m[1mÂ£ 107.71[0m[36m"[0m                                      [90m# MakeABookingSteps.i_verify_the_and(String,String,String)[0m


# Created at 2020-05-19T21:51:48.002
Unexpected IOException with stream:     [36mAnd [0m[36mI click the "[0m[36m[1mYES[0m[36m" checkbox[0m                                                           [90m# MakeABookingSteps.i_click_the_checkbox(String)[0m


# Created at 2020-05-19T21:51:48.003
Unexpected IOException with stream:     [36mAnd [0m[36mI make a selection for "[0m[36m[1mYES[0m[36m"[0m                                                         [90m# MakeABookingSteps.i_make_a_selection_for(String)[0m


# Created at 2020-05-19T21:51:48.005
Unexpected IOException with stream:     [36mAnd [0m[36mI click the Proceed To Payment button[0m                                                [90m# MakeABookingSteps.i_click_the_Proceed_To_Payment_button()[0m


# Created at 2020-05-19T21:51:48.009
Unexpected IOException with stream:     [36mAnd [0m[36mI verify navigation to the Payment Page[0m                                              [90m# MakeABookingSteps.i_verify_navigation_to_the_Payment_Page()[0m


# Created at 2020-05-19T21:51:48.011
Unexpected IOException with stream:     [36mAnd [0m[36mI verify the "[0m[36m[1mAkhil Pinnamaraju[0m[36m" and "[0m[36m[1mÂ£107.71[0m[36m"[0m                                       [90m# MakeABookingSteps.i_verify_the_and(String,String)[0m


# Created at 2020-05-19T21:51:48.012
Unexpected IOException with stream:     [36mAnd [0m[36mI verify the "[0m[36m[1m10 Nelson Close[0m[36m","[0m[36m[1mCrownhill[0m[36m","[0m[36m[1mMilton Keynes[0m[36m","[0m[36m[1mGB[0m[36m" and "[0m[36m[1mMK8 0DL[0m[36m"[0m        [90m# MakeABookingSteps.i_verify_the_and(String,String,String,String,String)[0m


# Created at 2020-05-19T21:51:48.014
Unexpected IOException with stream:     [36mAnd [0m[36mI enter the "[0m[36m[1m4111 1111 1111 1111[0m[36m","[0m[36m[1m08/20[0m[36m" and the "[0m[36m[1m345[0m[36m"[0m                              [90m# MakeABookingSteps.i_enter_the_and_the(String,String,String)[0m


# Created at 2020-05-19T21:51:48.016
Unexpected IOException with stream:     [36mAnd [0m[36mI click the PayNow button[0m                                                            [90m# MakeABookingSteps.i_click_the_PayNow_button()[0m


# Created at 2020-05-19T21:51:48.019
Unexpected IOException with stream:     [36mAnd [0m[36mI close the payment success survey popup if required[0m                                 [90m# MakeABookingSteps.i_close_the_payment_success_survey_popup_if_required()[0m


# Created at 2020-05-19T21:51:48.022
Unexpected IOException with stream:     [36mThen [0m[36mI verify navigation to the Booking Confirmation Page[0m                                [90m# MakeABookingSteps.i_verify_navigation_to_the_Booking_Confirmation_Page()[0m


# Created at 2020-05-19T21:51:48.024
Unexpected IOException with stream:     [36mAnd [0m[36mI verify confirmed "[0m[36m[1mDover to Calais[0m[36m"[0m                                                 [90m# MakeABookingSteps.i_verify_confirmed(String)[0m


# Created at 2020-05-19T21:51:48.026
Unexpected IOException with stream:     [36mAnd [0m[36mI verify the confirmed vehicle "[0m[36m[1mAKHGERMAN[0m[36m","[0m[36m[1m7[0m[36m","[0m[36m[1mLess than 2.5 metre[0m[36m","[0m[36m[1mYES[0m[36m" and "[0m[36m[1mYES[0m[36m"[0m [90m# MakeABookingSteps.i_verify_the_confirmed_vehicle_and(String,String,String,String,String)[0m


# Created at 2020-05-19T21:51:48.028
Unexpected IOException with stream:     [36mAnd [0m[36mI verify the confirmed number of "[0m[36m[1m2[0m[36m"[0m                                                 [90m# MakeABookingSteps.i_verify_the_confirmed_number_of(String)[0m


# Created at 2020-05-19T21:51:48.030
Unexpected IOException with stream:     [36mAnd [0m[36mI verify the confirmed Payment Amounts "[0m[36m[1mÂ£ 89.76[0m[36m","[0m[36m[1mÂ£ 17.95[0m[36m" and "[0m[36m[1mÂ£ 107.71[0m[36m"[0m            [90m# MakeABookingSteps.i_verify_the_confirmed_Payment_Amounts_and(String,String,String)[0m


# Created at 2020-05-19T21:51:48.032
Unexpected IOException with stream:     [36mAnd [0m[36mI verify the confirmed Payment Details "[0m[36m[1m19-May-2020[0m[36m","[0m[36m[1mVISA[0m[36m" and "[0m[36m[1mBEZAHLT[0m[36m"[0m            [90m# MakeABookingSteps.i_verify_the_confirmed_Payment_Details_and(String,String,String)[0m


# Created at 2020-05-19T21:51:48.033
Unexpected IOException with stream:     [33mAnd [0m[33mI capture the waybillNumber[0m                                                          [90m# null[0m


# Created at 2020-05-19T21:51:48.035
Unexpected IOException with stream:     [36mAnd [0m[36mI click the LogOut Link[0m                                                              [90m# LoginSteps.i_click_the_LogOut_Link()[0m


# Created at 2020-05-19T21:51:48.052
Unexpected IOException with stream: 


# Created at 2020-05-19T21:51:48.053
Unexpected IOException with stream:   Background:                                          [90m# src/test/resources/features/web/MakeABookingMultipleLanguages.feature:13[0m


# Created at 2020-05-19T21:51:48.055
Unexpected IOException with stream:     [32mGiven [0m[32mI navigate to the PO Ferries Freight Website[0m [90m# MakeABookingSteps.i_navigate_to_the_PO_Ferries_Freight_Website()[0m


# Created at 2020-05-19T21:51:48.056
Unexpected IOException with stream:     [32mAnd [0m[32mI click the Book Now Link[0m                      [90m# LoginSteps.i_click_the_Book_Now_Link()[0m


# Created at 2020-05-19T21:51:48.058
Unexpected IOException with stream:     [32mAnd [0m[32mI verfy navigation to the Account holders Page[0m [90m# MakeABookingSteps.i_verfy_navigation_to_the_Account_holders_Page()[0m


# Created at 2020-05-19T21:51:48.060
Unexpected IOException with stream:     [32mAnd [0m[32mI click the PayAndGo SignIn Link[0m               [90m# MakeABookingSteps.i_click_the_PayAndGo_SignIn_Link()[0m


# Created at 2020-05-19T21:51:48.061
Unexpected IOException with stream:     [32mAnd [0m[32mI verify navigation to the Login page[0m          [90m# LoginSteps.i_verify_navigation_to_the_Login_page()[0m


# Created at 2020-05-19T21:51:48.063
Unexpected IOException with stream:     [32mAnd [0m[32mI successfully login[0m                           [90m# MakeABookingSteps.i_successfully_login()[0m


# Created at 2020-05-19T21:51:48.064
Unexpected IOException with stream: 


# Created at 2020-05-19T21:51:48.065
Unexpected IOException with stream:   @Regression


# Created at 2020-05-19T21:51:48.067
Unexpected IOException with stream:   Scenario Outline: Make a booking for a prelodgement                                 [90m# src/test/resources/features/web/MakeABookingMultipleLanguages.feature:63[0m


# Created at 2020-05-19T21:51:48.068
Unexpected IOException with stream:     [32mAnd [0m[32mI set the "[0m[32m[1mfr[0m[32m" and "[0m[32m[1mMetre[0m[32m" units[0m                                              [90m# MakeABookingSteps.i_set_the_and_units(String,String)[0m


# Created at 2020-05-19T21:51:48.070
Unexpected IOException with stream:     [32mAnd [0m[32mI click the Book Link[0m                                                         [90m# MakeABookingSteps.i_click_the_Book_Link()[0m


# Created at 2020-05-19T21:51:48.072
Unexpected IOException with stream:     [31mAnd [0m[31mI verify navigation to the Book Now Page[0m                                      [90m# MakeABookingSteps.i_verify_navigation_to_the_Book_Now_Page()[0m


# Created at 2020-05-19T21:51:48.073
Unexpected IOException with stream:       [31morg.openqa.selenium.NoSuchElementException: Cannot locate an element using id=route
For documentation on this error, please visit: https://www.seleniumhq.org/exceptions/no_such_element.html
Build info: version: '3.141.59', revision: 'e82be7d358', time: '2018-11-14T08:17:03'
System info: host: 'DESKTOP-KISPH7H', ip: '192.168.0.7', os.name: 'Windows 10', os.arch: 'amd64', os.version: '10.0', java.version: '1.8.0_241'
Driver info: driver.version: RemoteWebDriver
	at org.openqa.selenium.remote.RemoteWebDriver.findElement(RemoteWebDriver.java:327)
	at org.openqa.selenium.remote.RemoteWebDriver.findElementById(RemoteWebDriver.java:372)
	at org.openqa.selenium.By$ById.findElement(By.java:188)
	at org.openqa.selenium.remote.RemoteWebDriver.findElement(RemoteWebDriver.java:315)
	at org.openqa.selenium.support.pagefactory.DefaultElementLocator.findElement(DefaultElementLocator.java:69)
	at org.openqa.selenium.support.pagefactory.internal.LocatingElementHandler.invoke(LocatingElementHandler.java:38)
	at com.sun.proxy.$Proxy17.isDisplayed(Unknown Source)
	at com.poferries.freight.AutomationFramework.web.actions.BookNowPageActions.isRouteDropDownDisplayed(BookNowPageActions.java:34)
	at com.poferries.freight.AutomationFramework.web.stepDefinitions.MakeABookingSteps.i_verify_navigation_to_the_Book_Now_Page(MakeABookingSteps.java:75)
	at ?.I verify navigation to the Book Now Page(file:src/test/resources/features/web/MakeABookingMultipleLanguages.feature:26)
[0m


# Created at 2020-05-19T21:51:48.075
Unexpected IOException with stream:     [36mWhen [0m[36mI select the "[0m[36m[1mDover to Calais[0m[36m" and "[0m[36m[1m2[0m[36m"[0m                                       [90m# MakeABookingSteps.i_select_the_and(String,String)[0m


# Created at 2020-05-19T21:51:48.077
Unexpected IOException with stream:     [36mAnd [0m[36mI select the journey type as "[0m[36m[1mOneWay[0m[36m"[0m                                         [90m# MakeABookingSteps.i_select_the_journey_type_as(String)[0m


# Created at 2020-05-19T21:51:48.079
Unexpected IOException with stream:     [36mAnd [0m[36mI select the currency "[0m[36m[1mGBP[0m[36m" and the country of origin "[0m[36m[1mUnited Kingdom[0m[36m"[0m        [90m# MakeABookingSteps.i_select_the_currency_and_the_country_of_origin(String,String)[0m


# Created at 2020-05-19T21:51:48.080
Unexpected IOException with stream:     [36mAnd [0m[36mI make selections for "[0m[36m[1mNO[0m[36m" and "[0m[36m[1mNO[0m[36m"[0m                                           [90m# MakeABookingSteps.i_make_selections_for_and(String,String)[0m


# Created at 2020-05-19T21:51:48.082
Unexpected IOException with stream:     [36mAnd [0m[36mI click continue on the Select Route Form[0m                                     [90m# MakeABookingSteps.i_click_continue_on_the_Select_Route_Form()[0m


# Created at 2020-05-19T21:51:48.083
Unexpected IOException with stream:     [36mAnd [0m[36mI verify navigation to the Vehicle Reg Form[0m                                   [90m# MakeABookingSteps.i_verify_navigation_to_the_Vehicle_Reg_Form()[0m


# Created at 2020-05-19T21:51:48.085
Unexpected IOException with stream:     [36mAnd [0m[36mI enter the Vehicle Reg "[0m[36m[1mAKHFRENCH[0m[36m" and "[0m[36m[1m10[0m[36m"[0m                                  [90m# MakeABookingSteps.i_enter_the_Vehicle_Reg_and(String,String)[0m


# Created at 2020-05-19T21:51:48.086
Unexpected IOException with stream:     [36mAnd [0m[36mI slect the vehicle "[0m[36m[1mNA[0m[36m"[0m                                                      [90m# MakeABookingSteps.i_slect_the_vehicle(String)[0m


# Created at 2020-05-19T21:51:48.088
Unexpected IOException with stream:     [36mAnd [0m[36mI make selections for vehicle "[0m[36m[1mYES[0m[36m" and "[0m[36m[1mYES[0m[36m"[0m                                 [90m# MakeABookingSteps.i_make_selections_for_vehicle_and(String,String)[0m


# Created at 2020-05-19T21:51:48.089
Unexpected IOException with stream:     [36mAnd [0m[36mI click continue on the Vehicle Registration Form[0m                             [90m# MakeABookingSteps.i_click_continue_on_the_Vehicle_Registration_Form()[0m


# Created at 2020-05-19T21:51:48.091
Unexpected IOException with stream:     [36mAnd [0m[36mI verify navigation to the Review Booking Details Form[0m                        [90m# MakeABookingSteps.i_verify_navigation_to_the_Review_Booking_Details_Form()[0m


# Created at 2020-05-19T21:51:48.092
Unexpected IOException with stream:     [36mAnd [0m[36mI verify the "[0m[36m[1mDover[0m[36m" and "[0m[36m[1mCalais[0m[36m" ports[0m                                       [90m# MakeABookingSteps.i_verify_the_and_ports(String,String)[0m


# Created at 2020-05-19T21:51:48.094
Unexpected IOException with stream:     [36mAnd [0m[36mI verify the vehicle "[0m[36m[1mAKHFRENCH[0m[36m","[0m[36m[1m10[0m[36m","[0m[36m[1mNA[0m[36m","[0m[36m[1mYES[0m[36m" and "[0m[36m[1mYES[0m[36m"[0m                    [90m# MakeABookingSteps.i_verify_the_vehicle_and(String,String,String,String,String)[0m


# Created at 2020-05-19T21:51:48.095
Unexpected IOException with stream:     [36mAnd [0m[36mI verify the number of "[0m[36m[1m2[0m[36m"[0m                                                    [90m# MakeABookingSteps.i_verify_the_number_of(String)[0m


# Created at 2020-05-19T21:51:48.097
Unexpected IOException with stream:     [36mAnd [0m[36mI verify the "[0m[36m[1mÂ£ 155.66[0m[36m","[0m[36m[1mÂ£ 31.13[0m[36m" and "[0m[36m[1mÂ£ 186.79[0m[36m"[0m                              [90m# MakeABookingSteps.i_verify_the_and(String,String,String)[0m


# Created at 2020-05-19T21:51:48.098
Unexpected IOException with stream:     [36mAnd [0m[36mI click the "[0m[36m[1mYES[0m[36m" checkbox[0m                                                    [90m# MakeABookingSteps.i_click_the_checkbox(String)[0m


# Created at 2020-05-19T21:51:48.100
Unexpected IOException with stream:     [36mAnd [0m[36mI make a selection for "[0m[36m[1mYES[0m[36m"[0m                                                  [90m# MakeABookingSteps.i_make_a_selection_for(String)[0m


# Created at 2020-05-19T21:51:48.101
Unexpected IOException with stream:     [36mAnd [0m[36mI click the Proceed To Payment button[0m                                         [90m# MakeABookingSteps.i_click_the_Proceed_To_Payment_button()[0m


# Created at 2020-05-19T21:51:48.103
Unexpected IOException with stream:     [36mAnd [0m[36mI verify navigation to the Payment Page[0m                                       [90m# MakeABookingSteps.i_verify_navigation_to_the_Payment_Page()[0m


# Created at 2020-05-19T21:51:48.105
Unexpected IOException with stream:     [36mAnd [0m[36mI verify the "[0m[36m[1mAkhil Pinnamaraju[0m[36m" and "[0m[36m[1mÂ£186.79[0m[36m"[0m                                [90m# MakeABookingSteps.i_verify_the_and(String,String)[0m


# Created at 2020-05-19T21:51:48.108
Unexpected IOException with stream:     [36mAnd [0m[36mI verify the "[0m[36m[1m10 Nelson Close[0m[36m","[0m[36m[1mCrownhill[0m[36m","[0m[36m[1mMilton Keynes[0m[36m","[0m[36m[1mGB[0m[36m" and "[0m[36m[1mMK8 0DL[0m[36m"[0m [90m# MakeABookingSteps.i_verify_the_and(String,String,String,String,String)[0m


# Created at 2020-05-19T21:51:48.110
Unexpected IOException with stream:     [36mAnd [0m[36mI enter the "[0m[36m[1m4111 1111 1111 1111[0m[36m","[0m[36m[1m08/20[0m[36m" and the "[0m[36m[1m345[0m[36m"[0m                       [90m# MakeABookingSteps.i_enter_the_and_the(String,String,String)[0m


# Created at 2020-05-19T21:51:48.111
Unexpected IOException with stream:     [36mAnd [0m[36mI click the PayNow button[0m                                                     [90m# MakeABookingSteps.i_click_the_PayNow_button()[0m


# Created at 2020-05-19T21:51:48.113
Unexpected IOException with stream:     [36mAnd [0m[36mI close the payment success survey popup if required[0m                          [90m# MakeABookingSteps.i_close_the_payment_success_survey_popup_if_required()[0m


# Created at 2020-05-19T21:51:48.115
Unexpected IOException with stream:     [36mThen [0m[36mI verify navigation to the Booking Confirmation Page[0m                         [90m# MakeABookingSteps.i_verify_navigation_to_the_Booking_Confirmation_Page()[0m


# Created at 2020-05-19T21:51:48.117
Unexpected IOException with stream:     [36mAnd [0m[36mI verify confirmed "[0m[36m[1mDover to Calais[0m[36m"[0m                                          [90m# MakeABookingSteps.i_verify_confirmed(String)[0m


# Created at 2020-05-19T21:51:48.119
Unexpected IOException with stream:     [36mAnd [0m[36mI verify the confirmed vehicle "[0m[36m[1mAKHFRENCH[0m[36m","[0m[36m[1m10[0m[36m","[0m[36m[1mNA[0m[36m","[0m[36m[1mYES[0m[36m" and "[0m[36m[1mYES[0m[36m"[0m          [90m# MakeABookingSteps.i_verify_the_confirmed_vehicle_and(String,String,String,String,String)[0m


# Created at 2020-05-19T21:51:48.121
Unexpected IOException with stream:     [36mAnd [0m[36mI verify the confirmed number of "[0m[36m[1m2[0m[36m"[0m                                          [90m# MakeABookingSteps.i_verify_the_confirmed_number_of(String)[0m


# Created at 2020-05-19T21:51:48.122
Unexpected IOException with stream:     [36mAnd [0m[36mI verify the confirmed Payment Amounts "[0m[36m[1mÂ£ 155.66[0m[36m","[0m[36m[1mÂ£ 31.13[0m[36m" and "[0m[36m[1mÂ£ 186.79[0m[36m"[0m    [90m# MakeABookingSteps.i_verify_the_confirmed_Payment_Amounts_and(String,String,String)[0m


# Created at 2020-05-19T21:51:48.125
Unexpected IOException with stream:     [36mAnd [0m[36mI verify the confirmed Payment Details "[0m[36m[1m19-May-2020[0m[36m","[0m[36m[1mVISA[0m[36m" and "[0m[36m[1mPAYÃ[0m[36m"[0m        [90m# MakeABookingSteps.i_verify_the_confirmed_Payment_Details_and(String,String,String)[0m


# Created at 2020-05-19T21:51:48.127
Unexpected IOException with stream:     [33mAnd [0m[33mI capture the waybillNumber[0m                                                   [90m# null[0m


# Created at 2020-05-19T21:51:48.129
Unexpected IOException with stream:     [36mAnd [0m[36mI click the LogOut Link[0m                                                       [90m# LoginSteps.i_click_the_LogOut_Link()[0m


# Created at 2020-05-19T21:51:48.132
Unexpected IOException with stream:       [31morg.openqa.selenium.NoSuchWindowException: no such window: target window already closed
from unknown error: web view not found
  (Session info: chrome=79.0.3945.79)
Build info: version: '3.141.59', revision: 'e82be7d358', time: '2018-11-14T08:17:03'
System info: host: 'DESKTOP-KISPH7H', ip: '192.168.0.7', os.name: 'Windows 10', os.arch: 'amd64', os.version: '10.0', java.version: '1.8.0_241'
Driver info: org.openqa.selenium.chrome.ChromeDriver
Capabilities {acceptInsecureCerts: false, browserName: chrome, browserVersion: 79.0.3945.79, chrome: {chromedriverVersion: 79.0.3945.36 (3582db32b3389..., userDataDir: C:\Users\AKHIL\AppData\Loca...}, goog:chromeOptions: {debuggerAddress: localhost:59248}, javascriptEnabled: true, networkConnectionEnabled: false, pageLoadStrategy: normal, platform: WINDOWS, platformName: WINDOWS, proxy: Proxy(), setWindowRect: true, strictFileInteractability: false, timeouts: {implicit: 0, pageLoad: 300000, script: 30000}, unhandledPromptBehavior: dismiss and notify}
Session ID: 78656c30fd927ae086c438abd1a7d99c
	at sun.reflect.NativeConstructorAccessorImpl.newInstance0(Native Method)
	at sun.reflect.NativeConstructorAccessorImpl.newInstance(NativeConstructorAccessorImpl.java:62)
	at sun.reflect.DelegatingConstructorAccessorImpl.newInstance(DelegatingConstructorAccessorImpl.java:45)
	at java.lang.reflect.Constructor.newInstance(Constructor.java:423)
	at org.openqa.selenium.remote.http.W3CHttpResponseCodec.createException(W3CHttpResponseCodec.java:187)
	at org.openqa.selenium.remote.http.W3CHttpResponseCodec.decode(W3CHttpResponseCodec.java:122)
	at org.openqa.selenium.remote.http.W3CHttpResponseCodec.decode(W3CHttpResponseCodec.java:49)
	at org.openqa.selenium.remote.HttpCommandExecutor.execute(HttpCommandExecutor.java:158)
	at org.openqa.selenium.remote.service.DriverCommandExecutor.execute(DriverCommandExecutor.java:83)
	at org.openqa.selenium.remote.RemoteWebDriver.execute(RemoteWebDriver.java:552)
	at org.openqa.selenium.remote.RemoteWebDriver.execute(RemoteWebDriver.java:609)
	at org.openqa.selenium.remote.RemoteWebDriver.getScreenshotAs(RemoteWebDriver.java:295)
	at com.poferries.freight.AutomationFramework.web.stepDefinitions.AfterActions.tearDown(AfterActions.java:23)
	at sun.reflect.NativeMethodAccessorImpl.invoke0(Native Method)
	at sun.reflect.NativeMethodAccessorImpl.invoke(NativeMethodAccessorImpl.java:62)
	at sun.reflect.DelegatingMethodAccessorImpl.invoke(DelegatingMethodAccessorImpl.java:43)
	at java.lang.reflect.Method.invoke(Method.java:498)
	at cucumber.runtime.Utils$1.call(Utils.java:26)
	at cucumber.runtime.Timeout.timeout(Timeout.java:16)
	at cucumber.runtime.Utils.invoke(Utils.java:20)
	at cucumber.runtime.java.JavaHookDefinition.execute(JavaHookDefinition.java:60)
	at cucumber.runner.HookDefinitionMatch.runStep(HookDefinitionMatch.java:16)
	at cucumber.runner.TestStep.executeStep(TestStep.java:65)
	at cucumber.runner.TestStep.run(TestStep.java:50)
	at cucumber.runner.TestCase.run(TestCase.java:50)
	at cucumber.runner.Runner.runPickle(Runner.java:49)
	at cucumber.api.testng.TestNGCucumberRunner.runScenario(TestNGCucumberRunner.java:57)
	at cucumber.api.testng.AbstractTestNGCucumberTests.runScenario(AbstractTestNGCucumberTests.java:22)
	at sun.reflect.NativeMethodAccessorImpl.invoke0(Native Method)
	at sun.reflect.NativeMethodAccessorImpl.invoke(NativeMethodAccessorImpl.java:62)
	at sun.reflect.DelegatingMethodAccessorImpl.invoke(DelegatingMethodAccessorImpl.java:43)
	at java.lang.reflect.Method.invoke(Method.java:498)
	at org.testng.internal.MethodInvocationHelper.invokeMethod(MethodInvocationHelper.java:124)
	at org.testng.internal.Invoker.invokeMethod(Invoker.java:583)
	at org.testng.internal.Invoker.invokeTestMethod(Invoker.java:719)
	at org.testng.internal.Invoker.invokeTestMethods(Invoker.java:989)
	at org.testng.internal.TestMethodWorker.invokeTestMethods(TestMethodWorker.java:125)
	at org.testng.internal.TestMethodWorker.run(TestMethodWorker.java:109)
	at org.testng.TestRunner.privateRun(TestRunner.java:648)
	at org.testng.TestRunner.run(TestRunner.java:505)
	at org.testng.SuiteRunner.runTest(SuiteRunner.java:455)
	at org.testng.SuiteRunner.runSequentially(SuiteRunner.java:450)
	at org.testng.SuiteRunner.privateRun(SuiteRunner.java:415)
	at org.testng.SuiteRunner.run(SuiteRunner.java:364)
	at org.testng.SuiteRunnerWorker.runSuite(SuiteRunnerWorker.java:52)
	at org.testng.SuiteRunnerWorker.run(SuiteRunnerWorker.java:84)
	at org.testng.TestNG.runSuitesSequentially(TestNG.java:1208)
	at org.testng.TestNG.runSuitesLocally(TestNG.java:1137)
	at org.testng.TestNG.runSuites(TestNG.java:1049)
	at org.testng.TestNG.run(TestNG.java:1017)
	at org.apache.maven.surefire.testng.TestNGExecutor.run(TestNGExecutor.java:283)
	at org.apache.maven.surefire.testng.TestNGXmlTestSuite.execute(TestNGXmlTestSuite.java:75)
	at org.apache.maven.surefire.testng.TestNGProvider.invoke(TestNGProvider.java:120)
	at org.apache.maven.surefire.booter.ForkedBooter.invokeProviderInSameClassLoader(ForkedBooter.java:384)
	at org.apache.maven.surefire.booter.ForkedBooter.runSuitesInProcess(ForkedBooter.java:345)
	at org.apache.maven.surefire.booter.ForkedBooter.execute(ForkedBooter.java:126)
	at org.apache.maven.surefire.booter.ForkedBooter.main(ForkedBooter.java:418)
[0m


# Created at 2020-05-19T21:51:48.136
Unexpected IOException with stream: 


# Created at 2020-05-19T21:51:48.137
Unexpected IOException with stream:   Background:                                          [90m# src/test/resources/features/web/MakeABookingMultipleLanguages.feature:13[0m


# Created at 2020-05-19T21:51:48.139
Unexpected IOException with stream:     [31mGiven [0m[31mI navigate to the PO Ferries Freight Website[0m [90m# MakeABookingSteps.i_navigate_to_the_PO_Ferries_Freight_Website()[0m


# Created at 2020-05-19T21:51:48.141
Unexpected IOException with stream:       [31morg.openqa.selenium.NoSuchWindowException: no such window: target window already closed
from unknown error: web view not found
  (Session info: chrome=79.0.3945.79)
Build info: version: '3.141.59', revision: 'e82be7d358', time: '2018-11-14T08:17:03'
System info: host: 'DESKTOP-KISPH7H', ip: '192.168.0.7', os.name: 'Windows 10', os.arch: 'amd64', os.version: '10.0', java.version: '1.8.0_241'
Driver info: org.openqa.selenium.chrome.ChromeDriver
Capabilities {acceptInsecureCerts: false, browserName: chrome, browserVersion: 79.0.3945.79, chrome: {chromedriverVersion: 79.0.3945.36 (3582db32b3389..., userDataDir: C:\Users\AKHIL\AppData\Loca...}, goog:chromeOptions: {debuggerAddress: localhost:59248}, javascriptEnabled: true, networkConnectionEnabled: false, pageLoadStrategy: normal, platform: WINDOWS, platformName: WINDOWS, proxy: Proxy(), setWindowRect: true, strictFileInteractability: false, timeouts: {implicit: 0, pageLoad: 300000, script: 30000}, unhandledPromptBehavior: dismiss and notify}
Session ID: 78656c30fd927ae086c438abd1a7d99c
	at sun.reflect.NativeConstructorAccessorImpl.newInstance0(Native Method)
	at sun.reflect.NativeConstructorAccessorImpl.newInstance(NativeConstructorAccessorImpl.java:62)
	at sun.reflect.DelegatingConstructorAccessorImpl.newInstance(DelegatingConstructorAccessorImpl.java:45)
	at java.lang.reflect.Constructor.newInstance(Constructor.java:423)
	at org.openqa.selenium.remote.http.W3CHttpResponseCodec.createException(W3CHttpResponseCodec.java:187)
	at org.openqa.selenium.remote.http.W3CHttpResponseCodec.decode(W3CHttpResponseCodec.java:122)
	at org.openqa.selenium.remote.http.W3CHttpResponseCodec.decode(W3CHttpResponseCodec.java:49)
	at org.openqa.selenium.remote.HttpCommandExecutor.execute(HttpCommandExecutor.java:158)
	at org.openqa.selenium.remote.service.DriverCommandExecutor.execute(DriverCommandExecutor.java:83)
	at org.openqa.selenium.remote.RemoteWebDriver.execute(RemoteWebDriver.java:552)
	at org.openqa.selenium.remote.RemoteWebDriver.get(RemoteWebDriver.java:277)
	at com.poferries.freight.AutomationFramework.web.utilities.SeleniumDriver.openPage(SeleniumDriver.java:39)
	at com.poferries.freight.AutomationFramework.web.stepDefinitions.MakeABookingSteps.i_navigate_to_the_PO_Ferries_Freight_Website(MakeABookingSteps.java:57)
	at ?.I navigate to the PO Ferries Freight Website(file:src/test/resources/features/web/MakeABookingMultipleLanguages.feature:14)
[0m


# Created at 2020-05-19T21:51:48.143
Unexpected IOException with stream:     [36mAnd [0m[36mI click the Book Now Link[0m                      [90m# LoginSteps.i_click_the_Book_Now_Link()[0m


# Created at 2020-05-19T21:51:48.145
Unexpected IOException with stream:     [36mAnd [0m[36mI verfy navigation to the Account holders Page[0m [90m# MakeABookingSteps.i_verfy_navigation_to_the_Account_holders_Page()[0m


# Created at 2020-05-19T21:51:48.146
Unexpected IOException with stream:     [36mAnd [0m[36mI click the PayAndGo SignIn Link[0m               [90m# MakeABookingSteps.i_click_the_PayAndGo_SignIn_Link()[0m


# Created at 2020-05-19T21:51:48.148
Unexpected IOException with stream:     [36mAnd [0m[36mI verify navigation to the Login page[0m          [90m# LoginSteps.i_verify_navigation_to_the_Login_page()[0m


# Created at 2020-05-19T21:51:48.150
Unexpected IOException with stream:     [36mAnd [0m[36mI successfully login[0m                           [90m# MakeABookingSteps.i_successfully_login()[0m


# Created at 2020-05-19T21:51:48.151
Unexpected IOException with stream: 


# Created at 2020-05-19T21:51:48.152
Unexpected IOException with stream:   @Regression


# Created at 2020-05-19T21:51:48.153
Unexpected IOException with stream:   Scenario Outline: Make a booking for a prelodgement                                 [90m# src/test/resources/features/web/MakeABookingMultipleLanguages.feature:64[0m


# Created at 2020-05-19T21:51:48.155
Unexpected IOException with stream:     [36mAnd [0m[36mI set the "[0m[36m[1mnl[0m[36m" and "[0m[36m[1mFeet[0m[36m" units[0m                                               [90m# MakeABookingSteps.i_set_the_and_units(String,String)[0m


# Created at 2020-05-19T21:51:48.157
Unexpected IOException with stream:     [36mAnd [0m[36mI click the Book Link[0m                                                         [90m# MakeABookingSteps.i_click_the_Book_Link()[0m


# Created at 2020-05-19T21:51:48.158
Unexpected IOException with stream:     [36mAnd [0m[36mI verify navigation to the Book Now Page[0m                                      [90m# MakeABookingSteps.i_verify_navigation_to_the_Book_Now_Page()[0m


# Created at 2020-05-19T21:51:48.159
Unexpected IOException with stream:     [36mWhen [0m[36mI select the "[0m[36m[1mCalais to Dover[0m[36m" and "[0m[36m[1m1[0m[36m"[0m                                       [90m# MakeABookingSteps.i_select_the_and(String,String)[0m


# Created at 2020-05-19T21:51:48.161
Unexpected IOException with stream:     [36mAnd [0m[36mI select the journey type as "[0m[36m[1mOneWay[0m[36m"[0m                                         [90m# MakeABookingSteps.i_select_the_journey_type_as(String)[0m


# Created at 2020-05-19T21:51:48.162
Unexpected IOException with stream:     [36mAnd [0m[36mI select the currency "[0m[36m[1mEuro[0m[36m" and the country of origin "[0m[36m[1mUnited Kingdom[0m[36m"[0m       [90m# MakeABookingSteps.i_select_the_currency_and_the_country_of_origin(String,String)[0m


# Created at 2020-05-19T21:51:48.164
Unexpected IOException with stream:     [36mAnd [0m[36mI make selections for "[0m[36m[1mNO[0m[36m" and "[0m[36m[1mNO[0m[36m"[0m                                           [90m# MakeABookingSteps.i_make_selections_for_and(String,String)[0m


# Created at 2020-05-19T21:51:48.165
Unexpected IOException with stream:     [36mAnd [0m[36mI click continue on the Select Route Form[0m                                     [90m# MakeABookingSteps.i_click_continue_on_the_Select_Route_Form()[0m


# Created at 2020-05-19T21:51:48.167
Unexpected IOException with stream:     [36mAnd [0m[36mI verify navigation to the Vehicle Reg Form[0m                                   [90m# MakeABookingSteps.i_verify_navigation_to_the_Vehicle_Reg_Form()[0m


# Created at 2020-05-19T21:51:48.168
Unexpected IOException with stream:     [36mAnd [0m[36mI enter the Vehicle Reg "[0m[36m[1mAKHDUTCH[0m[36m" and "[0m[36m[1m46.00[0m[36m"[0m                                [90m# MakeABookingSteps.i_enter_the_Vehicle_Reg_and(String,String)[0m


# Created at 2020-05-19T21:51:48.169
Unexpected IOException with stream:     [36mAnd [0m[36mI slect the vehicle "[0m[36m[1mNA[0m[36m"[0m                                                      [90m# MakeABookingSteps.i_slect_the_vehicle(String)[0m


# Created at 2020-05-19T21:51:48.171
Unexpected IOException with stream:     [36mAnd [0m[36mI make selections for vehicle "[0m[36m[1mYES[0m[36m" and "[0m[36m[1mYES[0m[36m"[0m                                 [90m# MakeABookingSteps.i_make_selections_for_vehicle_and(String,String)[0m


# Created at 2020-05-19T21:51:48.172
Unexpected IOException with stream:     [36mAnd [0m[36mI click continue on the Vehicle Registration Form[0m                             [90m# MakeABookingSteps.i_click_continue_on_the_Vehicle_Registration_Form()[0m


# Created at 2020-05-19T21:51:48.174
Unexpected IOException with stream:     [36mAnd [0m[36mI verify navigation to the Review Booking Details Form[0m                        [90m# MakeABookingSteps.i_verify_navigation_to_the_Review_Booking_Details_Form()[0m


# Created at 2020-05-19T21:51:48.176
Unexpected IOException with stream:     [36mAnd [0m[36mI verify the "[0m[36m[1mCalais[0m[36m" and "[0m[36m[1mDover[0m[36m" ports[0m                                       [90m# MakeABookingSteps.i_verify_the_and_ports(String,String)[0m


# Created at 2020-05-19T21:51:48.177
Unexpected IOException with stream:     [36mAnd [0m[36mI verify the vehicle "[0m[36m[1mAKHDUTCH[0m[36m","[0m[36m[1m46.00[0m[36m","[0m[36m[1mNA[0m[36m","[0m[36m[1mYES[0m[36m" and "[0m[36m[1mYES[0m[36m"[0m                  [90m# MakeABookingSteps.i_verify_the_vehicle_and(String,String,String,String,String)[0m


# Created at 2020-05-19T21:51:48.178
Unexpected IOException with stream:     [36mAnd [0m[36mI verify the number of "[0m[36m[1m1[0m[36m"[0m                                                    [90m# MakeABookingSteps.i_verify_the_number_of(String)[0m


# Created at 2020-05-19T21:51:48.180
Unexpected IOException with stream:     [36mAnd [0m[36mI verify the "[0m[36m[1mâ¬ 207.53[0m[36m","[0m[36m[1mâ¬ 41.51[0m[36m" and "[0m[36m[1mâ¬ 249.04[0m[36m"[0m                              [90m# MakeABookingSteps.i_verify_the_and(String,String,String)[0m


# Created at 2020-05-19T21:51:48.182
Unexpected IOException with stream:     [36mAnd [0m[36mI click the "[0m[36m[1mYES[0m[36m" checkbox[0m                                                    [90m# MakeABookingSteps.i_click_the_checkbox(String)[0m


# Created at 2020-05-19T21:51:48.184
Unexpected IOException with stream:     [36mAnd [0m[36mI make a selection for "[0m[36m[1mYES[0m[36m"[0m                                                  [90m# MakeABookingSteps.i_make_a_selection_for(String)[0m


# Created at 2020-05-19T21:51:48.185
Unexpected IOException with stream:     [36mAnd [0m[36mI click the Proceed To Payment button[0m                                         [90m# MakeABookingSteps.i_click_the_Proceed_To_Payment_button()[0m


# Created at 2020-05-19T21:51:48.186
Unexpected IOException with stream:     [36mAnd [0m[36mI verify navigation to the Payment Page[0m                                       [90m# MakeABookingSteps.i_verify_navigation_to_the_Payment_Page()[0m


# Created at 2020-05-19T21:51:48.188
Unexpected IOException with stream:     [36mAnd [0m[36mI verify the "[0m[36m[1mAkhil Pinnamaraju[0m[36m" and "[0m[36m[1mâ¬249.04[0m[36m"[0m                                [90m# MakeABookingSteps.i_verify_the_and(String,String)[0m


# Created at 2020-05-19T21:51:48.191
Unexpected IOException with stream:     [36mAnd [0m[36mI verify the "[0m[36m[1m10 Nelson Close[0m[36m","[0m[36m[1mCrownhill[0m[36m","[0m[36m[1mMilton Keynes[0m[36m","[0m[36m[1mGB[0m[36m" and "[0m[36m[1mMK8 0DL[0m[36m"[0m [90m# MakeABookingSteps.i_verify_the_and(String,String,String,String,String)[0m


# Created at 2020-05-19T21:51:48.192
Unexpected IOException with stream:     [36mAnd [0m[36mI enter the "[0m[36m[1m4111 1111 1111 1111[0m[36m","[0m[36m[1m08/20[0m[36m" and the "[0m[36m[1m345[0m[36m"[0m                       [90m# MakeABookingSteps.i_enter_the_and_the(String,String,String)[0m


# Created at 2020-05-19T21:51:48.193
Unexpected IOException with stream:     [36mAnd [0m[36mI click the PayNow button[0m                                                     [90m# MakeABookingSteps.i_click_the_PayNow_button()[0m


# Created at 2020-05-19T21:51:48.195
Unexpected IOException with stream:     [36mAnd [0m[36mI close the payment success survey popup if required[0m                          [90m# MakeABookingSteps.i_close_the_payment_success_survey_popup_if_required()[0m


# Created at 2020-05-19T21:51:48.196
Unexpected IOException with stream:     [36mThen [0m[36mI verify navigation to the Booking Confirmation Page[0m                         [90m# MakeABookingSteps.i_verify_navigation_to_the_Booking_Confirmation_Page()[0m


# Created at 2020-05-19T21:51:48.197
Unexpected IOException with stream:     [36mAnd [0m[36mI verify confirmed "[0m[36m[1mCalais to Dover[0m[36m"[0m                                          [90m# MakeABookingSteps.i_verify_confirmed(String)[0m


# Created at 2020-05-19T21:51:48.199
Unexpected IOException with stream:     [36mAnd [0m[36mI verify the confirmed vehicle "[0m[36m[1mAKHDUTCH[0m[36m","[0m[36m[1m46.00[0m[36m","[0m[36m[1mNA[0m[36m","[0m[36m[1mYES[0m[36m" and "[0m[36m[1mYES[0m[36m"[0m        [90m# MakeABookingSteps.i_verify_the_confirmed_vehicle_and(String,String,String,String,String)[0m


# Created at 2020-05-19T21:51:48.200
Unexpected IOException with stream:     [36mAnd [0m[36mI verify the confirmed number of "[0m[36m[1m1[0m[36m"[0m                                          [90m# MakeABookingSteps.i_verify_the_confirmed_number_of(String)[0m


# Created at 2020-05-19T21:51:48.201
Unexpected IOException with stream:     [36mAnd [0m[36mI verify the confirmed Payment Amounts "[0m[36m[1mâ¬ 207.53[0m[36m","[0m[36m[1mâ¬ 41.51[0m[36m" and "[0m[36m[1mâ¬ 249.04[0m[36m"[0m    [90m# MakeABookingSteps.i_verify_the_confirmed_Payment_Amounts_and(String,String,String)[0m


# Created at 2020-05-19T21:51:48.202
Unexpected IOException with stream:     [36mAnd [0m[36mI verify the confirmed Payment Details "[0m[36m[1m19-May-2020[0m[36m","[0m[36m[1mVISA[0m[36m" and "[0m[36m[1mBETAALD[0m[36m"[0m     [90m# MakeABookingSteps.i_verify_the_confirmed_Payment_Details_and(String,String,String)[0m


# Created at 2020-05-19T21:51:48.204
Unexpected IOException with stream:     [33mAnd [0m[33mI capture the waybillNumber[0m                                                   [90m# null[0m


# Created at 2020-05-19T21:51:48.206
Unexpected IOException with stream:     [36mAnd [0m[36mI click the LogOut Link[0m                                                       [90m# LoginSteps.i_click_the_LogOut_Link()[0m


# Created at 2020-05-19T21:51:48.208
Unexpected IOException with stream:       [31morg.openqa.selenium.NoSuchWindowException: no such window: target window already closed
from unknown error: web view not found
  (Session info: chrome=79.0.3945.79)
Build info: version: '3.141.59', revision: 'e82be7d358', time: '2018-11-14T08:17:03'
System info: host: 'DESKTOP-KISPH7H', ip: '192.168.0.7', os.name: 'Windows 10', os.arch: 'amd64', os.version: '10.0', java.version: '1.8.0_241'
Driver info: org.openqa.selenium.chrome.ChromeDriver
Capabilities {acceptInsecureCerts: false, browserName: chrome, browserVersion: 79.0.3945.79, chrome: {chromedriverVersion: 79.0.3945.36 (3582db32b3389..., userDataDir: C:\Users\AKHIL\AppData\Loca...}, goog:chromeOptions: {debuggerAddress: localhost:59248}, javascriptEnabled: true, networkConnectionEnabled: false, pageLoadStrategy: normal, platform: WINDOWS, platformName: WINDOWS, proxy: Proxy(), setWindowRect: true, strictFileInteractability: false, timeouts: {implicit: 0, pageLoad: 300000, script: 30000}, unhandledPromptBehavior: dismiss and notify}
Session ID: 78656c30fd927ae086c438abd1a7d99c
	at sun.reflect.NativeConstructorAccessorImpl.newInstance0(Native Method)
	at sun.reflect.NativeConstructorAccessorImpl.newInstance(NativeConstructorAccessorImpl.java:62)
	at sun.reflect.DelegatingConstructorAccessorImpl.newInstance(DelegatingConstructorAccessorImpl.java:45)
	at java.lang.reflect.Constructor.newInstance(Constructor.java:423)
	at org.openqa.selenium.remote.http.W3CHttpResponseCodec.createException(W3CHttpResponseCodec.java:187)
	at org.openqa.selenium.remote.http.W3CHttpResponseCodec.decode(W3CHttpResponseCodec.java:122)
	at org.openqa.selenium.remote.http.W3CHttpResponseCodec.decode(W3CHttpResponseCodec.java:49)
	at org.openqa.selenium.remote.HttpCommandExecutor.execute(HttpCommandExecutor.java:158)
	at org.openqa.selenium.remote.service.DriverCommandExecutor.execute(DriverCommandExecutor.java:83)
	at org.openqa.selenium.remote.RemoteWebDriver.execute(RemoteWebDriver.java:552)
	at org.openqa.selenium.remote.RemoteWebDriver.execute(RemoteWebDriver.java:609)
	at org.openqa.selenium.remote.RemoteWebDriver.getScreenshotAs(RemoteWebDriver.java:295)
	at com.poferries.freight.AutomationFramework.web.stepDefinitions.AfterActions.tearDown(AfterActions.java:23)
	at sun.reflect.NativeMethodAccessorImpl.invoke0(Native Method)
	at sun.reflect.NativeMethodAccessorImpl.invoke(NativeMethodAccessorImpl.java:62)
	at sun.reflect.DelegatingMethodAccessorImpl.invoke(DelegatingMethodAccessorImpl.java:43)
	at java.lang.reflect.Method.invoke(Method.java:498)
	at cucumber.runtime.Utils$1.call(Utils.java:26)
	at cucumber.runtime.Timeout.timeout(Timeout.java:16)
	at cucumber.runtime.Utils.invoke(Utils.java:20)
	at cucumber.runtime.java.JavaHookDefinition.execute(JavaHookDefinition.java:60)
	at cucumber.runner.HookDefinitionMatch.runStep(HookDefinitionMatch.java:16)
	at cucumber.runner.TestStep.executeStep(TestStep.java:65)
	at cucumber.runner.TestStep.run(TestStep.java:50)
	at cucumber.runner.TestCase.run(TestCase.java:50)
	at cucumber.runner.Runner.runPickle(Runner.java:49)
	at cucumber.api.testng.TestNGCucumberRunner.runScenario(TestNGCucumberRunner.java:57)
	at cucumber.api.testng.AbstractTestNGCucumberTests.runScenario(AbstractTestNGCucumberTests.java:22)
	at sun.reflect.NativeMethodAccessorImpl.invoke0(Native Method)
	at sun.reflect.NativeMethodAccessorImpl.invoke(NativeMethodAccessorImpl.java:62)
	at sun.reflect.DelegatingMethodAccessorImpl.invoke(DelegatingMethodAccessorImpl.java:43)
	at java.lang.reflect.Method.invoke(Method.java:498)
	at org.testng.internal.MethodInvocationHelper.invokeMethod(MethodInvocationHelper.java:124)
	at org.testng.internal.Invoker.invokeMethod(Invoker.java:583)
	at org.testng.internal.Invoker.invokeTestMethod(Invoker.java:719)
	at org.testng.internal.Invoker.invokeTestMethods(Invoker.java:989)
	at org.testng.internal.TestMethodWorker.invokeTestMethods(TestMethodWorker.java:125)
	at org.testng.internal.TestMethodWorker.run(TestMethodWorker.java:109)
	at org.testng.TestRunner.privateRun(TestRunner.java:648)
	at org.testng.TestRunner.run(TestRunner.java:505)
	at org.testng.SuiteRunner.runTest(SuiteRunner.java:455)
	at org.testng.SuiteRunner.runSequentially(SuiteRunner.java:450)
	at org.testng.SuiteRunner.privateRun(SuiteRunner.java:415)
	at org.testng.SuiteRunner.run(SuiteRunner.java:364)
	at org.testng.SuiteRunnerWorker.runSuite(SuiteRunnerWorker.java:52)
	at org.testng.SuiteRunnerWorker.run(SuiteRunnerWorker.java:84)
	at org.testng.TestNG.runSuitesSequentially(TestNG.java:1208)
	at org.testng.TestNG.runSuitesLocally(TestNG.java:1137)
	at org.testng.TestNG.runSuites(TestNG.java:1049)
	at org.testng.TestNG.run(TestNG.java:1017)
	at org.apache.maven.surefire.testng.TestNGExecutor.run(TestNGExecutor.java:283)
	at org.apache.maven.surefire.testng.TestNGXmlTestSuite.execute(TestNGXmlTestSuite.java:75)
	at org.apache.maven.surefire.testng.TestNGProvider.invoke(TestNGProvider.java:120)
	at org.apache.maven.surefire.booter.ForkedBooter.invokeProviderInSameClassLoader(ForkedBooter.java:384)
	at org.apache.maven.surefire.booter.ForkedBooter.runSuitesInProcess(ForkedBooter.java:345)
	at org.apache.maven.surefire.booter.ForkedBooter.execute(ForkedBooter.java:126)
	at org.apache.maven.surefire.booter.ForkedBooter.main(ForkedBooter.java:418)
[0m


# Created at 2020-05-19T21:51:48.211
Unexpected IOException with stream: 


# Created at 2020-05-19T21:51:48.212
Unexpected IOException with stream:   Background:                                          [90m# src/test/resources/features/web/MakeABookingMultipleLanguages.feature:13[0m


# Created at 2020-05-19T21:51:48.214
Unexpected IOException with stream:     [31mGiven [0m[31mI navigate to the PO Ferries Freight Website[0m [90m# MakeABookingSteps.i_navigate_to_the_PO_Ferries_Freight_Website()[0m


# Created at 2020-05-19T21:51:48.215
Unexpected IOException with stream:       [31morg.openqa.selenium.NoSuchWindowException: no such window: target window already closed
from unknown error: web view not found
  (Session info: chrome=79.0.3945.79)
Build info: version: '3.141.59', revision: 'e82be7d358', time: '2018-11-14T08:17:03'
System info: host: 'DESKTOP-KISPH7H', ip: '192.168.0.7', os.name: 'Windows 10', os.arch: 'amd64', os.version: '10.0', java.version: '1.8.0_241'
Driver info: org.openqa.selenium.chrome.ChromeDriver
Capabilities {acceptInsecureCerts: false, browserName: chrome, browserVersion: 79.0.3945.79, chrome: {chromedriverVersion: 79.0.3945.36 (3582db32b3389..., userDataDir: C:\Users\AKHIL\AppData\Loca...}, goog:chromeOptions: {debuggerAddress: localhost:59248}, javascriptEnabled: true, networkConnectionEnabled: false, pageLoadStrategy: normal, platform: WINDOWS, platformName: WINDOWS, proxy: Proxy(), setWindowRect: true, strictFileInteractability: false, timeouts: {implicit: 0, pageLoad: 300000, script: 30000}, unhandledPromptBehavior: dismiss and notify}
Session ID: 78656c30fd927ae086c438abd1a7d99c
	at sun.reflect.NativeConstructorAccessorImpl.newInstance0(Native Method)
	at sun.reflect.NativeConstructorAccessorImpl.newInstance(NativeConstructorAccessorImpl.java:62)
	at sun.reflect.DelegatingConstructorAccessorImpl.newInstance(DelegatingConstructorAccessorImpl.java:45)
	at java.lang.reflect.Constructor.newInstance(Constructor.java:423)
	at org.openqa.selenium.remote.http.W3CHttpResponseCodec.createException(W3CHttpResponseCodec.java:187)
	at org.openqa.selenium.remote.http.W3CHttpResponseCodec.decode(W3CHttpResponseCodec.java:122)
	at org.openqa.selenium.remote.http.W3CHttpResponseCodec.decode(W3CHttpResponseCodec.java:49)
	at org.openqa.selenium.remote.HttpCommandExecutor.execute(HttpCommandExecutor.java:158)
	at org.openqa.selenium.remote.service.DriverCommandExecutor.execute(DriverCommandExecutor.java:83)
	at org.openqa.selenium.remote.RemoteWebDriver.execute(RemoteWebDriver.java:552)
	at org.openqa.selenium.remote.RemoteWebDriver.get(RemoteWebDriver.java:277)
	at com.poferries.freight.AutomationFramework.web.utilities.SeleniumDriver.openPage(SeleniumDriver.java:39)
	at com.poferries.freight.AutomationFramework.web.stepDefinitions.MakeABookingSteps.i_navigate_to_the_PO_Ferries_Freight_Website(MakeABookingSteps.java:57)
	at ?.I navigate to the PO Ferries Freight Website(file:src/test/resources/features/web/MakeABookingMultipleLanguages.feature:14)
[0m


# Created at 2020-05-19T21:51:48.217
Unexpected IOException with stream:     [36mAnd [0m[36mI click the Book Now Link[0m                      [90m# LoginSteps.i_click_the_Book_Now_Link()[0m


# Created at 2020-05-19T21:51:48.218
Unexpected IOException with stream:     [36mAnd [0m[36mI verfy navigation to the Account holders Page[0m [90m# MakeABookingSteps.i_verfy_navigation_to_the_Account_holders_Page()[0m


# Created at 2020-05-19T21:51:48.220
Unexpected IOException with stream:     [36mAnd [0m[36mI click the PayAndGo SignIn Link[0m               [90m# MakeABookingSteps.i_click_the_PayAndGo_SignIn_Link()[0m


# Created at 2020-05-19T21:51:48.221
Unexpected IOException with stream:     [36mAnd [0m[36mI verify navigation to the Login page[0m          [90m# LoginSteps.i_verify_navigation_to_the_Login_page()[0m


# Created at 2020-05-19T21:51:48.222
Unexpected IOException with stream:     [36mAnd [0m[36mI successfully login[0m                           [90m# MakeABookingSteps.i_successfully_login()[0m


# Created at 2020-05-19T21:51:48.224
Unexpected IOException with stream: 


# Created at 2020-05-19T21:51:48.225
Unexpected IOException with stream:   @Regression


# Created at 2020-05-19T21:51:48.226
Unexpected IOException with stream:   Scenario Outline: Make a booking for a prelodgement                                          [90m# src/test/resources/features/web/MakeABookingMultipleLanguages.feature:65[0m


# Created at 2020-05-19T21:51:48.227
Unexpected IOException with stream:     [36mAnd [0m[36mI set the "[0m[36m[1mes[0m[36m" and "[0m[36m[1mMetre[0m[36m" units[0m                                                       [90m# MakeABookingSteps.i_set_the_and_units(String,String)[0m


# Created at 2020-05-19T21:51:48.228
Unexpected IOException with stream:     [36mAnd [0m[36mI click the Book Link[0m                                                                  [90m# MakeABookingSteps.i_click_the_Book_Link()[0m


# Created at 2020-05-19T21:51:48.229
Unexpected IOException with stream:     [36mAnd [0m[36mI verify navigation to the Book Now Page[0m                                               [90m# MakeABookingSteps.i_verify_navigation_to_the_Book_Now_Page()[0m


# Created at 2020-05-19T21:51:48.231
Unexpected IOException with stream:     [36mWhen [0m[36mI select the "[0m[36m[1mDover to Calais[0m[36m" and "[0m[36m[1m2[0m[36m"[0m                                                [90m# MakeABookingSteps.i_select_the_and(String,String)[0m


# Created at 2020-05-19T21:51:48.232
Unexpected IOException with stream:     [36mAnd [0m[36mI select the journey type as "[0m[36m[1mOneWay[0m[36m"[0m                                                  [90m# MakeABookingSteps.i_select_the_journey_type_as(String)[0m


# Created at 2020-05-19T21:51:48.233
Unexpected IOException with stream:     [36mAnd [0m[36mI select the currency "[0m[36m[1mGBP[0m[36m" and the country of origin "[0m[36m[1mUnited Kingdom[0m[36m"[0m                 [90m# MakeABookingSteps.i_select_the_currency_and_the_country_of_origin(String,String)[0m


# Created at 2020-05-19T21:51:48.234
Unexpected IOException with stream:     [36mAnd [0m[36mI make selections for "[0m[36m[1mNO[0m[36m" and "[0m[36m[1mNO[0m[36m"[0m                                                    [90m# MakeABookingSteps.i_make_selections_for_and(String,String)[0m


# Created at 2020-05-19T21:51:48.236
Unexpected IOException with stream:     [36mAnd [0m[36mI click continue on the Select Route Form[0m                                              [90m# MakeABookingSteps.i_click_continue_on_the_Select_Route_Form()[0m


# Created at 2020-05-19T21:51:48.237
Unexpected IOException with stream:     [36mAnd [0m[36mI verify navigation to the Vehicle Reg Form[0m                                            [90m# MakeABookingSteps.i_verify_navigation_to_the_Vehicle_Reg_Form()[0m


# Created at 2020-05-19T21:51:48.238
Unexpected IOException with stream:     [36mAnd [0m[36mI enter the Vehicle Reg "[0m[36m[1mAKHSPANNISH[0m[36m" and "[0m[36m[1m7[0m[36m"[0m                                          [90m# MakeABookingSteps.i_enter_the_Vehicle_Reg_and(String,String)[0m


# Created at 2020-05-19T21:51:48.240
Unexpected IOException with stream:     [36mAnd [0m[36mI slect the vehicle "[0m[36m[1mLess than 2.5 metre[0m[36m"[0m                                              [90m# MakeABookingSteps.i_slect_the_vehicle(String)[0m


# Created at 2020-05-19T21:51:48.242
Unexpected IOException with stream:     [36mAnd [0m[36mI make selections for vehicle "[0m[36m[1mYES[0m[36m" and "[0m[36m[1mYES[0m[36m"[0m                                          [90m# MakeABookingSteps.i_make_selections_for_vehicle_and(String,String)[0m


# Created at 2020-05-19T21:51:48.243
Unexpected IOException with stream:     [36mAnd [0m[36mI click continue on the Vehicle Registration Form[0m                                      [90m# MakeABookingSteps.i_click_continue_on_the_Vehicle_Registration_Form()[0m


# Created at 2020-05-19T21:51:48.244
Unexpected IOException with stream:     [36mAnd [0m[36mI verify navigation to the Review Booking Details Form[0m                                 [90m# MakeABookingSteps.i_verify_navigation_to_the_Review_Booking_Details_Form()[0m


# Created at 2020-05-19T21:51:48.245
Unexpected IOException with stream:     [36mAnd [0m[36mI verify the "[0m[36m[1mDover[0m[36m" and "[0m[36m[1mCalais[0m[36m" ports[0m                                                [90m# MakeABookingSteps.i_verify_the_and_ports(String,String)[0m


# Created at 2020-05-19T21:51:48.247
Unexpected IOException with stream:     [36mAnd [0m[36mI verify the vehicle "[0m[36m[1mAKHSPANNISH[0m[36m","[0m[36m[1m7[0m[36m","[0m[36m[1mLess than 2.5 metre[0m[36m","[0m[36m[1mYES[0m[36m" and "[0m[36m[1mYES[0m[36m"[0m           [90m# MakeABookingSteps.i_verify_the_vehicle_and(String,String,String,String,String)[0m


# Created at 2020-05-19T21:51:48.248
Unexpected IOException with stream:     [36mAnd [0m[36mI verify the number of "[0m[36m[1m2[0m[36m"[0m                                                             [90m# MakeABookingSteps.i_verify_the_number_of(String)[0m


# Created at 2020-05-19T21:51:48.249
Unexpected IOException with stream:     [36mAnd [0m[36mI verify the "[0m[36m[1mÂ£ 89.76[0m[36m","[0m[36m[1mÂ£ 17.95[0m[36m" and "[0m[36m[1mÂ£ 107.71[0m[36m"[0m                                        [90m# MakeABookingSteps.i_verify_the_and(String,String,String)[0m


# Created at 2020-05-19T21:51:48.250
Unexpected IOException with stream:     [36mAnd [0m[36mI click the "[0m[36m[1mYES[0m[36m" checkbox[0m                                                             [90m# MakeABookingSteps.i_click_the_checkbox(String)[0m


# Created at 2020-05-19T21:51:48.252
Unexpected IOException with stream:     [36mAnd [0m[36mI make a selection for "[0m[36m[1mYES[0m[36m"[0m                                                           [90m# MakeABookingSteps.i_make_a_selection_for(String)[0m


# Created at 2020-05-19T21:51:48.255
Unexpected IOException with stream:     [36mAnd [0m[36mI click the Proceed To Payment button[0m                                                  [90m# MakeABookingSteps.i_click_the_Proceed_To_Payment_button()[0m


# Created at 2020-05-19T21:51:48.256
Unexpected IOException with stream:     [36mAnd [0m[36mI verify navigation to the Payment Page[0m                                                [90m# MakeABookingSteps.i_verify_navigation_to_the_Payment_Page()[0m


# Created at 2020-05-19T21:51:48.258
Unexpected IOException with stream:     [36mAnd [0m[36mI verify the "[0m[36m[1mAkhil Pinnamaraju[0m[36m" and "[0m[36m[1mÂ£107.71[0m[36m"[0m                                         [90m# MakeABookingSteps.i_verify_the_and(String,String)[0m


# Created at 2020-05-19T21:51:48.259
Unexpected IOException with stream:     [36mAnd [0m[36mI verify the "[0m[36m[1m10 Nelson Close[0m[36m","[0m[36m[1mCrownhill[0m[36m","[0m[36m[1mMilton Keynes[0m[36m","[0m[36m[1mGB[0m[36m" and "[0m[36m[1mMK8 0DL[0m[36m"[0m          [90m# MakeABookingSteps.i_verify_the_and(String,String,String,String,String)[0m


# Created at 2020-05-19T21:51:48.261
Unexpected IOException with stream:     [36mAnd [0m[36mI enter the "[0m[36m[1m4111 1111 1111 1111[0m[36m","[0m[36m[1m08/20[0m[36m" and the "[0m[36m[1m345[0m[36m"[0m                                [90m# MakeABookingSteps.i_enter_the_and_the(String,String,String)[0m


# Created at 2020-05-19T21:51:48.263
Unexpected IOException with stream:     [36mAnd [0m[36mI click the PayNow button[0m                                                              [90m# MakeABookingSteps.i_click_the_PayNow_button()[0m


# Created at 2020-05-19T21:51:48.264
Unexpected IOException with stream:     [36mAnd [0m[36mI close the payment success survey popup if required[0m                                   [90m# MakeABookingSteps.i_close_the_payment_success_survey_popup_if_required()[0m


# Created at 2020-05-19T21:51:48.266
Unexpected IOException with stream:     [36mThen [0m[36mI verify navigation to the Booking Confirmation Page[0m                                  [90m# MakeABookingSteps.i_verify_navigation_to_the_Booking_Confirmation_Page()[0m


# Created at 2020-05-19T21:51:48.267
Unexpected IOException with stream:     [36mAnd [0m[36mI verify confirmed "[0m[36m[1mDover to Calais[0m[36m"[0m                                                   [90m# MakeABookingSteps.i_verify_confirmed(String)[0m


# Created at 2020-05-19T21:51:48.268
Unexpected IOException with stream:     [36mAnd [0m[36mI verify the confirmed vehicle "[0m[36m[1mAKHSPANNISH[0m[36m","[0m[36m[1m7[0m[36m","[0m[36m[1mLess than 2.5 metre[0m[36m","[0m[36m[1mYES[0m[36m" and "[0m[36m[1mYES[0m[36m"[0m [90m# MakeABookingSteps.i_verify_the_confirmed_vehicle_and(String,String,String,String,String)[0m


# Created at 2020-05-19T21:51:48.270
Unexpected IOException with stream:     [36mAnd [0m[36mI verify the confirmed number of "[0m[36m[1m2[0m[36m"[0m                                                   [90m# MakeABookingSteps.i_verify_the_confirmed_number_of(String)[0m


# Created at 2020-05-19T21:51:48.272
Unexpected IOException with stream:     [36mAnd [0m[36mI verify the confirmed Payment Amounts "[0m[36m[1mÂ£ 89.76[0m[36m","[0m[36m[1mÂ£ 17.95[0m[36m" and "[0m[36m[1mÂ£ 107.71[0m[36m"[0m              [90m# MakeABookingSteps.i_verify_the_confirmed_Payment_Amounts_and(String,String,String)[0m


# Created at 2020-05-19T21:51:48.274
Unexpected IOException with stream:     [36mAnd [0m[36mI verify the confirmed Payment Details "[0m[36m[1m19-May-2020[0m[36m","[0m[36m[1mVISA[0m[36m" and "[0m[36m[1mPAGADO[0m[36m"[0m               [90m# MakeABookingSteps.i_verify_the_confirmed_Payment_Details_and(String,String,String)[0m


# Created at 2020-05-19T21:51:48.275
Unexpected IOException with stream:     [33mAnd [0m[33mI capture the waybillNumber[0m                                                            [90m# null[0m


# Created at 2020-05-19T21:51:48.278
Unexpected IOException with stream:     [36mAnd [0m[36mI click the LogOut Link[0m                                                                [90m# LoginSteps.i_click_the_LogOut_Link()[0m


# Created at 2020-05-19T21:51:48.281
Unexpected IOException with stream:       [31morg.openqa.selenium.NoSuchWindowException: no such window: target window already closed
from unknown error: web view not found
  (Session info: chrome=79.0.3945.79)
Build info: version: '3.141.59', revision: 'e82be7d358', time: '2018-11-14T08:17:03'
System info: host: 'DESKTOP-KISPH7H', ip: '192.168.0.7', os.name: 'Windows 10', os.arch: 'amd64', os.version: '10.0', java.version: '1.8.0_241'
Driver info: org.openqa.selenium.chrome.ChromeDriver
Capabilities {acceptInsecureCerts: false, browserName: chrome, browserVersion: 79.0.3945.79, chrome: {chromedriverVersion: 79.0.3945.36 (3582db32b3389..., userDataDir: C:\Users\AKHIL\AppData\Loca...}, goog:chromeOptions: {debuggerAddress: localhost:59248}, javascriptEnabled: true, networkConnectionEnabled: false, pageLoadStrategy: normal, platform: WINDOWS, platformName: WINDOWS, proxy: Proxy(), setWindowRect: true, strictFileInteractability: false, timeouts: {implicit: 0, pageLoad: 300000, script: 30000}, unhandledPromptBehavior: dismiss and notify}
Session ID: 78656c30fd927ae086c438abd1a7d99c
	at sun.reflect.NativeConstructorAccessorImpl.newInstance0(Native Method)
	at sun.reflect.NativeConstructorAccessorImpl.newInstance(NativeConstructorAccessorImpl.java:62)
	at sun.reflect.DelegatingConstructorAccessorImpl.newInstance(DelegatingConstructorAccessorImpl.java:45)
	at java.lang.reflect.Constructor.newInstance(Constructor.java:423)
	at org.openqa.selenium.remote.http.W3CHttpResponseCodec.createException(W3CHttpResponseCodec.java:187)
	at org.openqa.selenium.remote.http.W3CHttpResponseCodec.decode(W3CHttpResponseCodec.java:122)
	at org.openqa.selenium.remote.http.W3CHttpResponseCodec.decode(W3CHttpResponseCodec.java:49)
	at org.openqa.selenium.remote.HttpCommandExecutor.execute(HttpCommandExecutor.java:158)
	at org.openqa.selenium.remote.service.DriverCommandExecutor.execute(DriverCommandExecutor.java:83)
	at org.openqa.selenium.remote.RemoteWebDriver.execute(RemoteWebDriver.java:552)
	at org.openqa.selenium.remote.RemoteWebDriver.execute(RemoteWebDriver.java:609)
	at org.openqa.selenium.remote.RemoteWebDriver.getScreenshotAs(RemoteWebDriver.java:295)
	at com.poferries.freight.AutomationFramework.web.stepDefinitions.AfterActions.tearDown(AfterActions.java:23)
	at sun.reflect.NativeMethodAccessorImpl.invoke0(Native Method)
	at sun.reflect.NativeMethodAccessorImpl.invoke(NativeMethodAccessorImpl.java:62)
	at sun.reflect.DelegatingMethodAccessorImpl.invoke(DelegatingMethodAccessorImpl.java:43)
	at java.lang.reflect.Method.invoke(Method.java:498)
	at cucumber.runtime.Utils$1.call(Utils.java:26)
	at cucumber.runtime.Timeout.timeout(Timeout.java:16)
	at cucumber.runtime.Utils.invoke(Utils.java:20)
	at cucumber.runtime.java.JavaHookDefinition.execute(JavaHookDefinition.java:60)
	at cucumber.runner.HookDefinitionMatch.runStep(HookDefinitionMatch.java:16)
	at cucumber.runner.TestStep.executeStep(TestStep.java:65)
	at cucumber.runner.TestStep.run(TestStep.java:50)
	at cucumber.runner.TestCase.run(TestCase.java:50)
	at cucumber.runner.Runner.runPickle(Runner.java:49)
	at cucumber.api.testng.TestNGCucumberRunner.runScenario(TestNGCucumberRunner.java:57)
	at cucumber.api.testng.AbstractTestNGCucumberTests.runScenario(AbstractTestNGCucumberTests.java:22)
	at sun.reflect.NativeMethodAccessorImpl.invoke0(Native Method)
	at sun.reflect.NativeMethodAccessorImpl.invoke(NativeMethodAccessorImpl.java:62)
	at sun.reflect.DelegatingMethodAccessorImpl.invoke(DelegatingMethodAccessorImpl.java:43)
	at java.lang.reflect.Method.invoke(Method.java:498)
	at org.testng.internal.MethodInvocationHelper.invokeMethod(MethodInvocationHelper.java:124)
	at org.testng.internal.Invoker.invokeMethod(Invoker.java:583)
	at org.testng.internal.Invoker.invokeTestMethod(Invoker.java:719)
	at org.testng.internal.Invoker.invokeTestMethods(Invoker.java:989)
	at org.testng.internal.TestMethodWorker.invokeTestMethods(TestMethodWorker.java:125)
	at org.testng.internal.TestMethodWorker.run(TestMethodWorker.java:109)
	at org.testng.TestRunner.privateRun(TestRunner.java:648)
	at org.testng.TestRunner.run(TestRunner.java:505)
	at org.testng.SuiteRunner.runTest(SuiteRunner.java:455)
	at org.testng.SuiteRunner.runSequentially(SuiteRunner.java:450)
	at org.testng.SuiteRunner.privateRun(SuiteRunner.java:415)
	at org.testng.SuiteRunner.run(SuiteRunner.java:364)
	at org.testng.SuiteRunnerWorker.runSuite(SuiteRunnerWorker.java:52)
	at org.testng.SuiteRunnerWorker.run(SuiteRunnerWorker.java:84)
	at org.testng.TestNG.runSuitesSequentially(TestNG.java:1208)
	at org.testng.TestNG.runSuitesLocally(TestNG.java:1137)
	at org.testng.TestNG.runSuites(TestNG.java:1049)
	at org.testng.TestNG.run(TestNG.java:1017)
	at org.apache.maven.surefire.testng.TestNGExecutor.run(TestNGExecutor.java:283)
	at org.apache.maven.surefire.testng.TestNGXmlTestSuite.execute(TestNGXmlTestSuite.java:75)
	at org.apache.maven.surefire.testng.TestNGProvider.invoke(TestNGProvider.java:120)
	at org.apache.maven.surefire.booter.ForkedBooter.invokeProviderInSameClassLoader(ForkedBooter.java:384)
	at org.apache.maven.surefire.booter.ForkedBooter.runSuitesInProcess(ForkedBooter.java:345)
	at org.apache.maven.surefire.booter.ForkedBooter.execute(ForkedBooter.java:126)
	at org.apache.maven.surefire.booter.ForkedBooter.main(ForkedBooter.java:418)
[0m


# Created at 2020-05-19T21:51:48.283
Unexpected IOException with stream: 


# Created at 2020-05-19T21:51:48.284
Unexpected IOException with stream:   Background:                                          [90m# src/test/resources/features/web/MakeABookingMultipleLanguages.feature:13[0m


# Created at 2020-05-19T21:51:48.286
Unexpected IOException with stream:     [31mGiven [0m[31mI navigate to the PO Ferries Freight Website[0m [90m# MakeABookingSteps.i_navigate_to_the_PO_Ferries_Freight_Website()[0m


# Created at 2020-05-19T21:51:48.289
Unexpected IOException with stream:       [31morg.openqa.selenium.NoSuchWindowException: no such window: target window already closed
from unknown error: web view not found
  (Session info: chrome=79.0.3945.79)
Build info: version: '3.141.59', revision: 'e82be7d358', time: '2018-11-14T08:17:03'
System info: host: 'DESKTOP-KISPH7H', ip: '192.168.0.7', os.name: 'Windows 10', os.arch: 'amd64', os.version: '10.0', java.version: '1.8.0_241'
Driver info: org.openqa.selenium.chrome.ChromeDriver
Capabilities {acceptInsecureCerts: false, browserName: chrome, browserVersion: 79.0.3945.79, chrome: {chromedriverVersion: 79.0.3945.36 (3582db32b3389..., userDataDir: C:\Users\AKHIL\AppData\Loca...}, goog:chromeOptions: {debuggerAddress: localhost:59248}, javascriptEnabled: true, networkConnectionEnabled: false, pageLoadStrategy: normal, platform: WINDOWS, platformName: WINDOWS, proxy: Proxy(), setWindowRect: true, strictFileInteractability: false, timeouts: {implicit: 0, pageLoad: 300000, script: 30000}, unhandledPromptBehavior: dismiss and notify}
Session ID: 78656c30fd927ae086c438abd1a7d99c
	at sun.reflect.NativeConstructorAccessorImpl.newInstance0(Native Method)
	at sun.reflect.NativeConstructorAccessorImpl.newInstance(NativeConstructorAccessorImpl.java:62)
	at sun.reflect.DelegatingConstructorAccessorImpl.newInstance(DelegatingConstructorAccessorImpl.java:45)
	at java.lang.reflect.Constructor.newInstance(Constructor.java:423)
	at org.openqa.selenium.remote.http.W3CHttpResponseCodec.createException(W3CHttpResponseCodec.java:187)
	at org.openqa.selenium.remote.http.W3CHttpResponseCodec.decode(W3CHttpResponseCodec.java:122)
	at org.openqa.selenium.remote.http.W3CHttpResponseCodec.decode(W3CHttpResponseCodec.java:49)
	at org.openqa.selenium.remote.HttpCommandExecutor.execute(HttpCommandExecutor.java:158)
	at org.openqa.selenium.remote.service.DriverCommandExecutor.execute(DriverCommandExecutor.java:83)
	at org.openqa.selenium.remote.RemoteWebDriver.execute(RemoteWebDriver.java:552)
	at org.openqa.selenium.remote.RemoteWebDriver.get(RemoteWebDriver.java:277)
	at com.poferries.freight.AutomationFramework.web.utilities.SeleniumDriver.openPage(SeleniumDriver.java:39)
	at com.poferries.freight.AutomationFramework.web.stepDefinitions.MakeABookingSteps.i_navigate_to_the_PO_Ferries_Freight_Website(MakeABookingSteps.java:57)
	at ?.I navigate to the PO Ferries Freight Website(file:src/test/resources/features/web/MakeABookingMultipleLanguages.feature:14)
[0m


# Created at 2020-05-19T21:51:48.291
Unexpected IOException with stream:     [36mAnd [0m[36mI click the Book Now Link[0m                      [90m# LoginSteps.i_click_the_Book_Now_Link()[0m


# Created at 2020-05-19T21:51:48.292
Unexpected IOException with stream:     [36mAnd [0m[36mI verfy navigation to the Account holders Page[0m [90m# MakeABookingSteps.i_verfy_navigation_to_the_Account_holders_Page()[0m


# Created at 2020-05-19T21:51:48.294
Unexpected IOException with stream:     [36mAnd [0m[36mI click the PayAndGo SignIn Link[0m               [90m# MakeABookingSteps.i_click_the_PayAndGo_SignIn_Link()[0m


# Created at 2020-05-19T21:51:48.295
Unexpected IOException with stream:     [36mAnd [0m[36mI verify navigation to the Login page[0m          [90m# LoginSteps.i_verify_navigation_to_the_Login_page()[0m


# Created at 2020-05-19T21:51:48.297
Unexpected IOException with stream:     [36mAnd [0m[36mI successfully login[0m                           [90m# MakeABookingSteps.i_successfully_login()[0m


# Created at 2020-05-19T21:51:48.298
Unexpected IOException with stream: 


# Created at 2020-05-19T21:51:48.299
Unexpected IOException with stream:   @Regression


# Created at 2020-05-19T21:51:48.300
Unexpected IOException with stream:   Scenario Outline: Make a booking for a prelodgement                                 [90m# src/test/resources/features/web/MakeABookingMultipleLanguages.feature:66[0m


# Created at 2020-05-19T21:51:48.301
Unexpected IOException with stream:     [36mAnd [0m[36mI set the "[0m[36m[1men[0m[36m" and "[0m[36m[1mMetre[0m[36m" units[0m                                              [90m# MakeABookingSteps.i_set_the_and_units(String,String)[0m


# Created at 2020-05-19T21:51:48.302
Unexpected IOException with stream:     [36mAnd [0m[36mI click the Book Link[0m                                                         [90m# MakeABookingSteps.i_click_the_Book_Link()[0m


# Created at 2020-05-19T21:51:48.304
Unexpected IOException with stream:     [36mAnd [0m[36mI verify navigation to the Book Now Page[0m                                      [90m# MakeABookingSteps.i_verify_navigation_to_the_Book_Now_Page()[0m


# Created at 2020-05-19T21:51:48.305
Unexpected IOException with stream:     [36mWhen [0m[36mI select the "[0m[36m[1mDover to Calais[0m[36m" and "[0m[36m[1m2[0m[36m"[0m                                       [90m# MakeABookingSteps.i_select_the_and(String,String)[0m


# Created at 2020-05-19T21:51:48.307
Unexpected IOException with stream:     [36mAnd [0m[36mI select the journey type as "[0m[36m[1mOneWay[0m[36m"[0m                                         [90m# MakeABookingSteps.i_select_the_journey_type_as(String)[0m


# Created at 2020-05-19T21:51:48.309
Unexpected IOException with stream:     [36mAnd [0m[36mI select the currency "[0m[36m[1mGBP[0m[36m" and the country of origin "[0m[36m[1mUnited Kingdom[0m[36m"[0m        [90m# MakeABookingSteps.i_select_the_currency_and_the_country_of_origin(String,String)[0m


# Created at 2020-05-19T21:51:48.310
Unexpected IOException with stream:     [36mAnd [0m[36mI make selections for "[0m[36m[1mNO[0m[36m" and "[0m[36m[1mNO[0m[36m"[0m                                           [90m# MakeABookingSteps.i_make_selections_for_and(String,String)[0m


# Created at 2020-05-19T21:51:48.311
Unexpected IOException with stream:     [36mAnd [0m[36mI click continue on the Select Route Form[0m                                     [90m# MakeABookingSteps.i_click_continue_on_the_Select_Route_Form()[0m


# Created at 2020-05-19T21:51:48.312
Unexpected IOException with stream:     [36mAnd [0m[36mI verify navigation to the Vehicle Reg Form[0m                                   [90m# MakeABookingSteps.i_verify_navigation_to_the_Vehicle_Reg_Form()[0m


# Created at 2020-05-19T21:51:48.314
Unexpected IOException with stream:     [36mAnd [0m[36mI enter the Vehicle Reg "[0m[36m[1mAKHILENG[0m[36m" and "[0m[36m[1m10[0m[36m"[0m                                   [90m# MakeABookingSteps.i_enter_the_Vehicle_Reg_and(String,String)[0m


# Created at 2020-05-19T21:51:48.316
Unexpected IOException with stream:     [36mAnd [0m[36mI slect the vehicle "[0m[36m[1mNA[0m[36m"[0m                                                      [90m# MakeABookingSteps.i_slect_the_vehicle(String)[0m


# Created at 2020-05-19T21:51:48.317
Unexpected IOException with stream:     [36mAnd [0m[36mI make selections for vehicle "[0m[36m[1mYES[0m[36m" and "[0m[36m[1mYES[0m[36m"[0m                                 [90m# MakeABookingSteps.i_make_selections_for_vehicle_and(String,String)[0m


# Created at 2020-05-19T21:51:48.319
Unexpected IOException with stream:     [36mAnd [0m[36mI click continue on the Vehicle Registration Form[0m                             [90m# MakeABookingSteps.i_click_continue_on_the_Vehicle_Registration_Form()[0m


# Created at 2020-05-19T21:51:48.320
Unexpected IOException with stream:     [36mAnd [0m[36mI verify navigation to the Review Booking Details Form[0m                        [90m# MakeABookingSteps.i_verify_navigation_to_the_Review_Booking_Details_Form()[0m


# Created at 2020-05-19T21:51:48.321
Unexpected IOException with stream:     [36mAnd [0m[36mI verify the "[0m[36m[1mDover[0m[36m" and "[0m[36m[1mCalais[0m[36m" ports[0m                                       [90m# MakeABookingSteps.i_verify_the_and_ports(String,String)[0m


# Created at 2020-05-19T21:51:48.323
Unexpected IOException with stream:     [36mAnd [0m[36mI verify the vehicle "[0m[36m[1mAKHILENG[0m[36m","[0m[36m[1m10[0m[36m","[0m[36m[1mNA[0m[36m","[0m[36m[1mYES[0m[36m" and "[0m[36m[1mYES[0m[36m"[0m                     [90m# MakeABookingSteps.i_verify_the_vehicle_and(String,String,String,String,String)[0m


# Created at 2020-05-19T21:51:48.324
Unexpected IOException with stream:     [36mAnd [0m[36mI verify the number of "[0m[36m[1m2[0m[36m"[0m                                                    [90m# MakeABookingSteps.i_verify_the_number_of(String)[0m


# Created at 2020-05-19T21:51:48.326
Unexpected IOException with stream:     [36mAnd [0m[36mI verify the "[0m[36m[1mÂ£ 155.66[0m[36m","[0m[36m[1mÂ£ 31.13[0m[36m" and "[0m[36m[1mÂ£ 186.79[0m[36m"[0m                              [90m# MakeABookingSteps.i_verify_the_and(String,String,String)[0m


# Created at 2020-05-19T21:51:48.327
Unexpected IOException with stream:     [36mAnd [0m[36mI click the "[0m[36m[1mYES[0m[36m" checkbox[0m                                                    [90m# MakeABookingSteps.i_click_the_checkbox(String)[0m


# Created at 2020-05-19T21:51:48.328
Unexpected IOException with stream:     [36mAnd [0m[36mI make a selection for "[0m[36m[1mYES[0m[36m"[0m                                                  [90m# MakeABookingSteps.i_make_a_selection_for(String)[0m


# Created at 2020-05-19T21:51:48.329
Unexpected IOException with stream:     [36mAnd [0m[36mI click the Proceed To Payment button[0m                                         [90m# MakeABookingSteps.i_click_the_Proceed_To_Payment_button()[0m


# Created at 2020-05-19T21:51:48.330
Unexpected IOException with stream:     [36mAnd [0m[36mI verify navigation to the Payment Page[0m                                       [90m# MakeABookingSteps.i_verify_navigation_to_the_Payment_Page()[0m


# Created at 2020-05-19T21:51:48.332
Unexpected IOException with stream:     [36mAnd [0m[36mI verify the "[0m[36m[1mAkhil Pinnamaraju[0m[36m" and "[0m[36m[1mÂ£186.79[0m[36m"[0m                                [90m# MakeABookingSteps.i_verify_the_and(String,String)[0m


# Created at 2020-05-19T21:51:48.333
Unexpected IOException with stream:     [36mAnd [0m[36mI verify the "[0m[36m[1m10 Nelson Close[0m[36m","[0m[36m[1mCrownhill[0m[36m","[0m[36m[1mMilton Keynes[0m[36m","[0m[36m[1mGB[0m[36m" and "[0m[36m[1mMK8 0DL[0m[36m"[0m [90m# MakeABookingSteps.i_verify_the_and(String,String,String,String,String)[0m


# Created at 2020-05-19T21:51:48.334
Unexpected IOException with stream:     [36mAnd [0m[36mI enter the "[0m[36m[1m4111 1111 1111 1111[0m[36m","[0m[36m[1m08/20[0m[36m" and the "[0m[36m[1m345[0m[36m"[0m                       [90m# MakeABookingSteps.i_enter_the_and_the(String,String,String)[0m


# Created at 2020-05-19T21:51:48.336
Unexpected IOException with stream:     [36mAnd [0m[36mI click the PayNow button[0m                                                     [90m# MakeABookingSteps.i_click_the_PayNow_button()[0m


# Created at 2020-05-19T21:51:48.337
Unexpected IOException with stream:     [36mAnd [0m[36mI close the payment success survey popup if required[0m                          [90m# MakeABookingSteps.i_close_the_payment_success_survey_popup_if_required()[0m


# Created at 2020-05-19T21:51:48.339
Unexpected IOException with stream:     [36mThen [0m[36mI verify navigation to the Booking Confirmation Page[0m                         [90m# MakeABookingSteps.i_verify_navigation_to_the_Booking_Confirmation_Page()[0m


# Created at 2020-05-19T21:51:48.340
Unexpected IOException with stream:     [36mAnd [0m[36mI verify confirmed "[0m[36m[1mDover to Calais[0m[36m"[0m                                          [90m# MakeABookingSteps.i_verify_confirmed(String)[0m


# Created at 2020-05-19T21:51:48.342
Unexpected IOException with stream:     [36mAnd [0m[36mI verify the confirmed vehicle "[0m[36m[1mAKHILENG[0m[36m","[0m[36m[1m10[0m[36m","[0m[36m[1mNA[0m[36m","[0m[36m[1mYES[0m[36m" and "[0m[36m[1mYES[0m[36m"[0m           [90m# MakeABookingSteps.i_verify_the_confirmed_vehicle_and(String,String,String,String,String)[0m


# Created at 2020-05-19T21:51:48.343
Unexpected IOException with stream:     [36mAnd [0m[36mI verify the confirmed number of "[0m[36m[1m2[0m[36m"[0m                                          [90m# MakeABookingSteps.i_verify_the_confirmed_number_of(String)[0m


# Created at 2020-05-19T21:51:48.344
Unexpected IOException with stream:     [36mAnd [0m[36mI verify the confirmed Payment Amounts "[0m[36m[1mÂ£ 155.66[0m[36m","[0m[36m[1mÂ£ 31.13[0m[36m" and "[0m[36m[1mÂ£ 186.79[0m[36m"[0m    [90m# MakeABookingSteps.i_verify_the_confirmed_Payment_Amounts_and(String,String,String)[0m


# Created at 2020-05-19T21:51:48.346
Unexpected IOException with stream:     [36mAnd [0m[36mI verify the confirmed Payment Details "[0m[36m[1m19-May-2020[0m[36m","[0m[36m[1mVISA[0m[36m" and "[0m[36m[1mPAID[0m[36m"[0m        [90m# MakeABookingSteps.i_verify_the_confirmed_Payment_Details_and(String,String,String)[0m


# Created at 2020-05-19T21:51:48.347
Unexpected IOException with stream:     [33mAnd [0m[33mI capture the waybillNumber[0m                                                   [90m# null[0m


# Created at 2020-05-19T21:51:48.348
Unexpected IOException with stream:     [36mAnd [0m[36mI click the LogOut Link[0m                                                       [90m# LoginSteps.i_click_the_LogOut_Link()[0m


# Created at 2020-05-19T21:51:48.350
Unexpected IOException with stream:       [31morg.openqa.selenium.NoSuchWindowException: no such window: target window already closed
from unknown error: web view not found
  (Session info: chrome=79.0.3945.79)
Build info: version: '3.141.59', revision: 'e82be7d358', time: '2018-11-14T08:17:03'
System info: host: 'DESKTOP-KISPH7H', ip: '192.168.0.7', os.name: 'Windows 10', os.arch: 'amd64', os.version: '10.0', java.version: '1.8.0_241'
Driver info: org.openqa.selenium.chrome.ChromeDriver
Capabilities {acceptInsecureCerts: false, browserName: chrome, browserVersion: 79.0.3945.79, chrome: {chromedriverVersion: 79.0.3945.36 (3582db32b3389..., userDataDir: C:\Users\AKHIL\AppData\Loca...}, goog:chromeOptions: {debuggerAddress: localhost:59248}, javascriptEnabled: true, networkConnectionEnabled: false, pageLoadStrategy: normal, platform: WINDOWS, platformName: WINDOWS, proxy: Proxy(), setWindowRect: true, strictFileInteractability: false, timeouts: {implicit: 0, pageLoad: 300000, script: 30000}, unhandledPromptBehavior: dismiss and notify}
Session ID: 78656c30fd927ae086c438abd1a7d99c
	at sun.reflect.NativeConstructorAccessorImpl.newInstance0(Native Method)
	at sun.reflect.NativeConstructorAccessorImpl.newInstance(NativeConstructorAccessorImpl.java:62)
	at sun.reflect.DelegatingConstructorAccessorImpl.newInstance(DelegatingConstructorAccessorImpl.java:45)
	at java.lang.reflect.Constructor.newInstance(Constructor.java:423)
	at org.openqa.selenium.remote.http.W3CHttpResponseCodec.createException(W3CHttpResponseCodec.java:187)
	at org.openqa.selenium.remote.http.W3CHttpResponseCodec.decode(W3CHttpResponseCodec.java:122)
	at org.openqa.selenium.remote.http.W3CHttpResponseCodec.decode(W3CHttpResponseCodec.java:49)
	at org.openqa.selenium.remote.HttpCommandExecutor.execute(HttpCommandExecutor.java:158)
	at org.openqa.selenium.remote.service.DriverCommandExecutor.execute(DriverCommandExecutor.java:83)
	at org.openqa.selenium.remote.RemoteWebDriver.execute(RemoteWebDriver.java:552)
	at org.openqa.selenium.remote.RemoteWebDriver.execute(RemoteWebDriver.java:609)
	at org.openqa.selenium.remote.RemoteWebDriver.getScreenshotAs(RemoteWebDriver.java:295)
	at com.poferries.freight.AutomationFramework.web.stepDefinitions.AfterActions.tearDown(AfterActions.java:23)
	at sun.reflect.NativeMethodAccessorImpl.invoke0(Native Method)
	at sun.reflect.NativeMethodAccessorImpl.invoke(NativeMethodAccessorImpl.java:62)
	at sun.reflect.DelegatingMethodAccessorImpl.invoke(DelegatingMethodAccessorImpl.java:43)
	at java.lang.reflect.Method.invoke(Method.java:498)
	at cucumber.runtime.Utils$1.call(Utils.java:26)
	at cucumber.runtime.Timeout.timeout(Timeout.java:16)
	at cucumber.runtime.Utils.invoke(Utils.java:20)
	at cucumber.runtime.java.JavaHookDefinition.execute(JavaHookDefinition.java:60)
	at cucumber.runner.HookDefinitionMatch.runStep(HookDefinitionMatch.java:16)
	at cucumber.runner.TestStep.executeStep(TestStep.java:65)
	at cucumber.runner.TestStep.run(TestStep.java:50)
	at cucumber.runner.TestCase.run(TestCase.java:50)
	at cucumber.runner.Runner.runPickle(Runner.java:49)
	at cucumber.api.testng.TestNGCucumberRunner.runScenario(TestNGCucumberRunner.java:57)
	at cucumber.api.testng.AbstractTestNGCucumberTests.runScenario(AbstractTestNGCucumberTests.java:22)
	at sun.reflect.NativeMethodAccessorImpl.invoke0(Native Method)
	at sun.reflect.NativeMethodAccessorImpl.invoke(NativeMethodAccessorImpl.java:62)
	at sun.reflect.DelegatingMethodAccessorImpl.invoke(DelegatingMethodAccessorImpl.java:43)
	at java.lang.reflect.Method.invoke(Method.java:498)
	at org.testng.internal.MethodInvocationHelper.invokeMethod(MethodInvocationHelper.java:124)
	at org.testng.internal.Invoker.invokeMethod(Invoker.java:583)
	at org.testng.internal.Invoker.invokeTestMethod(Invoker.java:719)
	at org.testng.internal.Invoker.invokeTestMethods(Invoker.java:989)
	at org.testng.internal.TestMethodWorker.invokeTestMethods(TestMethodWorker.java:125)
	at org.testng.internal.TestMethodWorker.run(TestMethodWorker.java:109)
	at org.testng.TestRunner.privateRun(TestRunner.java:648)
	at org.testng.TestRunner.run(TestRunner.java:505)
	at org.testng.SuiteRunner.runTest(SuiteRunner.java:455)
	at org.testng.SuiteRunner.runSequentially(SuiteRunner.java:450)
	at org.testng.SuiteRunner.privateRun(SuiteRunner.java:415)
	at org.testng.SuiteRunner.run(SuiteRunner.java:364)
	at org.testng.SuiteRunnerWorker.runSuite(SuiteRunnerWorker.java:52)
	at org.testng.SuiteRunnerWorker.run(SuiteRunnerWorker.java:84)
	at org.testng.TestNG.runSuitesSequentially(TestNG.java:1208)
	at org.testng.TestNG.runSuitesLocally(TestNG.java:1137)
	at org.testng.TestNG.runSuites(TestNG.java:1049)
	at org.testng.TestNG.run(TestNG.java:1017)
	at org.apache.maven.surefire.testng.TestNGExecutor.run(TestNGExecutor.java:283)
	at org.apache.maven.surefire.testng.TestNGXmlTestSuite.execute(TestNGXmlTestSuite.java:75)
	at org.apache.maven.surefire.testng.TestNGProvider.invoke(TestNGProvider.java:120)
	at org.apache.maven.surefire.booter.ForkedBooter.invokeProviderInSameClassLoader(ForkedBooter.java:384)
	at org.apache.maven.surefire.booter.ForkedBooter.runSuitesInProcess(ForkedBooter.java:345)
	at org.apache.maven.surefire.booter.ForkedBooter.execute(ForkedBooter.java:126)
	at org.apache.maven.surefire.booter.ForkedBooter.main(ForkedBooter.java:418)
[0m


# Created at 2020-05-19T21:51:48.351
Unexpected IOException with stream: 


# Created at 2020-05-19T21:51:48.352
Unexpected IOException with stream:   Background:                                          [90m# src/test/resources/features/web/MakeABookingMultipleLanguages.feature:13[0m


# Created at 2020-05-19T21:51:48.354
Unexpected IOException with stream:     [31mGiven [0m[31mI navigate to the PO Ferries Freight Website[0m [90m# MakeABookingSteps.i_navigate_to_the_PO_Ferries_Freight_Website()[0m


# Created at 2020-05-19T21:51:48.355
Unexpected IOException with stream:       [31morg.openqa.selenium.NoSuchWindowException: no such window: target window already closed
from unknown error: web view not found
  (Session info: chrome=79.0.3945.79)
Build info: version: '3.141.59', revision: 'e82be7d358', time: '2018-11-14T08:17:03'
System info: host: 'DESKTOP-KISPH7H', ip: '192.168.0.7', os.name: 'Windows 10', os.arch: 'amd64', os.version: '10.0', java.version: '1.8.0_241'
Driver info: org.openqa.selenium.chrome.ChromeDriver
Capabilities {acceptInsecureCerts: false, browserName: chrome, browserVersion: 79.0.3945.79, chrome: {chromedriverVersion: 79.0.3945.36 (3582db32b3389..., userDataDir: C:\Users\AKHIL\AppData\Loca...}, goog:chromeOptions: {debuggerAddress: localhost:59248}, javascriptEnabled: true, networkConnectionEnabled: false, pageLoadStrategy: normal, platform: WINDOWS, platformName: WINDOWS, proxy: Proxy(), setWindowRect: true, strictFileInteractability: false, timeouts: {implicit: 0, pageLoad: 300000, script: 30000}, unhandledPromptBehavior: dismiss and notify}
Session ID: 78656c30fd927ae086c438abd1a7d99c
	at sun.reflect.NativeConstructorAccessorImpl.newInstance0(Native Method)
	at sun.reflect.NativeConstructorAccessorImpl.newInstance(NativeConstructorAccessorImpl.java:62)
	at sun.reflect.DelegatingConstructorAccessorImpl.newInstance(DelegatingConstructorAccessorImpl.java:45)
	at java.lang.reflect.Constructor.newInstance(Constructor.java:423)
	at org.openqa.selenium.remote.http.W3CHttpResponseCodec.createException(W3CHttpResponseCodec.java:187)
	at org.openqa.selenium.remote.http.W3CHttpResponseCodec.decode(W3CHttpResponseCodec.java:122)
	at org.openqa.selenium.remote.http.W3CHttpResponseCodec.decode(W3CHttpResponseCodec.java:49)
	at org.openqa.selenium.remote.HttpCommandExecutor.execute(HttpCommandExecutor.java:158)
	at org.openqa.selenium.remote.service.DriverCommandExecutor.execute(DriverCommandExecutor.java:83)
	at org.openqa.selenium.remote.RemoteWebDriver.execute(RemoteWebDriver.java:552)
	at org.openqa.selenium.remote.RemoteWebDriver.get(RemoteWebDriver.java:277)
	at com.poferries.freight.AutomationFramework.web.utilities.SeleniumDriver.openPage(SeleniumDriver.java:39)
	at com.poferries.freight.AutomationFramework.web.stepDefinitions.MakeABookingSteps.i_navigate_to_the_PO_Ferries_Freight_Website(MakeABookingSteps.java:57)
	at ?.I navigate to the PO Ferries Freight Website(file:src/test/resources/features/web/MakeABookingMultipleLanguages.feature:14)
[0m


# Created at 2020-05-19T21:51:48.357
Unexpected IOException with stream:     [36mAnd [0m[36mI click the Book Now Link[0m                      [90m# LoginSteps.i_click_the_Book_Now_Link()[0m


# Created at 2020-05-19T21:51:48.359
Unexpected IOException with stream:     [36mAnd [0m[36mI verfy navigation to the Account holders Page[0m [90m# MakeABookingSteps.i_verfy_navigation_to_the_Account_holders_Page()[0m


# Created at 2020-05-19T21:51:48.360
Unexpected IOException with stream:     [36mAnd [0m[36mI click the PayAndGo SignIn Link[0m               [90m# MakeABookingSteps.i_click_the_PayAndGo_SignIn_Link()[0m


# Created at 2020-05-19T21:51:48.361
Unexpected IOException with stream:     [36mAnd [0m[36mI verify navigation to the Login page[0m          [90m# LoginSteps.i_verify_navigation_to_the_Login_page()[0m


# Created at 2020-05-19T21:51:48.363
Unexpected IOException with stream:     [36mAnd [0m[36mI successfully login[0m                           [90m# MakeABookingSteps.i_successfully_login()[0m


# Created at 2020-05-19T21:51:48.364
Unexpected IOException with stream: 


# Created at 2020-05-19T21:51:48.364
Unexpected IOException with stream:   @Regression


# Created at 2020-05-19T21:51:48.365
Unexpected IOException with stream:   Scenario Outline: Make a booking for a prelodgement                                 [90m# src/test/resources/features/web/MakeABookingMultipleLanguages.feature:67[0m


# Created at 2020-05-19T21:51:48.366
Unexpected IOException with stream:     [36mAnd [0m[36mI set the "[0m[36m[1mpl[0m[36m" and "[0m[36m[1mFeet[0m[36m" units[0m                                               [90m# MakeABookingSteps.i_set_the_and_units(String,String)[0m


# Created at 2020-05-19T21:51:48.368
Unexpected IOException with stream:     [36mAnd [0m[36mI click the Book Link[0m                                                         [90m# MakeABookingSteps.i_click_the_Book_Link()[0m


# Created at 2020-05-19T21:51:48.369
Unexpected IOException with stream:     [36mAnd [0m[36mI verify navigation to the Book Now Page[0m                                      [90m# MakeABookingSteps.i_verify_navigation_to_the_Book_Now_Page()[0m


# Created at 2020-05-19T21:51:48.370
Unexpected IOException with stream:     [36mWhen [0m[36mI select the "[0m[36m[1mCalais to Dover[0m[36m" and "[0m[36m[1m1[0m[36m"[0m                                       [90m# MakeABookingSteps.i_select_the_and(String,String)[0m


# Created at 2020-05-19T21:51:48.372
Unexpected IOException with stream:     [36mAnd [0m[36mI select the journey type as "[0m[36m[1mOneWay[0m[36m"[0m                                         [90m# MakeABookingSteps.i_select_the_journey_type_as(String)[0m


# Created at 2020-05-19T21:51:48.373
Unexpected IOException with stream:     [36mAnd [0m[36mI select the currency "[0m[36m[1mEuro[0m[36m" and the country of origin "[0m[36m[1mUnited Kingdom[0m[36m"[0m       [90m# MakeABookingSteps.i_select_the_currency_and_the_country_of_origin(String,String)[0m


# Created at 2020-05-19T21:51:48.375
Unexpected IOException with stream:     [36mAnd [0m[36mI make selections for "[0m[36m[1mNO[0m[36m" and "[0m[36m[1mNO[0m[36m"[0m                                           [90m# MakeABookingSteps.i_make_selections_for_and(String,String)[0m


# Created at 2020-05-19T21:51:48.376
Unexpected IOException with stream:     [36mAnd [0m[36mI click continue on the Select Route Form[0m                                     [90m# MakeABookingSteps.i_click_continue_on_the_Select_Route_Form()[0m


# Created at 2020-05-19T21:51:48.377
Unexpected IOException with stream:     [36mAnd [0m[36mI verify navigation to the Vehicle Reg Form[0m                                   [90m# MakeABookingSteps.i_verify_navigation_to_the_Vehicle_Reg_Form()[0m


# Created at 2020-05-19T21:51:48.378
Unexpected IOException with stream:     [36mAnd [0m[36mI enter the Vehicle Reg "[0m[36m[1mAKHILPOLISH[0m[36m" and "[0m[36m[1m46.00[0m[36m"[0m                             [90m# MakeABookingSteps.i_enter_the_Vehicle_Reg_and(String,String)[0m


# Created at 2020-05-19T21:51:48.379
Unexpected IOException with stream:     [36mAnd [0m[36mI slect the vehicle "[0m[36m[1mNA[0m[36m"[0m                                                      [90m# MakeABookingSteps.i_slect_the_vehicle(String)[0m


# Created at 2020-05-19T21:51:48.380
Unexpected IOException with stream:     [36mAnd [0m[36mI make selections for vehicle "[0m[36m[1mYES[0m[36m" and "[0m[36m[1mYES[0m[36m"[0m                                 [90m# MakeABookingSteps.i_make_selections_for_vehicle_and(String,String)[0m


# Created at 2020-05-19T21:51:48.381
Unexpected IOException with stream:     [36mAnd [0m[36mI click continue on the Vehicle Registration Form[0m                             [90m# MakeABookingSteps.i_click_continue_on_the_Vehicle_Registration_Form()[0m


# Created at 2020-05-19T21:51:48.381
Unexpected IOException with stream:     [36mAnd [0m[36mI verify navigation to the Review Booking Details Form[0m                        [90m# MakeABookingSteps.i_verify_navigation_to_the_Review_Booking_Details_Form()[0m


# Created at 2020-05-19T21:51:48.382
Unexpected IOException with stream:     [36mAnd [0m[36mI verify the "[0m[36m[1mCalais[0m[36m" and "[0m[36m[1mDover[0m[36m" ports[0m                                       [90m# MakeABookingSteps.i_verify_the_and_ports(String,String)[0m


# Created at 2020-05-19T21:51:48.383
Unexpected IOException with stream:     [36mAnd [0m[36mI verify the vehicle "[0m[36m[1mAKHILPOLISH[0m[36m","[0m[36m[1m46.00[0m[36m","[0m[36m[1mNA[0m[36m","[0m[36m[1mYES[0m[36m" and "[0m[36m[1mYES[0m[36m"[0m               [90m# MakeABookingSteps.i_verify_the_vehicle_and(String,String,String,String,String)[0m


# Created at 2020-05-19T21:51:48.383
Unexpected IOException with stream:     [36mAnd [0m[36mI verify the number of "[0m[36m[1m1[0m[36m"[0m                                                    [90m# MakeABookingSteps.i_verify_the_number_of(String)[0m


# Created at 2020-05-19T21:51:48.384
Unexpected IOException with stream:     [36mAnd [0m[36mI verify the "[0m[36m[1mâ¬ 207.53[0m[36m","[0m[36m[1mâ¬ 41.51[0m[36m" and "[0m[36m[1mâ¬ 249.04[0m[36m"[0m                              [90m# MakeABookingSteps.i_verify_the_and(String,String,String)[0m


# Created at 2020-05-19T21:51:48.385
Unexpected IOException with stream:     [36mAnd [0m[36mI click the "[0m[36m[1mYES[0m[36m" checkbox[0m                                                    [90m# MakeABookingSteps.i_click_the_checkbox(String)[0m


# Created at 2020-05-19T21:51:48.386
Unexpected IOException with stream:     [36mAnd [0m[36mI make a selection for "[0m[36m[1mYES[0m[36m"[0m                                                  [90m# MakeABookingSteps.i_make_a_selection_for(String)[0m


# Created at 2020-05-19T21:51:48.386
Unexpected IOException with stream:     [36mAnd [0m[36mI click the Proceed To Payment button[0m                                         [90m# MakeABookingSteps.i_click_the_Proceed_To_Payment_button()[0m


# Created at 2020-05-19T21:51:48.387
Unexpected IOException with stream:     [36mAnd [0m[36mI verify navigation to the Payment Page[0m                                       [90m# MakeABookingSteps.i_verify_navigation_to_the_Payment_Page()[0m


# Created at 2020-05-19T21:51:48.387
Unexpected IOException with stream:     [36mAnd [0m[36mI verify the "[0m[36m[1mAkhil Pinnamaraju[0m[36m" and "[0m[36m[1mâ¬249.04[0m[36m"[0m                                [90m# MakeABookingSteps.i_verify_the_and(String,String)[0m


# Created at 2020-05-19T21:51:48.388
Unexpected IOException with stream:     [36mAnd [0m[36mI verify the "[0m[36m[1m10 Nelson Close[0m[36m","[0m[36m[1mCrownhill[0m[36m","[0m[36m[1mMilton Keynes[0m[36m","[0m[36m[1mGB[0m[36m" and "[0m[36m[1mMK8 0DL[0m[36m"[0m [90m# MakeABookingSteps.i_verify_the_and(String,String,String,String,String)[0m


# Created at 2020-05-19T21:51:48.389
Unexpected IOException with stream:     [36mAnd [0m[36mI enter the "[0m[36m[1m4111 1111 1111 1111[0m[36m","[0m[36m[1m08/20[0m[36m" and the "[0m[36m[1m345[0m[36m"[0m                       [90m# MakeABookingSteps.i_enter_the_and_the(String,String,String)[0m


# Created at 2020-05-19T21:51:48.390
Unexpected IOException with stream:     [36mAnd [0m[36mI click the PayNow button[0m                                                     [90m# MakeABookingSteps.i_click_the_PayNow_button()[0m


# Created at 2020-05-19T21:51:48.392
Unexpected IOException with stream:     [36mAnd [0m[36mI close the payment success survey popup if required[0m                          [90m# MakeABookingSteps.i_close_the_payment_success_survey_popup_if_required()[0m


# Created at 2020-05-19T21:51:48.393
Unexpected IOException with stream:     [36mThen [0m[36mI verify navigation to the Booking Confirmation Page[0m                         [90m# MakeABookingSteps.i_verify_navigation_to_the_Booking_Confirmation_Page()[0m


# Created at 2020-05-19T21:51:48.394
Unexpected IOException with stream:     [36mAnd [0m[36mI verify confirmed "[0m[36m[1mCalais to Dover[0m[36m"[0m                                          [90m# MakeABookingSteps.i_verify_confirmed(String)[0m


# Created at 2020-05-19T21:51:48.395
Unexpected IOException with stream:     [36mAnd [0m[36mI verify the confirmed vehicle "[0m[36m[1mAKHILPOLISH[0m[36m","[0m[36m[1m46.00[0m[36m","[0m[36m[1mNA[0m[36m","[0m[36m[1mYES[0m[36m" and "[0m[36m[1mYES[0m[36m"[0m     [90m# MakeABookingSteps.i_verify_the_confirmed_vehicle_and(String,String,String,String,String)[0m


# Created at 2020-05-19T21:51:48.396
Unexpected IOException with stream:     [36mAnd [0m[36mI verify the confirmed number of "[0m[36m[1m1[0m[36m"[0m                                          [90m# MakeABookingSteps.i_verify_the_confirmed_number_of(String)[0m


# Created at 2020-05-19T21:51:48.397
Unexpected IOException with stream:     [36mAnd [0m[36mI verify the confirmed Payment Amounts "[0m[36m[1mâ¬ 207.53[0m[36m","[0m[36m[1mâ¬ 41.51[0m[36m" and "[0m[36m[1mâ¬ 249.04[0m[36m"[0m    [90m# MakeABookingSteps.i_verify_the_confirmed_Payment_Amounts_and(String,String,String)[0m


# Created at 2020-05-19T21:51:48.398
Unexpected IOException with stream:     [36mAnd [0m[36mI verify the confirmed Payment Details "[0m[36m[1m19-May-2020[0m[36m","[0m[36m[1mVISA[0m[36m" and "[0m[36m[1mP?ATNY[0m[36m"[0m      [90m# MakeABookingSteps.i_verify_the_confirmed_Payment_Details_and(String,String,String)[0m


# Created at 2020-05-19T21:51:48.398
Unexpected IOException with stream:     [33mAnd [0m[33mI capture the waybillNumber[0m                                                   [90m# null[0m


# Created at 2020-05-19T21:51:48.399
Unexpected IOException with stream:     [36mAnd [0m[36mI click the LogOut Link[0m                                                       [90m# LoginSteps.i_click_the_LogOut_Link()[0m


# Created at 2020-05-19T21:51:48.402
Unexpected IOException with stream:       [31morg.openqa.selenium.NoSuchWindowException: no such window: target window already closed
from unknown error: web view not found
  (Session info: chrome=79.0.3945.79)
Build info: version: '3.141.59', revision: 'e82be7d358', time: '2018-11-14T08:17:03'
System info: host: 'DESKTOP-KISPH7H', ip: '192.168.0.7', os.name: 'Windows 10', os.arch: 'amd64', os.version: '10.0', java.version: '1.8.0_241'
Driver info: org.openqa.selenium.chrome.ChromeDriver
Capabilities {acceptInsecureCerts: false, browserName: chrome, browserVersion: 79.0.3945.79, chrome: {chromedriverVersion: 79.0.3945.36 (3582db32b3389..., userDataDir: C:\Users\AKHIL\AppData\Loca...}, goog:chromeOptions: {debuggerAddress: localhost:59248}, javascriptEnabled: true, networkConnectionEnabled: false, pageLoadStrategy: normal, platform: WINDOWS, platformName: WINDOWS, proxy: Proxy(), setWindowRect: true, strictFileInteractability: false, timeouts: {implicit: 0, pageLoad: 300000, script: 30000}, unhandledPromptBehavior: dismiss and notify}
Session ID: 78656c30fd927ae086c438abd1a7d99c
	at sun.reflect.NativeConstructorAccessorImpl.newInstance0(Native Method)
	at sun.reflect.NativeConstructorAccessorImpl.newInstance(NativeConstructorAccessorImpl.java:62)
	at sun.reflect.DelegatingConstructorAccessorImpl.newInstance(DelegatingConstructorAccessorImpl.java:45)
	at java.lang.reflect.Constructor.newInstance(Constructor.java:423)
	at org.openqa.selenium.remote.http.W3CHttpResponseCodec.createException(W3CHttpResponseCodec.java:187)
	at org.openqa.selenium.remote.http.W3CHttpResponseCodec.decode(W3CHttpResponseCodec.java:122)
	at org.openqa.selenium.remote.http.W3CHttpResponseCodec.decode(W3CHttpResponseCodec.java:49)
	at org.openqa.selenium.remote.HttpCommandExecutor.execute(HttpCommandExecutor.java:158)
	at org.openqa.selenium.remote.service.DriverCommandExecutor.execute(DriverCommandExecutor.java:83)
	at org.openqa.selenium.remote.RemoteWebDriver.execute(RemoteWebDriver.java:552)
	at org.openqa.selenium.remote.RemoteWebDriver.execute(RemoteWebDriver.java:609)
	at org.openqa.selenium.remote.RemoteWebDriver.getScreenshotAs(RemoteWebDriver.java:295)
	at com.poferries.freight.AutomationFramework.web.stepDefinitions.AfterActions.tearDown(AfterActions.java:23)
	at sun.reflect.NativeMethodAccessorImpl.invoke0(Native Method)
	at sun.reflect.NativeMethodAccessorImpl.invoke(NativeMethodAccessorImpl.java:62)
	at sun.reflect.DelegatingMethodAccessorImpl.invoke(DelegatingMethodAccessorImpl.java:43)
	at java.lang.reflect.Method.invoke(Method.java:498)
	at cucumber.runtime.Utils$1.call(Utils.java:26)
	at cucumber.runtime.Timeout.timeout(Timeout.java:16)
	at cucumber.runtime.Utils.invoke(Utils.java:20)
	at cucumber.runtime.java.JavaHookDefinition.execute(JavaHookDefinition.java:60)
	at cucumber.runner.HookDefinitionMatch.runStep(HookDefinitionMatch.java:16)
	at cucumber.runner.TestStep.executeStep(TestStep.java:65)
	at cucumber.runner.TestStep.run(TestStep.java:50)
	at cucumber.runner.TestCase.run(TestCase.java:50)
	at cucumber.runner.Runner.runPickle(Runner.java:49)
	at cucumber.api.testng.TestNGCucumberRunner.runScenario(TestNGCucumberRunner.java:57)
	at cucumber.api.testng.AbstractTestNGCucumberTests.runScenario(AbstractTestNGCucumberTests.java:22)
	at sun.reflect.NativeMethodAccessorImpl.invoke0(Native Method)
	at sun.reflect.NativeMethodAccessorImpl.invoke(NativeMethodAccessorImpl.java:62)
	at sun.reflect.DelegatingMethodAccessorImpl.invoke(DelegatingMethodAccessorImpl.java:43)
	at java.lang.reflect.Method.invoke(Method.java:498)
	at org.testng.internal.MethodInvocationHelper.invokeMethod(MethodInvocationHelper.java:124)
	at org.testng.internal.Invoker.invokeMethod(Invoker.java:583)
	at org.testng.internal.Invoker.invokeTestMethod(Invoker.java:719)
	at org.testng.internal.Invoker.invokeTestMethods(Invoker.java:989)
	at org.testng.internal.TestMethodWorker.invokeTestMethods(TestMethodWorker.java:125)
	at org.testng.internal.TestMethodWorker.run(TestMethodWorker.java:109)
	at org.testng.TestRunner.privateRun(TestRunner.java:648)
	at org.testng.TestRunner.run(TestRunner.java:505)
	at org.testng.SuiteRunner.runTest(SuiteRunner.java:455)
	at org.testng.SuiteRunner.runSequentially(SuiteRunner.java:450)
	at org.testng.SuiteRunner.privateRun(SuiteRunner.java:415)
	at org.testng.SuiteRunner.run(SuiteRunner.java:364)
	at org.testng.SuiteRunnerWorker.runSuite(SuiteRunnerWorker.java:52)
	at org.testng.SuiteRunnerWorker.run(SuiteRunnerWorker.java:84)
	at org.testng.TestNG.runSuitesSequentially(TestNG.java:1208)
	at org.testng.TestNG.runSuitesLocally(TestNG.java:1137)
	at org.testng.TestNG.runSuites(TestNG.java:1049)
	at org.testng.TestNG.run(TestNG.java:1017)
	at org.apache.maven.surefire.testng.TestNGExecutor.run(TestNGExecutor.java:283)
	at org.apache.maven.surefire.testng.TestNGXmlTestSuite.execute(TestNGXmlTestSuite.java:75)
	at org.apache.maven.surefire.testng.TestNGProvider.invoke(TestNGProvider.java:120)
	at org.apache.maven.surefire.booter.ForkedBooter.invokeProviderInSameClassLoader(ForkedBooter.java:384)
	at org.apache.maven.surefire.booter.ForkedBooter.runSuitesInProcess(ForkedBooter.java:345)
	at org.apache.maven.surefire.booter.ForkedBooter.execute(ForkedBooter.java:126)
	at org.apache.maven.surefire.booter.ForkedBooter.main(ForkedBooter.java:418)
[0m


# Created at 2020-05-19T21:51:48.440
Unexpected IOException with stream: 


# Created at 2020-05-19T21:51:48.441
Unexpected IOException with stream: [31mFailed scenarios:[0m


# Created at 2020-05-19T21:51:48.442
Unexpected IOException with stream: [31msrc/test/resources/features/web/MakeABookingMultipleLanguages.feature:62 [0m

# Created at 2020-05-19T21:51:48.443
Unexpected IOException with stream: # Make a booking for a prelodgement


# Created at 2020-05-19T21:51:48.443
Unexpected IOException with stream: [31msrc/test/resources/features/web/MakeABookingMultipleLanguages.feature:63 [0m

# Created at 2020-05-19T21:51:48.444
Unexpected IOException with stream: # Make a booking for a prelodgement


# Created at 2020-05-19T21:51:48.445
Unexpected IOException with stream: [31msrc/test/resources/features/web/MakeABookingMultipleLanguages.feature:64 [0m

# Created at 2020-05-19T21:51:48.445
Unexpected IOException with stream: # Make a booking for a prelodgement


# Created at 2020-05-19T21:51:48.446
Unexpected IOException with stream: [31msrc/test/resources/features/web/MakeABookingMultipleLanguages.feature:65 [0m

# Created at 2020-05-19T21:51:48.446
Unexpected IOException with stream: # Make a booking for a prelodgement


# Created at 2020-05-19T21:51:48.447
Unexpected IOException with stream: [31msrc/test/resources/features/web/MakeABookingMultipleLanguages.feature:66 [0m

# Created at 2020-05-19T21:51:48.447
Unexpected IOException with stream: # Make a booking for a prelodgement


# Created at 2020-05-19T21:51:48.448
Unexpected IOException with stream: [31msrc/test/resources/features/web/MakeABookingMultipleLanguages.feature:67 [0m

# Created at 2020-05-19T21:51:48.449
Unexpected IOException with stream: # Make a booking for a prelodgement


# Created at 2020-05-19T21:51:48.454
Unexpected IOException with stream: 


# Created at 2020-05-19T21:51:48.456
Unexpected IOException with stream: 6

# Created at 2020-05-19T21:51:48.458
Unexpected IOException with stream:  Scenarios (

# Created at 2020-05-19T21:51:48.459
Unexpected IOException with stream: [31m6 failed[0m

# Created at 2020-05-19T21:51:48.459
Unexpected IOException with stream: )


# Created at 2020-05-19T21:51:48.460
Unexpected IOException with stream: 246

# Created at 2020-05-19T21:51:48.461
Unexpected IOException with stream:  Steps (

# Created at 2020-05-19T21:51:48.461
Unexpected IOException with stream: [31m6 failed[0m

# Created at 2020-05-19T21:51:48.462
Unexpected IOException with stream: , 

# Created at 2020-05-19T21:51:48.462
Unexpected IOException with stream: [36m220 skipped[0m

# Created at 2020-05-19T21:51:48.462
Unexpected IOException with stream: , 

# Created at 2020-05-19T21:51:48.463
Unexpected IOException with stream: [33m6 undefined[0m

# Created at 2020-05-19T21:51:48.464
Unexpected IOException with stream: , 

# Created at 2020-05-19T21:51:48.464
Unexpected IOException with stream: [32m14 passed[0m

# Created at 2020-05-19T21:51:48.465
Unexpected IOException with stream: )


# Created at 2020-05-19T21:51:48.466
Unexpected IOException with stream: 1m

# Created at 2020-05-19T21:51:48.467
Unexpected IOException with stream: 17.488s


# Created at 2020-05-19T21:51:48.468
Unexpected IOException with stream: 


# Created at 2020-05-19T21:51:48.469
Unexpected IOException with stream: org.openqa.selenium.StaleElementReferenceException: stale element reference: element is not attached to the page document
  (Session info: chrome=79.0.3945.79)
For documentation on this error, please visit: https://www.seleniumhq.org/exceptions/stale_element_reference.html
Build info: version: '3.141.59', revision: 'e82be7d358', time: '2018-11-14T08:17:03'
System info: host: 'DESKTOP-KISPH7H', ip: '192.168.0.7', os.name: 'Windows 10', os.arch: 'amd64', os.version: '10.0', java.version: '1.8.0_241'
Driver info: org.openqa.selenium.chrome.ChromeDriver
Capabilities {acceptInsecureCerts: false, browserName: chrome, browserVersion: 79.0.3945.79, chrome: {chromedriverVersion: 79.0.3945.36 (3582db32b3389..., userDataDir: C:\Users\AKHIL\AppData\Loca...}, goog:chromeOptions: {debuggerAddress: localhost:59218}, javascriptEnabled: true, networkConnectionEnabled: false, pageLoadStrategy: normal, platform: WINDOWS, platformName: WINDOWS, proxy: Proxy(), setWindowRect: true, strictFileInteractability: false, timeouts: {implicit: 0, pageLoad: 300000, script: 30000}, unhandledPromptBehavior: dismiss and notify}
Session ID: 354a46faa98d5ebf8e37047781c9e2db

# Created at 2020-05-19T21:51:48.470
Unexpected IOException with stream: 


# Created at 2020-05-19T21:51:48.471
Unexpected IOException with stream: 	at sun.reflect.NativeConstructorAccessorImpl.newInstance0(Native Method)

# Created at 2020-05-19T21:51:48.472
Unexpected IOException with stream: 


# Created at 2020-05-19T21:51:48.473
Unexpected IOException with stream: 	at sun.reflect.NativeConstructorAccessorImpl.newInstance(NativeConstructorAccessorImpl.java:62)

# Created at 2020-05-19T21:51:48.474
Unexpected IOException with stream: 


# Created at 2020-05-19T21:51:48.474
Unexpected IOException with stream: 	at sun.reflect.DelegatingConstructorAccessorImpl.newInstance(DelegatingConstructorAccessorImpl.java:45)

# Created at 2020-05-19T21:51:48.475
Unexpected IOException with stream: 


# Created at 2020-05-19T21:51:48.476
Unexpected IOException with stream: 	at java.lang.reflect.Constructor.newInstance(Constructor.java:423)

# Created at 2020-05-19T21:51:48.477
Unexpected IOException with stream: 


# Created at 2020-05-19T21:51:48.477
Unexpected IOException with stream: 	at org.openqa.selenium.remote.http.W3CHttpResponseCodec.createException(W3CHttpResponseCodec.java:187)

# Created at 2020-05-19T21:51:48.478
Unexpected IOException with stream: 


# Created at 2020-05-19T21:51:48.479
Unexpected IOException with stream: 	at org.openqa.selenium.remote.http.W3CHttpResponseCodec.decode(W3CHttpResponseCodec.java:122)

# Created at 2020-05-19T21:51:48.479
Unexpected IOException with stream: 


# Created at 2020-05-19T21:51:48.480
Unexpected IOException with stream: 	at org.openqa.selenium.remote.http.W3CHttpResponseCodec.decode(W3CHttpResponseCodec.java:49)

# Created at 2020-05-19T21:51:48.480
Unexpected IOException with stream: 


# Created at 2020-05-19T21:51:48.481
Unexpected IOException with stream: 	at org.openqa.selenium.remote.HttpCommandExecutor.execute(HttpCommandExecutor.java:158)

# Created at 2020-05-19T21:51:48.481
Unexpected IOException with stream: 


# Created at 2020-05-19T21:51:48.482
Unexpected IOException with stream: 	at org.openqa.selenium.remote.service.DriverCommandExecutor.execute(DriverCommandExecutor.java:83)

# Created at 2020-05-19T21:51:48.483
Unexpected IOException with stream: 


# Created at 2020-05-19T21:51:48.483
Unexpected IOException with stream: 	at org.openqa.selenium.remote.RemoteWebDriver.execute(RemoteWebDriver.java:552)

# Created at 2020-05-19T21:51:48.484
Unexpected IOException with stream: 


# Created at 2020-05-19T21:51:48.484
Unexpected IOException with stream: 	at org.openqa.selenium.remote.RemoteWebElement.execute(RemoteWebElement.java:285)

# Created at 2020-05-19T21:51:48.485
Unexpected IOException with stream: 


# Created at 2020-05-19T21:51:48.485
Unexpected IOException with stream: 	at org.openqa.selenium.remote.RemoteWebElement.getAttribute(RemoteWebElement.java:134)

# Created at 2020-05-19T21:51:48.486
Unexpected IOException with stream: 


# Created at 2020-05-19T21:51:48.486
Unexpected IOException with stream: 	at sun.reflect.NativeMethodAccessorImpl.invoke0(Native Method)

# Created at 2020-05-19T21:51:48.487
Unexpected IOException with stream: 


# Created at 2020-05-19T21:51:48.488
Unexpected IOException with stream: 	at sun.reflect.NativeMethodAccessorImpl.invoke(NativeMethodAccessorImpl.java:62)

# Created at 2020-05-19T21:51:48.488
Unexpected IOException with stream: 


# Created at 2020-05-19T21:51:48.489
Unexpected IOException with stream: 	at sun.reflect.DelegatingMethodAccessorImpl.invoke(DelegatingMethodAccessorImpl.java:43)

# Created at 2020-05-19T21:51:48.489
Unexpected IOException with stream: 


# Created at 2020-05-19T21:51:48.490
Unexpected IOException with stream: 	at java.lang.reflect.Method.invoke(Method.java:498)

# Created at 2020-05-19T21:51:48.490
Unexpected IOException with stream: 


# Created at 2020-05-19T21:51:48.491
Unexpected IOException with stream: 	at org.openqa.selenium.support.pagefactory.internal.LocatingElementHandler.invoke(LocatingElementHandler.java:51)

# Created at 2020-05-19T21:51:48.491
Unexpected IOException with stream: 


# Created at 2020-05-19T21:51:48.492
Unexpected IOException with stream: 	at com.sun.proxy.$Proxy17.getAttribute(Unknown Source)

# Created at 2020-05-19T21:51:48.492
Unexpected IOException with stream: 


# Created at 2020-05-19T21:51:48.492
Unexpected IOException with stream: 	at org.openqa.selenium.support.ui.ExpectedConditions$37.apply(ExpectedConditions.java:1052)

# Created at 2020-05-19T21:51:48.493
Unexpected IOException with stream: 


# Created at 2020-05-19T21:51:48.494
Unexpected IOException with stream: 	at org.openqa.selenium.support.ui.ExpectedConditions$37.apply(ExpectedConditions.java:1047)

# Created at 2020-05-19T21:51:48.494
Unexpected IOException with stream: 


# Created at 2020-05-19T21:51:48.495
Unexpected IOException with stream: 	at org.openqa.selenium.support.ui.FluentWait.until(FluentWait.java:249)

# Created at 2020-05-19T21:51:48.495
Unexpected IOException with stream: 


# Created at 2020-05-19T21:51:48.495
Unexpected IOException with stream: 	at com.poferries.freight.AutomationFramework.web.actions.HomePageActions.waitForProgressbarToappear(HomePageActions.java:57)

# Created at 2020-05-19T21:51:48.496
Unexpected IOException with stream: 


# Created at 2020-05-19T21:51:48.496
Unexpected IOException with stream: 	at com.poferries.freight.AutomationFramework.web.actions.HomePageActions.makeLengthAndLanguageSelections(HomePageActions.java:165)

# Created at 2020-05-19T21:51:48.497
Unexpected IOException with stream: 


# Created at 2020-05-19T21:51:48.497
Unexpected IOException with stream: 	at com.poferries.freight.AutomationFramework.web.stepDefinitions.MakeABookingSteps.i_set_the_and_units(MakeABookingSteps.java:85)

# Created at 2020-05-19T21:51:48.498
Unexpected IOException with stream: 


# Created at 2020-05-19T21:51:48.498
Unexpected IOException with stream: 	at ?.I set the "de" and "Metre" units(file:src/test/resources/features/web/MakeABookingMultipleLanguages.feature:24)

# Created at 2020-05-19T21:51:48.499
Unexpected IOException with stream: 


# Created at 2020-05-19T21:51:48.499
Unexpected IOException with stream: 


# Created at 2020-05-19T21:51:48.499
Unexpected IOException with stream: org.openqa.selenium.NoSuchElementException: Cannot locate an element using id=route
For documentation on this error, please visit: https://www.seleniumhq.org/exceptions/no_such_element.html
Build info: version: '3.141.59', revision: 'e82be7d358', time: '2018-11-14T08:17:03'
System info: host: 'DESKTOP-KISPH7H', ip: '192.168.0.7', os.name: 'Windows 10', os.arch: 'amd64', os.version: '10.0', java.version: '1.8.0_241'
Driver info: driver.version: RemoteWebDriver

# Created at 2020-05-19T21:51:48.500
Unexpected IOException with stream: 


# Created at 2020-05-19T21:51:48.500
Unexpected IOException with stream: 	at org.openqa.selenium.remote.RemoteWebDriver.findElement(RemoteWebDriver.java:327)

# Created at 2020-05-19T21:51:48.501
Unexpected IOException with stream: 


# Created at 2020-05-19T21:51:48.501
Unexpected IOException with stream: 	at org.openqa.selenium.remote.RemoteWebDriver.findElementById(RemoteWebDriver.java:372)

# Created at 2020-05-19T21:51:48.502
Unexpected IOException with stream: 


# Created at 2020-05-19T21:51:48.502
Unexpected IOException with stream: 	at org.openqa.selenium.By$ById.findElement(By.java:188)

# Created at 2020-05-19T21:51:48.503
Unexpected IOException with stream: 


# Created at 2020-05-19T21:51:48.503
Unexpected IOException with stream: 	at org.openqa.selenium.remote.RemoteWebDriver.findElement(RemoteWebDriver.java:315)

# Created at 2020-05-19T21:51:48.504
Unexpected IOException with stream: 


# Created at 2020-05-19T21:51:48.504
Unexpected IOException with stream: 	at org.openqa.selenium.support.pagefactory.DefaultElementLocator.findElement(DefaultElementLocator.java:69)

# Created at 2020-05-19T21:51:48.505
Unexpected IOException with stream: 


# Created at 2020-05-19T21:51:48.505
Unexpected IOException with stream: 	at org.openqa.selenium.support.pagefactory.internal.LocatingElementHandler.invoke(LocatingElementHandler.java:38)

# Created at 2020-05-19T21:51:48.506
Unexpected IOException with stream: 


# Created at 2020-05-19T21:51:48.506
Unexpected IOException with stream: 	at com.sun.proxy.$Proxy17.isDisplayed(Unknown Source)

# Created at 2020-05-19T21:51:48.506
Unexpected IOException with stream: 


# Created at 2020-05-19T21:51:48.507
Unexpected IOException with stream: 	at com.poferries.freight.AutomationFramework.web.actions.BookNowPageActions.isRouteDropDownDisplayed(BookNowPageActions.java:34)

# Created at 2020-05-19T21:51:48.508
Unexpected IOException with stream: 


# Created at 2020-05-19T21:51:48.508
Unexpected IOException with stream: 	at com.poferries.freight.AutomationFramework.web.stepDefinitions.MakeABookingSteps.i_verify_navigation_to_the_Book_Now_Page(MakeABookingSteps.java:75)

# Created at 2020-05-19T21:51:48.508
Unexpected IOException with stream: 


# Created at 2020-05-19T21:51:48.509
Unexpected IOException with stream: 	at ?.I verify navigation to the Book Now Page(file:src/test/resources/features/web/MakeABookingMultipleLanguages.feature:26)

# Created at 2020-05-19T21:51:48.509
Unexpected IOException with stream: 


# Created at 2020-05-19T21:51:48.510
Unexpected IOException with stream: 


# Created at 2020-05-19T21:51:48.510
Unexpected IOException with stream: org.openqa.selenium.NoSuchWindowException: no such window: target window already closed
from unknown error: web view not found
  (Session info: chrome=79.0.3945.79)
Build info: version: '3.141.59', revision: 'e82be7d358', time: '2018-11-14T08:17:03'
System info: host: 'DESKTOP-KISPH7H', ip: '192.168.0.7', os.name: 'Windows 10', os.arch: 'amd64', os.version: '10.0', java.version: '1.8.0_241'
Driver info: org.openqa.selenium.chrome.ChromeDriver
Capabilities {acceptInsecureCerts: false, browserName: chrome, browserVersion: 79.0.3945.79, chrome: {chromedriverVersion: 79.0.3945.36 (3582db32b3389..., userDataDir: C:\Users\AKHIL\AppData\Loca...}, goog:chromeOptions: {debuggerAddress: localhost:59248}, javascriptEnabled: true, networkConnectionEnabled: false, pageLoadStrategy: normal, platform: WINDOWS, platformName: WINDOWS, proxy: Proxy(), setWindowRect: true, strictFileInteractability: false, timeouts: {implicit: 0, pageLoad: 300000, script: 30000}, unhandledPromptBehavior: dismiss and notify}
Session ID: 78656c30fd927ae086c438abd1a7d99c

# Created at 2020-05-19T21:51:48.511
Unexpected IOException with stream: 


# Created at 2020-05-19T21:51:48.511
Unexpected IOException with stream: 	at sun.reflect.NativeConstructorAccessorImpl.newInstance0(Native Method)

# Created at 2020-05-19T21:51:48.512
Unexpected IOException with stream: 


# Created at 2020-05-19T21:51:48.512
Unexpected IOException with stream: 	at sun.reflect.NativeConstructorAccessorImpl.newInstance(NativeConstructorAccessorImpl.java:62)

# Created at 2020-05-19T21:51:48.512
Unexpected IOException with stream: 


# Created at 2020-05-19T21:51:48.513
Unexpected IOException with stream: 	at sun.reflect.DelegatingConstructorAccessorImpl.newInstance(DelegatingConstructorAccessorImpl.java:45)

# Created at 2020-05-19T21:51:48.513
Unexpected IOException with stream: 


# Created at 2020-05-19T21:51:48.514
Unexpected IOException with stream: 	at java.lang.reflect.Constructor.newInstance(Constructor.java:423)

# Created at 2020-05-19T21:51:48.514
Unexpected IOException with stream: 


# Created at 2020-05-19T21:51:48.515
Unexpected IOException with stream: 	at org.openqa.selenium.remote.http.W3CHttpResponseCodec.createException(W3CHttpResponseCodec.java:187)

# Created at 2020-05-19T21:51:48.515
Unexpected IOException with stream: 


# Created at 2020-05-19T21:51:48.516
Unexpected IOException with stream: 	at org.openqa.selenium.remote.http.W3CHttpResponseCodec.decode(W3CHttpResponseCodec.java:122)

# Created at 2020-05-19T21:51:48.516
Unexpected IOException with stream: 


# Created at 2020-05-19T21:51:48.516
Unexpected IOException with stream: 	at org.openqa.selenium.remote.http.W3CHttpResponseCodec.decode(W3CHttpResponseCodec.java:49)

# Created at 2020-05-19T21:51:48.517
Unexpected IOException with stream: 


# Created at 2020-05-19T21:51:48.517
Unexpected IOException with stream: 	at org.openqa.selenium.remote.HttpCommandExecutor.execute(HttpCommandExecutor.java:158)

# Created at 2020-05-19T21:51:48.518
Unexpected IOException with stream: 


# Created at 2020-05-19T21:51:48.518
Unexpected IOException with stream: 	at org.openqa.selenium.remote.service.DriverCommandExecutor.execute(DriverCommandExecutor.java:83)

# Created at 2020-05-19T21:51:48.519
Unexpected IOException with stream: 


# Created at 2020-05-19T21:51:48.519
Unexpected IOException with stream: 	at org.openqa.selenium.remote.RemoteWebDriver.execute(RemoteWebDriver.java:552)

# Created at 2020-05-19T21:51:48.519
Unexpected IOException with stream: 


# Created at 2020-05-19T21:51:48.520
Unexpected IOException with stream: 	at org.openqa.selenium.remote.RemoteWebDriver.execute(RemoteWebDriver.java:609)

# Created at 2020-05-19T21:51:48.520
Unexpected IOException with stream: 


# Created at 2020-05-19T21:51:48.521
Unexpected IOException with stream: 	at org.openqa.selenium.remote.RemoteWebDriver.getScreenshotAs(RemoteWebDriver.java:295)

# Created at 2020-05-19T21:51:48.522
Unexpected IOException with stream: 


# Created at 2020-05-19T21:51:48.522
Unexpected IOException with stream: 	at com.poferries.freight.AutomationFramework.web.stepDefinitions.AfterActions.tearDown(AfterActions.java:23)

# Created at 2020-05-19T21:51:48.522
Unexpected IOException with stream: 


# Created at 2020-05-19T21:51:48.523
Unexpected IOException with stream: 	at sun.reflect.NativeMethodAccessorImpl.invoke0(Native Method)

# Created at 2020-05-19T21:51:48.523
Unexpected IOException with stream: 


# Created at 2020-05-19T21:51:48.524
Unexpected IOException with stream: 	at sun.reflect.NativeMethodAccessorImpl.invoke(NativeMethodAccessorImpl.java:62)

# Created at 2020-05-19T21:51:48.524
Unexpected IOException with stream: 


# Created at 2020-05-19T21:51:48.525
Unexpected IOException with stream: 	at sun.reflect.DelegatingMethodAccessorImpl.invoke(DelegatingMethodAccessorImpl.java:43)

# Created at 2020-05-19T21:51:48.525
Unexpected IOException with stream: 


# Created at 2020-05-19T21:51:48.526
Unexpected IOException with stream: 	at java.lang.reflect.Method.invoke(Method.java:498)

# Created at 2020-05-19T21:51:48.527
Unexpected IOException with stream: 


# Created at 2020-05-19T21:51:48.528
Unexpected IOException with stream: 	at cucumber.runtime.Utils$1.call(Utils.java:26)

# Created at 2020-05-19T21:51:48.528
Unexpected IOException with stream: 


# Created at 2020-05-19T21:51:48.529
Unexpected IOException with stream: 	at cucumber.runtime.Timeout.timeout(Timeout.java:16)

# Created at 2020-05-19T21:51:48.530
Unexpected IOException with stream: 


# Created at 2020-05-19T21:51:48.530
Unexpected IOException with stream: 	at cucumber.runtime.Utils.invoke(Utils.java:20)

# Created at 2020-05-19T21:51:48.531
Unexpected IOException with stream: 


# Created at 2020-05-19T21:51:48.531
Unexpected IOException with stream: 	at cucumber.runtime.java.JavaHookDefinition.execute(JavaHookDefinition.java:60)

# Created at 2020-05-19T21:51:48.532
Unexpected IOException with stream: 


# Created at 2020-05-19T21:51:48.532
Unexpected IOException with stream: 	at cucumber.runner.HookDefinitionMatch.runStep(HookDefinitionMatch.java:16)

# Created at 2020-05-19T21:51:48.533
Unexpected IOException with stream: 


# Created at 2020-05-19T21:51:48.533
Unexpected IOException with stream: 	at cucumber.runner.TestStep.executeStep(TestStep.java:65)

# Created at 2020-05-19T21:51:48.534
Unexpected IOException with stream: 


# Created at 2020-05-19T21:51:48.534
Unexpected IOException with stream: 	at cucumber.runner.TestStep.run(TestStep.java:50)

# Created at 2020-05-19T21:51:48.535
Unexpected IOException with stream: 


# Created at 2020-05-19T21:51:48.536
Unexpected IOException with stream: 	at cucumber.runner.TestCase.run(TestCase.java:50)

# Created at 2020-05-19T21:51:48.536
Unexpected IOException with stream: 


# Created at 2020-05-19T21:51:48.537
Unexpected IOException with stream: 	at cucumber.runner.Runner.runPickle(Runner.java:49)

# Created at 2020-05-19T21:51:48.537
Unexpected IOException with stream: 


# Created at 2020-05-19T21:51:48.538
Unexpected IOException with stream: 	at cucumber.api.testng.TestNGCucumberRunner.runScenario(TestNGCucumberRunner.java:57)

# Created at 2020-05-19T21:51:48.539
Unexpected IOException with stream: 


# Created at 2020-05-19T21:51:48.539
Unexpected IOException with stream: 	at cucumber.api.testng.AbstractTestNGCucumberTests.runScenario(AbstractTestNGCucumberTests.java:22)

# Created at 2020-05-19T21:51:48.540
Unexpected IOException with stream: 


# Created at 2020-05-19T21:51:48.540
Unexpected IOException with stream: 	at sun.reflect.NativeMethodAccessorImpl.invoke0(Native Method)

# Created at 2020-05-19T21:51:48.541
Unexpected IOException with stream: 


# Created at 2020-05-19T21:51:48.541
Unexpected IOException with stream: 	at sun.reflect.NativeMethodAccessorImpl.invoke(NativeMethodAccessorImpl.java:62)

# Created at 2020-05-19T21:51:48.542
Unexpected IOException with stream: 


# Created at 2020-05-19T21:51:48.542
Unexpected IOException with stream: 	at sun.reflect.DelegatingMethodAccessorImpl.invoke(DelegatingMethodAccessorImpl.java:43)

# Created at 2020-05-19T21:51:48.543
Unexpected IOException with stream: 


# Created at 2020-05-19T21:51:48.543
Unexpected IOException with stream: 	at java.lang.reflect.Method.invoke(Method.java:498)

# Created at 2020-05-19T21:51:48.543
Unexpected IOException with stream: 


# Created at 2020-05-19T21:51:48.544
Unexpected IOException with stream: 	at org.testng.internal.MethodInvocationHelper.invokeMethod(MethodInvocationHelper.java:124)

# Created at 2020-05-19T21:51:48.544
Unexpected IOException with stream: 


# Created at 2020-05-19T21:51:48.545
Unexpected IOException with stream: 	at org.testng.internal.Invoker.invokeMethod(Invoker.java:583)

# Created at 2020-05-19T21:51:48.545
Unexpected IOException with stream: 


# Created at 2020-05-19T21:51:48.545
Unexpected IOException with stream: 	at org.testng.internal.Invoker.invokeTestMethod(Invoker.java:719)

# Created at 2020-05-19T21:51:48.546
Unexpected IOException with stream: 


# Created at 2020-05-19T21:51:48.546
Unexpected IOException with stream: 	at org.testng.internal.Invoker.invokeTestMethods(Invoker.java:989)

# Created at 2020-05-19T21:51:48.547
Unexpected IOException with stream: 


# Created at 2020-05-19T21:51:48.547
Unexpected IOException with stream: 	at org.testng.internal.TestMethodWorker.invokeTestMethods(TestMethodWorker.java:125)

# Created at 2020-05-19T21:51:48.547
Unexpected IOException with stream: 


# Created at 2020-05-19T21:51:48.548
Unexpected IOException with stream: 	at org.testng.internal.TestMethodWorker.run(TestMethodWorker.java:109)

# Created at 2020-05-19T21:51:48.548
Unexpected IOException with stream: 


# Created at 2020-05-19T21:51:48.549
Unexpected IOException with stream: 	at org.testng.TestRunner.privateRun(TestRunner.java:648)

# Created at 2020-05-19T21:51:48.549
Unexpected IOException with stream: 


# Created at 2020-05-19T21:51:48.549
Unexpected IOException with stream: 	at org.testng.TestRunner.run(TestRunner.java:505)

# Created at 2020-05-19T21:51:48.550
Unexpected IOException with stream: 


# Created at 2020-05-19T21:51:48.550
Unexpected IOException with stream: 	at org.testng.SuiteRunner.runTest(SuiteRunner.java:455)

# Created at 2020-05-19T21:51:48.551
Unexpected IOException with stream: 


# Created at 2020-05-19T21:51:48.551
Unexpected IOException with stream: 	at org.testng.SuiteRunner.runSequentially(SuiteRunner.java:450)

# Created at 2020-05-19T21:51:48.551
Unexpected IOException with stream: 


# Created at 2020-05-19T21:51:48.552
Unexpected IOException with stream: 	at org.testng.SuiteRunner.privateRun(SuiteRunner.java:415)

# Created at 2020-05-19T21:51:48.552
Unexpected IOException with stream: 


# Created at 2020-05-19T21:51:48.553
Unexpected IOException with stream: 	at org.testng.SuiteRunner.run(SuiteRunner.java:364)

# Created at 2020-05-19T21:51:48.553
Unexpected IOException with stream: 


# Created at 2020-05-19T21:51:48.554
Unexpected IOException with stream: 	at org.testng.SuiteRunnerWorker.runSuite(SuiteRunnerWorker.java:52)

# Created at 2020-05-19T21:51:48.554
Unexpected IOException with stream: 


# Created at 2020-05-19T21:51:48.555
Unexpected IOException with stream: 	at org.testng.SuiteRunnerWorker.run(SuiteRunnerWorker.java:84)

# Created at 2020-05-19T21:51:48.555
Unexpected IOException with stream: 


# Created at 2020-05-19T21:51:48.556
Unexpected IOException with stream: 	at org.testng.TestNG.runSuitesSequentially(TestNG.java:1208)

# Created at 2020-05-19T21:51:48.556
Unexpected IOException with stream: 


# Created at 2020-05-19T21:51:48.557
Unexpected IOException with stream: 	at org.testng.TestNG.runSuitesLocally(TestNG.java:1137)

# Created at 2020-05-19T21:51:48.557
Unexpected IOException with stream: 


# Created at 2020-05-19T21:51:48.558
Unexpected IOException with stream: 	at org.testng.TestNG.runSuites(TestNG.java:1049)

# Created at 2020-05-19T21:51:48.558
Unexpected IOException with stream: 


# Created at 2020-05-19T21:51:48.559
Unexpected IOException with stream: 	at org.testng.TestNG.run(TestNG.java:1017)

# Created at 2020-05-19T21:51:48.559
Unexpected IOException with stream: 


# Created at 2020-05-19T21:51:48.560
Unexpected IOException with stream: 	at org.apache.maven.surefire.testng.TestNGExecutor.run(TestNGExecutor.java:283)

# Created at 2020-05-19T21:51:48.561
Unexpected IOException with stream: 


# Created at 2020-05-19T21:51:48.561
Unexpected IOException with stream: 	at org.apache.maven.surefire.testng.TestNGXmlTestSuite.execute(TestNGXmlTestSuite.java:75)

# Created at 2020-05-19T21:51:48.562
Unexpected IOException with stream: 


# Created at 2020-05-19T21:51:48.563
Unexpected IOException with stream: 	at org.apache.maven.surefire.testng.TestNGProvider.invoke(TestNGProvider.java:120)

# Created at 2020-05-19T21:51:48.563
Unexpected IOException with stream: 


# Created at 2020-05-19T21:51:48.564
Unexpected IOException with stream: 	at org.apache.maven.surefire.booter.ForkedBooter.invokeProviderInSameClassLoader(ForkedBooter.java:384)

# Created at 2020-05-19T21:51:48.564
Unexpected IOException with stream: 


# Created at 2020-05-19T21:51:48.565
Unexpected IOException with stream: 	at org.apache.maven.surefire.booter.ForkedBooter.runSuitesInProcess(ForkedBooter.java:345)

# Created at 2020-05-19T21:51:48.566
Unexpected IOException with stream: 


# Created at 2020-05-19T21:51:48.566
Unexpected IOException with stream: 	at org.apache.maven.surefire.booter.ForkedBooter.execute(ForkedBooter.java:126)

# Created at 2020-05-19T21:51:48.567
Unexpected IOException with stream: 


# Created at 2020-05-19T21:51:48.568
Unexpected IOException with stream: 	at org.apache.maven.surefire.booter.ForkedBooter.main(ForkedBooter.java:418)

# Created at 2020-05-19T21:51:48.568
Unexpected IOException with stream: 


# Created at 2020-05-19T21:51:48.569
Unexpected IOException with stream: 


# Created at 2020-05-19T21:51:48.570
Unexpected IOException with stream: org.openqa.selenium.NoSuchWindowException: no such window: target window already closed
from unknown error: web view not found
  (Session info: chrome=79.0.3945.79)
Build info: version: '3.141.59', revision: 'e82be7d358', time: '2018-11-14T08:17:03'
System info: host: 'DESKTOP-KISPH7H', ip: '192.168.0.7', os.name: 'Windows 10', os.arch: 'amd64', os.version: '10.0', java.version: '1.8.0_241'
Driver info: org.openqa.selenium.chrome.ChromeDriver
Capabilities {acceptInsecureCerts: false, browserName: chrome, browserVersion: 79.0.3945.79, chrome: {chromedriverVersion: 79.0.3945.36 (3582db32b3389..., userDataDir: C:\Users\AKHIL\AppData\Loca...}, goog:chromeOptions: {debuggerAddress: localhost:59248}, javascriptEnabled: true, networkConnectionEnabled: false, pageLoadStrategy: normal, platform: WINDOWS, platformName: WINDOWS, proxy: Proxy(), setWindowRect: true, strictFileInteractability: false, timeouts: {implicit: 0, pageLoad: 300000, script: 30000}, unhandledPromptBehavior: dismiss and notify}
Session ID: 78656c30fd927ae086c438abd1a7d99c

# Created at 2020-05-19T21:51:48.571
Unexpected IOException with stream: 


# Created at 2020-05-19T21:51:48.571
Unexpected IOException with stream: 	at sun.reflect.NativeConstructorAccessorImpl.newInstance0(Native Method)

# Created at 2020-05-19T21:51:48.572
Unexpected IOException with stream: 


# Created at 2020-05-19T21:51:48.572
Unexpected IOException with stream: 	at sun.reflect.NativeConstructorAccessorImpl.newInstance(NativeConstructorAccessorImpl.java:62)

# Created at 2020-05-19T21:51:48.573
Unexpected IOException with stream: 


# Created at 2020-05-19T21:51:48.573
Unexpected IOException with stream: 	at sun.reflect.DelegatingConstructorAccessorImpl.newInstance(DelegatingConstructorAccessorImpl.java:45)

# Created at 2020-05-19T21:51:48.574
Unexpected IOException with stream: 


# Created at 2020-05-19T21:51:48.574
Unexpected IOException with stream: 	at java.lang.reflect.Constructor.newInstance(Constructor.java:423)

# Created at 2020-05-19T21:51:48.575
Unexpected IOException with stream: 


# Created at 2020-05-19T21:51:48.575
Unexpected IOException with stream: 	at org.openqa.selenium.remote.http.W3CHttpResponseCodec.createException(W3CHttpResponseCodec.java:187)

# Created at 2020-05-19T21:51:48.576
Unexpected IOException with stream: 


# Created at 2020-05-19T21:51:48.576
Unexpected IOException with stream: 	at org.openqa.selenium.remote.http.W3CHttpResponseCodec.decode(W3CHttpResponseCodec.java:122)

# Created at 2020-05-19T21:51:48.576
Unexpected IOException with stream: 


# Created at 2020-05-19T21:51:48.577
Unexpected IOException with stream: 	at org.openqa.selenium.remote.http.W3CHttpResponseCodec.decode(W3CHttpResponseCodec.java:49)

# Created at 2020-05-19T21:51:48.577
Unexpected IOException with stream: 


# Created at 2020-05-19T21:51:48.578
Unexpected IOException with stream: 	at org.openqa.selenium.remote.HttpCommandExecutor.execute(HttpCommandExecutor.java:158)

# Created at 2020-05-19T21:51:48.578
Unexpected IOException with stream: 


# Created at 2020-05-19T21:51:48.578
Unexpected IOException with stream: 	at org.openqa.selenium.remote.service.DriverCommandExecutor.execute(DriverCommandExecutor.java:83)

# Created at 2020-05-19T21:51:48.579
Unexpected IOException with stream: 


# Created at 2020-05-19T21:51:48.579
Unexpected IOException with stream: 	at org.openqa.selenium.remote.RemoteWebDriver.execute(RemoteWebDriver.java:552)

# Created at 2020-05-19T21:51:48.580
Unexpected IOException with stream: 


# Created at 2020-05-19T21:51:48.580
Unexpected IOException with stream: 	at org.openqa.selenium.remote.RemoteWebDriver.get(RemoteWebDriver.java:277)

# Created at 2020-05-19T21:51:48.580
Unexpected IOException with stream: 


# Created at 2020-05-19T21:51:48.581
Unexpected IOException with stream: 	at com.poferries.freight.AutomationFramework.web.utilities.SeleniumDriver.openPage(SeleniumDriver.java:39)

# Created at 2020-05-19T21:51:48.581
Unexpected IOException with stream: 


# Created at 2020-05-19T21:51:48.582
Unexpected IOException with stream: 	at com.poferries.freight.AutomationFramework.web.stepDefinitions.MakeABookingSteps.i_navigate_to_the_PO_Ferries_Freight_Website(MakeABookingSteps.java:57)

# Created at 2020-05-19T21:51:48.582
Unexpected IOException with stream: 


# Created at 2020-05-19T21:51:48.583
Unexpected IOException with stream: 	at ?.I navigate to the PO Ferries Freight Website(file:src/test/resources/features/web/MakeABookingMultipleLanguages.feature:14)

# Created at 2020-05-19T21:51:48.583
Unexpected IOException with stream: 


# Created at 2020-05-19T21:51:48.583
Unexpected IOException with stream: 


# Created at 2020-05-19T21:51:48.584
Unexpected IOException with stream: org.openqa.selenium.NoSuchWindowException: no such window: target window already closed
from unknown error: web view not found
  (Session info: chrome=79.0.3945.79)
Build info: version: '3.141.59', revision: 'e82be7d358', time: '2018-11-14T08:17:03'
System info: host: 'DESKTOP-KISPH7H', ip: '192.168.0.7', os.name: 'Windows 10', os.arch: 'amd64', os.version: '10.0', java.version: '1.8.0_241'
Driver info: org.openqa.selenium.chrome.ChromeDriver
Capabilities {acceptInsecureCerts: false, browserName: chrome, browserVersion: 79.0.3945.79, chrome: {chromedriverVersion: 79.0.3945.36 (3582db32b3389..., userDataDir: C:\Users\AKHIL\AppData\Loca...}, goog:chromeOptions: {debuggerAddress: localhost:59248}, javascriptEnabled: true, networkConnectionEnabled: false, pageLoadStrategy: normal, platform: WINDOWS, platformName: WINDOWS, proxy: Proxy(), setWindowRect: true, strictFileInteractability: false, timeouts: {implicit: 0, pageLoad: 300000, script: 30000}, unhandledPromptBehavior: dismiss and notify}
Session ID: 78656c30fd927ae086c438abd1a7d99c

# Created at 2020-05-19T21:51:48.584
Unexpected IOException with stream: 


# Created at 2020-05-19T21:51:48.585
Unexpected IOException with stream: 	at sun.reflect.NativeConstructorAccessorImpl.newInstance0(Native Method)

# Created at 2020-05-19T21:51:48.585
Unexpected IOException with stream: 


# Created at 2020-05-19T21:51:48.586
Unexpected IOException with stream: 	at sun.reflect.NativeConstructorAccessorImpl.newInstance(NativeConstructorAccessorImpl.java:62)

# Created at 2020-05-19T21:51:48.586
Unexpected IOException with stream: 


# Created at 2020-05-19T21:51:48.586
Unexpected IOException with stream: 	at sun.reflect.DelegatingConstructorAccessorImpl.newInstance(DelegatingConstructorAccessorImpl.java:45)

# Created at 2020-05-19T21:51:48.587
Unexpected IOException with stream: 


# Created at 2020-05-19T21:51:48.587
Unexpected IOException with stream: 	at java.lang.reflect.Constructor.newInstance(Constructor.java:423)

# Created at 2020-05-19T21:51:48.588
Unexpected IOException with stream: 


# Created at 2020-05-19T21:51:48.588
Unexpected IOException with stream: 	at org.openqa.selenium.remote.http.W3CHttpResponseCodec.createException(W3CHttpResponseCodec.java:187)

# Created at 2020-05-19T21:51:48.589
Unexpected IOException with stream: 


# Created at 2020-05-19T21:51:48.589
Unexpected IOException with stream: 	at org.openqa.selenium.remote.http.W3CHttpResponseCodec.decode(W3CHttpResponseCodec.java:122)

# Created at 2020-05-19T21:51:48.590
Unexpected IOException with stream: 


# Created at 2020-05-19T21:51:48.590
Unexpected IOException with stream: 	at org.openqa.selenium.remote.http.W3CHttpResponseCodec.decode(W3CHttpResponseCodec.java:49)

# Created at 2020-05-19T21:51:48.591
Unexpected IOException with stream: 


# Created at 2020-05-19T21:51:48.591
Unexpected IOException with stream: 	at org.openqa.selenium.remote.HttpCommandExecutor.execute(HttpCommandExecutor.java:158)

# Created at 2020-05-19T21:51:48.592
Unexpected IOException with stream: 


# Created at 2020-05-19T21:51:48.593
Unexpected IOException with stream: 	at org.openqa.selenium.remote.service.DriverCommandExecutor.execute(DriverCommandExecutor.java:83)

# Created at 2020-05-19T21:51:48.593
Unexpected IOException with stream: 


# Created at 2020-05-19T21:51:48.594
Unexpected IOException with stream: 	at org.openqa.selenium.remote.RemoteWebDriver.execute(RemoteWebDriver.java:552)

# Created at 2020-05-19T21:51:48.595
Unexpected IOException with stream: 


# Created at 2020-05-19T21:51:48.595
Unexpected IOException with stream: 	at org.openqa.selenium.remote.RemoteWebDriver.execute(RemoteWebDriver.java:609)

# Created at 2020-05-19T21:51:48.596
Unexpected IOException with stream: 


# Created at 2020-05-19T21:51:48.597
Unexpected IOException with stream: 	at org.openqa.selenium.remote.RemoteWebDriver.getScreenshotAs(RemoteWebDriver.java:295)

# Created at 2020-05-19T21:51:48.597
Unexpected IOException with stream: 


# Created at 2020-05-19T21:51:48.598
Unexpected IOException with stream: 	at com.poferries.freight.AutomationFramework.web.stepDefinitions.AfterActions.tearDown(AfterActions.java:23)

# Created at 2020-05-19T21:51:48.598
Unexpected IOException with stream: 


# Created at 2020-05-19T21:51:48.599
Unexpected IOException with stream: 	at sun.reflect.NativeMethodAccessorImpl.invoke0(Native Method)

# Created at 2020-05-19T21:51:48.599
Unexpected IOException with stream: 


# Created at 2020-05-19T21:51:48.599
Unexpected IOException with stream: 	at sun.reflect.NativeMethodAccessorImpl.invoke(NativeMethodAccessorImpl.java:62)

# Created at 2020-05-19T21:51:48.600
Unexpected IOException with stream: 


# Created at 2020-05-19T21:51:48.600
Unexpected IOException with stream: 	at sun.reflect.DelegatingMethodAccessorImpl.invoke(DelegatingMethodAccessorImpl.java:43)

# Created at 2020-05-19T21:51:48.601
Unexpected IOException with stream: 


# Created at 2020-05-19T21:51:48.601
Unexpected IOException with stream: 	at java.lang.reflect.Method.invoke(Method.java:498)

# Created at 2020-05-19T21:51:48.601
Unexpected IOException with stream: 


# Created at 2020-05-19T21:51:48.602
Unexpected IOException with stream: 	at cucumber.runtime.Utils$1.call(Utils.java:26)

# Created at 2020-05-19T21:51:48.602
Unexpected IOException with stream: 


# Created at 2020-05-19T21:51:48.603
Unexpected IOException with stream: 	at cucumber.runtime.Timeout.timeout(Timeout.java:16)

# Created at 2020-05-19T21:51:48.603
Unexpected IOException with stream: 


# Created at 2020-05-19T21:51:48.603
Unexpected IOException with stream: 	at cucumber.runtime.Utils.invoke(Utils.java:20)

# Created at 2020-05-19T21:51:48.604
Unexpected IOException with stream: 


# Created at 2020-05-19T21:51:48.604
Unexpected IOException with stream: 	at cucumber.runtime.java.JavaHookDefinition.execute(JavaHookDefinition.java:60)

# Created at 2020-05-19T21:51:48.605
Unexpected IOException with stream: 


# Created at 2020-05-19T21:51:48.605
Unexpected IOException with stream: 	at cucumber.runner.HookDefinitionMatch.runStep(HookDefinitionMatch.java:16)

# Created at 2020-05-19T21:51:48.606
Unexpected IOException with stream: 


# Created at 2020-05-19T21:51:48.606
Unexpected IOException with stream: 	at cucumber.runner.TestStep.executeStep(TestStep.java:65)

# Created at 2020-05-19T21:51:48.607
Unexpected IOException with stream: 


# Created at 2020-05-19T21:51:48.607
Unexpected IOException with stream: 	at cucumber.runner.TestStep.run(TestStep.java:50)

# Created at 2020-05-19T21:51:48.608
Unexpected IOException with stream: 


# Created at 2020-05-19T21:51:48.608
Unexpected IOException with stream: 	at cucumber.runner.TestCase.run(TestCase.java:50)

# Created at 2020-05-19T21:51:48.609
Unexpected IOException with stream: 


# Created at 2020-05-19T21:51:48.609
Unexpected IOException with stream: 	at cucumber.runner.Runner.runPickle(Runner.java:49)

# Created at 2020-05-19T21:51:48.610
Unexpected IOException with stream: 


# Created at 2020-05-19T21:51:48.610
Unexpected IOException with stream: 	at cucumber.api.testng.TestNGCucumberRunner.runScenario(TestNGCucumberRunner.java:57)

# Created at 2020-05-19T21:51:48.611
Unexpected IOException with stream: 


# Created at 2020-05-19T21:51:48.611
Unexpected IOException with stream: 	at cucumber.api.testng.AbstractTestNGCucumberTests.runScenario(AbstractTestNGCucumberTests.java:22)

# Created at 2020-05-19T21:51:48.611
Unexpected IOException with stream: 


# Created at 2020-05-19T21:51:48.612
Unexpected IOException with stream: 	at sun.reflect.NativeMethodAccessorImpl.invoke0(Native Method)

# Created at 2020-05-19T21:51:48.612
Unexpected IOException with stream: 


# Created at 2020-05-19T21:51:48.613
Unexpected IOException with stream: 	at sun.reflect.NativeMethodAccessorImpl.invoke(NativeMethodAccessorImpl.java:62)

# Created at 2020-05-19T21:51:48.613
Unexpected IOException with stream: 


# Created at 2020-05-19T21:51:48.614
Unexpected IOException with stream: 	at sun.reflect.DelegatingMethodAccessorImpl.invoke(DelegatingMethodAccessorImpl.java:43)

# Created at 2020-05-19T21:51:48.614
Unexpected IOException with stream: 


# Created at 2020-05-19T21:51:48.614
Unexpected IOException with stream: 	at java.lang.reflect.Method.invoke(Method.java:498)

# Created at 2020-05-19T21:51:48.615
Unexpected IOException with stream: 


# Created at 2020-05-19T21:51:48.615
Unexpected IOException with stream: 	at org.testng.internal.MethodInvocationHelper.invokeMethod(MethodInvocationHelper.java:124)

# Created at 2020-05-19T21:51:48.616
Unexpected IOException with stream: 


# Created at 2020-05-19T21:51:48.616
Unexpected IOException with stream: 	at org.testng.internal.Invoker.invokeMethod(Invoker.java:583)

# Created at 2020-05-19T21:51:48.617
Unexpected IOException with stream: 


# Created at 2020-05-19T21:51:48.618
Unexpected IOException with stream: 	at org.testng.internal.Invoker.invokeTestMethod(Invoker.java:719)

# Created at 2020-05-19T21:51:48.618
Unexpected IOException with stream: 


# Created at 2020-05-19T21:51:48.618
Unexpected IOException with stream: 	at org.testng.internal.Invoker.invokeTestMethods(Invoker.java:989)

# Created at 2020-05-19T21:51:48.619
Unexpected IOException with stream: 


# Created at 2020-05-19T21:51:48.619
Unexpected IOException with stream: 	at org.testng.internal.TestMethodWorker.invokeTestMethods(TestMethodWorker.java:125)

# Created at 2020-05-19T21:51:48.620
Unexpected IOException with stream: 


# Created at 2020-05-19T21:51:48.620
Unexpected IOException with stream: 	at org.testng.internal.TestMethodWorker.run(TestMethodWorker.java:109)

# Created at 2020-05-19T21:51:48.621
Unexpected IOException with stream: 


# Created at 2020-05-19T21:51:48.621
Unexpected IOException with stream: 	at org.testng.TestRunner.privateRun(TestRunner.java:648)

# Created at 2020-05-19T21:51:48.622
Unexpected IOException with stream: 


# Created at 2020-05-19T21:51:48.622
Unexpected IOException with stream: 	at org.testng.TestRunner.run(TestRunner.java:505)

# Created at 2020-05-19T21:51:48.623
Unexpected IOException with stream: 


# Created at 2020-05-19T21:51:48.623
Unexpected IOException with stream: 	at org.testng.SuiteRunner.runTest(SuiteRunner.java:455)

# Created at 2020-05-19T21:51:48.623
Unexpected IOException with stream: 


# Created at 2020-05-19T21:51:48.624
Unexpected IOException with stream: 	at org.testng.SuiteRunner.runSequentially(SuiteRunner.java:450)

# Created at 2020-05-19T21:51:48.625
Unexpected IOException with stream: 


# Created at 2020-05-19T21:51:48.625
Unexpected IOException with stream: 	at org.testng.SuiteRunner.privateRun(SuiteRunner.java:415)

# Created at 2020-05-19T21:51:48.626
Unexpected IOException with stream: 


# Created at 2020-05-19T21:51:48.626
Unexpected IOException with stream: 	at org.testng.SuiteRunner.run(SuiteRunner.java:364)

# Created at 2020-05-19T21:51:48.626
Unexpected IOException with stream: 


# Created at 2020-05-19T21:51:48.627
Unexpected IOException with stream: 	at org.testng.SuiteRunnerWorker.runSuite(SuiteRunnerWorker.java:52)

# Created at 2020-05-19T21:51:48.627
Unexpected IOException with stream: 


# Created at 2020-05-19T21:51:48.628
Unexpected IOException with stream: 	at org.testng.SuiteRunnerWorker.run(SuiteRunnerWorker.java:84)

# Created at 2020-05-19T21:51:48.628
Unexpected IOException with stream: 


# Created at 2020-05-19T21:51:48.629
Unexpected IOException with stream: 	at org.testng.TestNG.runSuitesSequentially(TestNG.java:1208)

# Created at 2020-05-19T21:51:48.629
Unexpected IOException with stream: 


# Created at 2020-05-19T21:51:48.630
Unexpected IOException with stream: 	at org.testng.TestNG.runSuitesLocally(TestNG.java:1137)

# Created at 2020-05-19T21:51:48.630
Unexpected IOException with stream: 


# Created at 2020-05-19T21:51:48.631
Unexpected IOException with stream: 	at org.testng.TestNG.runSuites(TestNG.java:1049)

# Created at 2020-05-19T21:51:48.632
Unexpected IOException with stream: 


# Created at 2020-05-19T21:51:48.632
Unexpected IOException with stream: 	at org.testng.TestNG.run(TestNG.java:1017)

# Created at 2020-05-19T21:51:48.632
Unexpected IOException with stream: 


# Created at 2020-05-19T21:51:48.633
Unexpected IOException with stream: 	at org.apache.maven.surefire.testng.TestNGExecutor.run(TestNGExecutor.java:283)

# Created at 2020-05-19T21:51:48.633
Unexpected IOException with stream: 


# Created at 2020-05-19T21:51:48.634
Unexpected IOException with stream: 	at org.apache.maven.surefire.testng.TestNGXmlTestSuite.execute(TestNGXmlTestSuite.java:75)

# Created at 2020-05-19T21:51:48.634
Unexpected IOException with stream: 


# Created at 2020-05-19T21:51:48.634
Unexpected IOException with stream: 	at org.apache.maven.surefire.testng.TestNGProvider.invoke(TestNGProvider.java:120)

# Created at 2020-05-19T21:51:48.635
Unexpected IOException with stream: 


# Created at 2020-05-19T21:51:48.635
Unexpected IOException with stream: 	at org.apache.maven.surefire.booter.ForkedBooter.invokeProviderInSameClassLoader(ForkedBooter.java:384)

# Created at 2020-05-19T21:51:48.636
Unexpected IOException with stream: 


# Created at 2020-05-19T21:51:48.636
Unexpected IOException with stream: 	at org.apache.maven.surefire.booter.ForkedBooter.runSuitesInProcess(ForkedBooter.java:345)

# Created at 2020-05-19T21:51:48.636
Unexpected IOException with stream: 


# Created at 2020-05-19T21:51:48.637
Unexpected IOException with stream: 	at org.apache.maven.surefire.booter.ForkedBooter.execute(ForkedBooter.java:126)

# Created at 2020-05-19T21:51:48.637
Unexpected IOException with stream: 


# Created at 2020-05-19T21:51:48.638
Unexpected IOException with stream: 	at org.apache.maven.surefire.booter.ForkedBooter.main(ForkedBooter.java:418)

# Created at 2020-05-19T21:51:48.639
Unexpected IOException with stream: 


# Created at 2020-05-19T21:51:48.640
Unexpected IOException with stream: 


# Created at 2020-05-19T21:51:48.640
Unexpected IOException with stream: org.openqa.selenium.NoSuchWindowException: no such window: target window already closed
from unknown error: web view not found
  (Session info: chrome=79.0.3945.79)
Build info: version: '3.141.59', revision: 'e82be7d358', time: '2018-11-14T08:17:03'
System info: host: 'DESKTOP-KISPH7H', ip: '192.168.0.7', os.name: 'Windows 10', os.arch: 'amd64', os.version: '10.0', java.version: '1.8.0_241'
Driver info: org.openqa.selenium.chrome.ChromeDriver
Capabilities {acceptInsecureCerts: false, browserName: chrome, browserVersion: 79.0.3945.79, chrome: {chromedriverVersion: 79.0.3945.36 (3582db32b3389..., userDataDir: C:\Users\AKHIL\AppData\Loca...}, goog:chromeOptions: {debuggerAddress: localhost:59248}, javascriptEnabled: true, networkConnectionEnabled: false, pageLoadStrategy: normal, platform: WINDOWS, platformName: WINDOWS, proxy: Proxy(), setWindowRect: true, strictFileInteractability: false, timeouts: {implicit: 0, pageLoad: 300000, script: 30000}, unhandledPromptBehavior: dismiss and notify}
Session ID: 78656c30fd927ae086c438abd1a7d99c

# Created at 2020-05-19T21:51:48.641
Unexpected IOException with stream: 


# Created at 2020-05-19T21:51:48.641
Unexpected IOException with stream: 	at sun.reflect.NativeConstructorAccessorImpl.newInstance0(Native Method)

# Created at 2020-05-19T21:51:48.642
Unexpected IOException with stream: 


# Created at 2020-05-19T21:51:48.642
Unexpected IOException with stream: 	at sun.reflect.NativeConstructorAccessorImpl.newInstance(NativeConstructorAccessorImpl.java:62)

# Created at 2020-05-19T21:51:48.643
Unexpected IOException with stream: 


# Created at 2020-05-19T21:51:48.643
Unexpected IOException with stream: 	at sun.reflect.DelegatingConstructorAccessorImpl.newInstance(DelegatingConstructorAccessorImpl.java:45)

# Created at 2020-05-19T21:51:48.643
Unexpected IOException with stream: 


# Created at 2020-05-19T21:51:48.644
Unexpected IOException with stream: 	at java.lang.reflect.Constructor.newInstance(Constructor.java:423)

# Created at 2020-05-19T21:51:48.644
Unexpected IOException with stream: 


# Created at 2020-05-19T21:51:48.645
Unexpected IOException with stream: 	at org.openqa.selenium.remote.http.W3CHttpResponseCodec.createException(W3CHttpResponseCodec.java:187)

# Created at 2020-05-19T21:51:48.645
Unexpected IOException with stream: 


# Created at 2020-05-19T21:51:48.646
Unexpected IOException with stream: 	at org.openqa.selenium.remote.http.W3CHttpResponseCodec.decode(W3CHttpResponseCodec.java:122)

# Created at 2020-05-19T21:51:48.646
Unexpected IOException with stream: 


# Created at 2020-05-19T21:51:48.647
Unexpected IOException with stream: 	at org.openqa.selenium.remote.http.W3CHttpResponseCodec.decode(W3CHttpResponseCodec.java:49)

# Created at 2020-05-19T21:51:48.647
Unexpected IOException with stream: 


# Created at 2020-05-19T21:51:48.648
Unexpected IOException with stream: 	at org.openqa.selenium.remote.HttpCommandExecutor.execute(HttpCommandExecutor.java:158)

# Created at 2020-05-19T21:51:48.648
Unexpected IOException with stream: 


# Created at 2020-05-19T21:51:48.648
Unexpected IOException with stream: 	at org.openqa.selenium.remote.service.DriverCommandExecutor.execute(DriverCommandExecutor.java:83)

# Created at 2020-05-19T21:51:48.649
Unexpected IOException with stream: 


# Created at 2020-05-19T21:51:48.649
Unexpected IOException with stream: 	at org.openqa.selenium.remote.RemoteWebDriver.execute(RemoteWebDriver.java:552)

# Created at 2020-05-19T21:51:48.650
Unexpected IOException with stream: 


# Created at 2020-05-19T21:51:48.650
Unexpected IOException with stream: 	at org.openqa.selenium.remote.RemoteWebDriver.get(RemoteWebDriver.java:277)

# Created at 2020-05-19T21:51:48.650
Unexpected IOException with stream: 


# Created at 2020-05-19T21:51:48.651
Unexpected IOException with stream: 	at com.poferries.freight.AutomationFramework.web.utilities.SeleniumDriver.openPage(SeleniumDriver.java:39)

# Created at 2020-05-19T21:51:48.651
Unexpected IOException with stream: 


# Created at 2020-05-19T21:51:48.652
Unexpected IOException with stream: 	at com.poferries.freight.AutomationFramework.web.stepDefinitions.MakeABookingSteps.i_navigate_to_the_PO_Ferries_Freight_Website(MakeABookingSteps.java:57)

# Created at 2020-05-19T21:51:48.652
Unexpected IOException with stream: 


# Created at 2020-05-19T21:51:48.653
Unexpected IOException with stream: 	at ?.I navigate to the PO Ferries Freight Website(file:src/test/resources/features/web/MakeABookingMultipleLanguages.feature:14)

# Created at 2020-05-19T21:51:48.653
Unexpected IOException with stream: 


# Created at 2020-05-19T21:51:48.654
Unexpected IOException with stream: 


# Created at 2020-05-19T21:51:48.655
Unexpected IOException with stream: org.openqa.selenium.NoSuchWindowException: no such window: target window already closed
from unknown error: web view not found
  (Session info: chrome=79.0.3945.79)
Build info: version: '3.141.59', revision: 'e82be7d358', time: '2018-11-14T08:17:03'
System info: host: 'DESKTOP-KISPH7H', ip: '192.168.0.7', os.name: 'Windows 10', os.arch: 'amd64', os.version: '10.0', java.version: '1.8.0_241'
Driver info: org.openqa.selenium.chrome.ChromeDriver
Capabilities {acceptInsecureCerts: false, browserName: chrome, browserVersion: 79.0.3945.79, chrome: {chromedriverVersion: 79.0.3945.36 (3582db32b3389..., userDataDir: C:\Users\AKHIL\AppData\Loca...}, goog:chromeOptions: {debuggerAddress: localhost:59248}, javascriptEnabled: true, networkConnectionEnabled: false, pageLoadStrategy: normal, platform: WINDOWS, platformName: WINDOWS, proxy: Proxy(), setWindowRect: true, strictFileInteractability: false, timeouts: {implicit: 0, pageLoad: 300000, script: 30000}, unhandledPromptBehavior: dismiss and notify}
Session ID: 78656c30fd927ae086c438abd1a7d99c

# Created at 2020-05-19T21:51:48.656
Unexpected IOException with stream: 


# Created at 2020-05-19T21:51:48.657
Unexpected IOException with stream: 	at sun.reflect.NativeConstructorAccessorImpl.newInstance0(Native Method)

# Created at 2020-05-19T21:51:48.657
Unexpected IOException with stream: 


# Created at 2020-05-19T21:51:48.658
Unexpected IOException with stream: 	at sun.reflect.NativeConstructorAccessorImpl.newInstance(NativeConstructorAccessorImpl.java:62)

# Created at 2020-05-19T21:51:48.659
Unexpected IOException with stream: 


# Created at 2020-05-19T21:51:48.660
Unexpected IOException with stream: 	at sun.reflect.DelegatingConstructorAccessorImpl.newInstance(DelegatingConstructorAccessorImpl.java:45)

# Created at 2020-05-19T21:51:48.660
Unexpected IOException with stream: 


# Created at 2020-05-19T21:51:48.662
Unexpected IOException with stream: 	at java.lang.reflect.Constructor.newInstance(Constructor.java:423)

# Created at 2020-05-19T21:51:48.667
Unexpected IOException with stream: 


# Created at 2020-05-19T21:51:48.668
Unexpected IOException with stream: 	at org.openqa.selenium.remote.http.W3CHttpResponseCodec.createException(W3CHttpResponseCodec.java:187)

# Created at 2020-05-19T21:51:48.669
Unexpected IOException with stream: 


# Created at 2020-05-19T21:51:48.670
Unexpected IOException with stream: 	at org.openqa.selenium.remote.http.W3CHttpResponseCodec.decode(W3CHttpResponseCodec.java:122)

# Created at 2020-05-19T21:51:48.672
Unexpected IOException with stream: 


# Created at 2020-05-19T21:51:48.673
Unexpected IOException with stream: 	at org.openqa.selenium.remote.http.W3CHttpResponseCodec.decode(W3CHttpResponseCodec.java:49)

# Created at 2020-05-19T21:51:48.674
Unexpected IOException with stream: 


# Created at 2020-05-19T21:51:48.675
Unexpected IOException with stream: 	at org.openqa.selenium.remote.HttpCommandExecutor.execute(HttpCommandExecutor.java:158)

# Created at 2020-05-19T21:51:48.676
Unexpected IOException with stream: 


# Created at 2020-05-19T21:51:48.678
Unexpected IOException with stream: 	at org.openqa.selenium.remote.service.DriverCommandExecutor.execute(DriverCommandExecutor.java:83)

# Created at 2020-05-19T21:51:48.679
Unexpected IOException with stream: 


# Created at 2020-05-19T21:51:48.679
Unexpected IOException with stream: 	at org.openqa.selenium.remote.RemoteWebDriver.execute(RemoteWebDriver.java:552)

# Created at 2020-05-19T21:51:48.680
Unexpected IOException with stream: 


# Created at 2020-05-19T21:51:48.681
Unexpected IOException with stream: 	at org.openqa.selenium.remote.RemoteWebDriver.execute(RemoteWebDriver.java:609)

# Created at 2020-05-19T21:51:48.682
Unexpected IOException with stream: 


# Created at 2020-05-19T21:51:48.683
Unexpected IOException with stream: 	at org.openqa.selenium.remote.RemoteWebDriver.getScreenshotAs(RemoteWebDriver.java:295)

# Created at 2020-05-19T21:51:48.684
Unexpected IOException with stream: 


# Created at 2020-05-19T21:51:48.684
Unexpected IOException with stream: 	at com.poferries.freight.AutomationFramework.web.stepDefinitions.AfterActions.tearDown(AfterActions.java:23)

# Created at 2020-05-19T21:51:48.685
Unexpected IOException with stream: 


# Created at 2020-05-19T21:51:48.686
Unexpected IOException with stream: 	at sun.reflect.NativeMethodAccessorImpl.invoke0(Native Method)

# Created at 2020-05-19T21:51:48.688
Unexpected IOException with stream: 


# Created at 2020-05-19T21:51:48.689
Unexpected IOException with stream: 	at sun.reflect.NativeMethodAccessorImpl.invoke(NativeMethodAccessorImpl.java:62)

# Created at 2020-05-19T21:51:48.690
Unexpected IOException with stream: 


# Created at 2020-05-19T21:51:48.692
Unexpected IOException with stream: 	at sun.reflect.DelegatingMethodAccessorImpl.invoke(DelegatingMethodAccessorImpl.java:43)

# Created at 2020-05-19T21:51:48.693
Unexpected IOException with stream: 


# Created at 2020-05-19T21:51:48.694
Unexpected IOException with stream: 	at java.lang.reflect.Method.invoke(Method.java:498)

# Created at 2020-05-19T21:51:48.695
Unexpected IOException with stream: 


# Created at 2020-05-19T21:51:48.695
Unexpected IOException with stream: 	at cucumber.runtime.Utils$1.call(Utils.java:26)

# Created at 2020-05-19T21:51:48.696
Unexpected IOException with stream: 


# Created at 2020-05-19T21:51:48.697
Unexpected IOException with stream: 	at cucumber.runtime.Timeout.timeout(Timeout.java:16)

# Created at 2020-05-19T21:51:48.698
Unexpected IOException with stream: 


# Created at 2020-05-19T21:51:48.699
Unexpected IOException with stream: 	at cucumber.runtime.Utils.invoke(Utils.java:20)

# Created at 2020-05-19T21:51:48.700
Unexpected IOException with stream: 


# Created at 2020-05-19T21:51:48.701
Unexpected IOException with stream: 	at cucumber.runtime.java.JavaHookDefinition.execute(JavaHookDefinition.java:60)

# Created at 2020-05-19T21:51:48.702
Unexpected IOException with stream: 


# Created at 2020-05-19T21:51:48.702
Unexpected IOException with stream: 	at cucumber.runner.HookDefinitionMatch.runStep(HookDefinitionMatch.java:16)

# Created at 2020-05-19T21:51:48.703
Unexpected IOException with stream: 


# Created at 2020-05-19T21:51:48.703
Unexpected IOException with stream: 	at cucumber.runner.TestStep.executeStep(TestStep.java:65)

# Created at 2020-05-19T21:51:48.704
Unexpected IOException with stream: 


# Created at 2020-05-19T21:51:48.705
Unexpected IOException with stream: 	at cucumber.runner.TestStep.run(TestStep.java:50)

# Created at 2020-05-19T21:51:48.706
Unexpected IOException with stream: 


# Created at 2020-05-19T21:51:48.706
Unexpected IOException with stream: 	at cucumber.runner.TestCase.run(TestCase.java:50)

# Created at 2020-05-19T21:51:48.707
Unexpected IOException with stream: 


# Created at 2020-05-19T21:51:48.708
Unexpected IOException with stream: 	at cucumber.runner.Runner.runPickle(Runner.java:49)

# Created at 2020-05-19T21:51:48.709
Unexpected IOException with stream: 


# Created at 2020-05-19T21:51:48.709
Unexpected IOException with stream: 	at cucumber.api.testng.TestNGCucumberRunner.runScenario(TestNGCucumberRunner.java:57)

# Created at 2020-05-19T21:51:48.710
Unexpected IOException with stream: 


# Created at 2020-05-19T21:51:48.710
Unexpected IOException with stream: 	at cucumber.api.testng.AbstractTestNGCucumberTests.runScenario(AbstractTestNGCucumberTests.java:22)

# Created at 2020-05-19T21:51:48.711
Unexpected IOException with stream: 


# Created at 2020-05-19T21:51:48.711
Unexpected IOException with stream: 	at sun.reflect.NativeMethodAccessorImpl.invoke0(Native Method)

# Created at 2020-05-19T21:51:48.712
Unexpected IOException with stream: 


# Created at 2020-05-19T21:51:48.712
Unexpected IOException with stream: 	at sun.reflect.NativeMethodAccessorImpl.invoke(NativeMethodAccessorImpl.java:62)

# Created at 2020-05-19T21:51:48.713
Unexpected IOException with stream: 


# Created at 2020-05-19T21:51:48.714
Unexpected IOException with stream: 	at sun.reflect.DelegatingMethodAccessorImpl.invoke(DelegatingMethodAccessorImpl.java:43)

# Created at 2020-05-19T21:51:48.714
Unexpected IOException with stream: 


# Created at 2020-05-19T21:51:48.715
Unexpected IOException with stream: 	at java.lang.reflect.Method.invoke(Method.java:498)

# Created at 2020-05-19T21:51:48.715
Unexpected IOException with stream: 


# Created at 2020-05-19T21:51:48.716
Unexpected IOException with stream: 	at org.testng.internal.MethodInvocationHelper.invokeMethod(MethodInvocationHelper.java:124)

# Created at 2020-05-19T21:51:48.716
Unexpected IOException with stream: 


# Created at 2020-05-19T21:51:48.717
Unexpected IOException with stream: 	at org.testng.internal.Invoker.invokeMethod(Invoker.java:583)

# Created at 2020-05-19T21:51:48.717
Unexpected IOException with stream: 


# Created at 2020-05-19T21:51:48.718
Unexpected IOException with stream: 	at org.testng.internal.Invoker.invokeTestMethod(Invoker.java:719)

# Created at 2020-05-19T21:51:48.718
Unexpected IOException with stream: 


# Created at 2020-05-19T21:51:48.719
Unexpected IOException with stream: 	at org.testng.internal.Invoker.invokeTestMethods(Invoker.java:989)

# Created at 2020-05-19T21:51:48.719
Unexpected IOException with stream: 


# Created at 2020-05-19T21:51:48.720
Unexpected IOException with stream: 	at org.testng.internal.TestMethodWorker.invokeTestMethods(TestMethodWorker.java:125)

# Created at 2020-05-19T21:51:48.721
Unexpected IOException with stream: 


# Created at 2020-05-19T21:51:48.721
Unexpected IOException with stream: 	at org.testng.internal.TestMethodWorker.run(TestMethodWorker.java:109)

# Created at 2020-05-19T21:51:48.722
Unexpected IOException with stream: 


# Created at 2020-05-19T21:51:48.722
Unexpected IOException with stream: 	at org.testng.TestRunner.privateRun(TestRunner.java:648)

# Created at 2020-05-19T21:51:48.723
Unexpected IOException with stream: 


# Created at 2020-05-19T21:51:48.723
Unexpected IOException with stream: 	at org.testng.TestRunner.run(TestRunner.java:505)

# Created at 2020-05-19T21:51:48.724
Unexpected IOException with stream: 


# Created at 2020-05-19T21:51:48.725
Unexpected IOException with stream: 	at org.testng.SuiteRunner.runTest(SuiteRunner.java:455)

# Created at 2020-05-19T21:51:48.726
Unexpected IOException with stream: 


# Created at 2020-05-19T21:51:48.726
Unexpected IOException with stream: 	at org.testng.SuiteRunner.runSequentially(SuiteRunner.java:450)

# Created at 2020-05-19T21:51:48.727
Unexpected IOException with stream: 


# Created at 2020-05-19T21:51:48.727
Unexpected IOException with stream: 	at org.testng.SuiteRunner.privateRun(SuiteRunner.java:415)

# Created at 2020-05-19T21:51:48.728
Unexpected IOException with stream: 


# Created at 2020-05-19T21:51:48.728
Unexpected IOException with stream: 	at org.testng.SuiteRunner.run(SuiteRunner.java:364)

# Created at 2020-05-19T21:51:48.729
Unexpected IOException with stream: 


# Created at 2020-05-19T21:51:48.729
Unexpected IOException with stream: 	at org.testng.SuiteRunnerWorker.runSuite(SuiteRunnerWorker.java:52)

# Created at 2020-05-19T21:51:48.730
Unexpected IOException with stream: 


# Created at 2020-05-19T21:51:48.730
Unexpected IOException with stream: 	at org.testng.SuiteRunnerWorker.run(SuiteRunnerWorker.java:84)

# Created at 2020-05-19T21:51:48.731
Unexpected IOException with stream: 


# Created at 2020-05-19T21:51:48.731
Unexpected IOException with stream: 	at org.testng.TestNG.runSuitesSequentially(TestNG.java:1208)

# Created at 2020-05-19T21:51:48.732
Unexpected IOException with stream: 


# Created at 2020-05-19T21:51:48.732
Unexpected IOException with stream: 	at org.testng.TestNG.runSuitesLocally(TestNG.java:1137)

# Created at 2020-05-19T21:51:48.733
Unexpected IOException with stream: 


# Created at 2020-05-19T21:51:48.733
Unexpected IOException with stream: 	at org.testng.TestNG.runSuites(TestNG.java:1049)

# Created at 2020-05-19T21:51:48.734
Unexpected IOException with stream: 


# Created at 2020-05-19T21:51:48.734
Unexpected IOException with stream: 	at org.testng.TestNG.run(TestNG.java:1017)

# Created at 2020-05-19T21:51:48.735
Unexpected IOException with stream: 


# Created at 2020-05-19T21:51:48.735
Unexpected IOException with stream: 	at org.apache.maven.surefire.testng.TestNGExecutor.run(TestNGExecutor.java:283)

# Created at 2020-05-19T21:51:48.736
Unexpected IOException with stream: 


# Created at 2020-05-19T21:51:48.736
Unexpected IOException with stream: 	at org.apache.maven.surefire.testng.TestNGXmlTestSuite.execute(TestNGXmlTestSuite.java:75)

# Created at 2020-05-19T21:51:48.737
Unexpected IOException with stream: 


# Created at 2020-05-19T21:51:48.737
Unexpected IOException with stream: 	at org.apache.maven.surefire.testng.TestNGProvider.invoke(TestNGProvider.java:120)

# Created at 2020-05-19T21:51:48.738
Unexpected IOException with stream: 


# Created at 2020-05-19T21:51:48.738
Unexpected IOException with stream: 	at org.apache.maven.surefire.booter.ForkedBooter.invokeProviderInSameClassLoader(ForkedBooter.java:384)

# Created at 2020-05-19T21:51:48.739
Unexpected IOException with stream: 


# Created at 2020-05-19T21:51:48.739
Unexpected IOException with stream: 	at org.apache.maven.surefire.booter.ForkedBooter.runSuitesInProcess(ForkedBooter.java:345)

# Created at 2020-05-19T21:51:48.740
Unexpected IOException with stream: 


# Created at 2020-05-19T21:51:48.740
Unexpected IOException with stream: 	at org.apache.maven.surefire.booter.ForkedBooter.execute(ForkedBooter.java:126)

# Created at 2020-05-19T21:51:48.742
Unexpected IOException with stream: 


# Created at 2020-05-19T21:51:48.742
Unexpected IOException with stream: 	at org.apache.maven.surefire.booter.ForkedBooter.main(ForkedBooter.java:418)

# Created at 2020-05-19T21:51:48.743
Unexpected IOException with stream: 


# Created at 2020-05-19T21:51:48.744
Unexpected IOException with stream: 


# Created at 2020-05-19T21:51:48.745
Unexpected IOException with stream: org.openqa.selenium.NoSuchWindowException: no such window: target window already closed
from unknown error: web view not found
  (Session info: chrome=79.0.3945.79)
Build info: version: '3.141.59', revision: 'e82be7d358', time: '2018-11-14T08:17:03'
System info: host: 'DESKTOP-KISPH7H', ip: '192.168.0.7', os.name: 'Windows 10', os.arch: 'amd64', os.version: '10.0', java.version: '1.8.0_241'
Driver info: org.openqa.selenium.chrome.ChromeDriver
Capabilities {acceptInsecureCerts: false, browserName: chrome, browserVersion: 79.0.3945.79, chrome: {chromedriverVersion: 79.0.3945.36 (3582db32b3389..., userDataDir: C:\Users\AKHIL\AppData\Loca...}, goog:chromeOptions: {debuggerAddress: localhost:59248}, javascriptEnabled: true, networkConnectionEnabled: false, pageLoadStrategy: normal, platform: WINDOWS, platformName: WINDOWS, proxy: Proxy(), setWindowRect: true, strictFileInteractability: false, timeouts: {implicit: 0, pageLoad: 300000, script: 30000}, unhandledPromptBehavior: dismiss and notify}
Session ID: 78656c30fd927ae086c438abd1a7d99c

# Created at 2020-05-19T21:51:48.745
Unexpected IOException with stream: 


# Created at 2020-05-19T21:51:48.746
Unexpected IOException with stream: 	at sun.reflect.NativeConstructorAccessorImpl.newInstance0(Native Method)

# Created at 2020-05-19T21:51:48.746
Unexpected IOException with stream: 


# Created at 2020-05-19T21:51:48.747
Unexpected IOException with stream: 	at sun.reflect.NativeConstructorAccessorImpl.newInstance(NativeConstructorAccessorImpl.java:62)

# Created at 2020-05-19T21:51:48.747
Unexpected IOException with stream: 


# Created at 2020-05-19T21:51:48.748
Unexpected IOException with stream: 	at sun.reflect.DelegatingConstructorAccessorImpl.newInstance(DelegatingConstructorAccessorImpl.java:45)

# Created at 2020-05-19T21:51:48.748
Unexpected IOException with stream: 


# Created at 2020-05-19T21:51:48.749
Unexpected IOException with stream: 	at java.lang.reflect.Constructor.newInstance(Constructor.java:423)

# Created at 2020-05-19T21:51:48.749
Unexpected IOException with stream: 


# Created at 2020-05-19T21:51:48.750
Unexpected IOException with stream: 	at org.openqa.selenium.remote.http.W3CHttpResponseCodec.createException(W3CHttpResponseCodec.java:187)

# Created at 2020-05-19T21:51:48.750
Unexpected IOException with stream: 


# Created at 2020-05-19T21:51:48.751
Unexpected IOException with stream: 	at org.openqa.selenium.remote.http.W3CHttpResponseCodec.decode(W3CHttpResponseCodec.java:122)

# Created at 2020-05-19T21:51:48.752
Unexpected IOException with stream: 


# Created at 2020-05-19T21:51:48.752
Unexpected IOException with stream: 	at org.openqa.selenium.remote.http.W3CHttpResponseCodec.decode(W3CHttpResponseCodec.java:49)

# Created at 2020-05-19T21:51:48.753
Unexpected IOException with stream: 


# Created at 2020-05-19T21:51:48.753
Unexpected IOException with stream: 	at org.openqa.selenium.remote.HttpCommandExecutor.execute(HttpCommandExecutor.java:158)

# Created at 2020-05-19T21:51:48.754
Unexpected IOException with stream: 


# Created at 2020-05-19T21:51:48.754
Unexpected IOException with stream: 	at org.openqa.selenium.remote.service.DriverCommandExecutor.execute(DriverCommandExecutor.java:83)

# Created at 2020-05-19T21:51:48.755
Unexpected IOException with stream: 


# Created at 2020-05-19T21:51:48.756
Unexpected IOException with stream: 	at org.openqa.selenium.remote.RemoteWebDriver.execute(RemoteWebDriver.java:552)

# Created at 2020-05-19T21:51:48.756
Unexpected IOException with stream: 


# Created at 2020-05-19T21:51:48.757
Unexpected IOException with stream: 	at org.openqa.selenium.remote.RemoteWebDriver.get(RemoteWebDriver.java:277)

# Created at 2020-05-19T21:51:48.758
Unexpected IOException with stream: 


# Created at 2020-05-19T21:51:48.758
Unexpected IOException with stream: 	at com.poferries.freight.AutomationFramework.web.utilities.SeleniumDriver.openPage(SeleniumDriver.java:39)

# Created at 2020-05-19T21:51:48.759
Unexpected IOException with stream: 


# Created at 2020-05-19T21:51:48.759
Unexpected IOException with stream: 	at com.poferries.freight.AutomationFramework.web.stepDefinitions.MakeABookingSteps.i_navigate_to_the_PO_Ferries_Freight_Website(MakeABookingSteps.java:57)

# Created at 2020-05-19T21:51:48.760
Unexpected IOException with stream: 


# Created at 2020-05-19T21:51:48.760
Unexpected IOException with stream: 	at ?.I navigate to the PO Ferries Freight Website(file:src/test/resources/features/web/MakeABookingMultipleLanguages.feature:14)

# Created at 2020-05-19T21:51:48.761
Unexpected IOException with stream: 


# Created at 2020-05-19T21:51:48.762
Unexpected IOException with stream: 


# Created at 2020-05-19T21:51:48.762
Unexpected IOException with stream: org.openqa.selenium.NoSuchWindowException: no such window: target window already closed
from unknown error: web view not found
  (Session info: chrome=79.0.3945.79)
Build info: version: '3.141.59', revision: 'e82be7d358', time: '2018-11-14T08:17:03'
System info: host: 'DESKTOP-KISPH7H', ip: '192.168.0.7', os.name: 'Windows 10', os.arch: 'amd64', os.version: '10.0', java.version: '1.8.0_241'
Driver info: org.openqa.selenium.chrome.ChromeDriver
Capabilities {acceptInsecureCerts: false, browserName: chrome, browserVersion: 79.0.3945.79, chrome: {chromedriverVersion: 79.0.3945.36 (3582db32b3389..., userDataDir: C:\Users\AKHIL\AppData\Loca...}, goog:chromeOptions: {debuggerAddress: localhost:59248}, javascriptEnabled: true, networkConnectionEnabled: false, pageLoadStrategy: normal, platform: WINDOWS, platformName: WINDOWS, proxy: Proxy(), setWindowRect: true, strictFileInteractability: false, timeouts: {implicit: 0, pageLoad: 300000, script: 30000}, unhandledPromptBehavior: dismiss and notify}
Session ID: 78656c30fd927ae086c438abd1a7d99c

# Created at 2020-05-19T21:51:48.763
Unexpected IOException with stream: 


# Created at 2020-05-19T21:51:48.763
Unexpected IOException with stream: 	at sun.reflect.NativeConstructorAccessorImpl.newInstance0(Native Method)

# Created at 2020-05-19T21:51:48.764
Unexpected IOException with stream: 


# Created at 2020-05-19T21:51:48.764
Unexpected IOException with stream: 	at sun.reflect.NativeConstructorAccessorImpl.newInstance(NativeConstructorAccessorImpl.java:62)

# Created at 2020-05-19T21:51:48.765
Unexpected IOException with stream: 


# Created at 2020-05-19T21:51:48.766
Unexpected IOException with stream: 	at sun.reflect.DelegatingConstructorAccessorImpl.newInstance(DelegatingConstructorAccessorImpl.java:45)

# Created at 2020-05-19T21:51:48.766
Unexpected IOException with stream: 


# Created at 2020-05-19T21:51:48.767
Unexpected IOException with stream: 	at java.lang.reflect.Constructor.newInstance(Constructor.java:423)

# Created at 2020-05-19T21:51:48.767
Unexpected IOException with stream: 


# Created at 2020-05-19T21:51:48.768
Unexpected IOException with stream: 	at org.openqa.selenium.remote.http.W3CHttpResponseCodec.createException(W3CHttpResponseCodec.java:187)

# Created at 2020-05-19T21:51:48.768
Unexpected IOException with stream: 


# Created at 2020-05-19T21:51:48.769
Unexpected IOException with stream: 	at org.openqa.selenium.remote.http.W3CHttpResponseCodec.decode(W3CHttpResponseCodec.java:122)

# Created at 2020-05-19T21:51:48.769
Unexpected IOException with stream: 


# Created at 2020-05-19T21:51:48.770
Unexpected IOException with stream: 	at org.openqa.selenium.remote.http.W3CHttpResponseCodec.decode(W3CHttpResponseCodec.java:49)

# Created at 2020-05-19T21:51:48.771
Unexpected IOException with stream: 


# Created at 2020-05-19T21:51:48.771
Unexpected IOException with stream: 	at org.openqa.selenium.remote.HttpCommandExecutor.execute(HttpCommandExecutor.java:158)

# Created at 2020-05-19T21:51:48.772
Unexpected IOException with stream: 


# Created at 2020-05-19T21:51:48.773
Unexpected IOException with stream: 	at org.openqa.selenium.remote.service.DriverCommandExecutor.execute(DriverCommandExecutor.java:83)

# Created at 2020-05-19T21:51:48.774
Unexpected IOException with stream: 


# Created at 2020-05-19T21:51:48.775
Unexpected IOException with stream: 	at org.openqa.selenium.remote.RemoteWebDriver.execute(RemoteWebDriver.java:552)

# Created at 2020-05-19T21:51:48.775
Unexpected IOException with stream: 


# Created at 2020-05-19T21:51:48.776
Unexpected IOException with stream: 	at org.openqa.selenium.remote.RemoteWebDriver.execute(RemoteWebDriver.java:609)

# Created at 2020-05-19T21:51:48.777
Unexpected IOException with stream: 


# Created at 2020-05-19T21:51:48.778
Unexpected IOException with stream: 	at org.openqa.selenium.remote.RemoteWebDriver.getScreenshotAs(RemoteWebDriver.java:295)

# Created at 2020-05-19T21:51:48.779
Unexpected IOException with stream: 


# Created at 2020-05-19T21:51:48.779
Unexpected IOException with stream: 	at com.poferries.freight.AutomationFramework.web.stepDefinitions.AfterActions.tearDown(AfterActions.java:23)

# Created at 2020-05-19T21:51:48.780
Unexpected IOException with stream: 


# Created at 2020-05-19T21:51:48.781
Unexpected IOException with stream: 	at sun.reflect.NativeMethodAccessorImpl.invoke0(Native Method)

# Created at 2020-05-19T21:51:48.782
Unexpected IOException with stream: 


# Created at 2020-05-19T21:51:48.782
Unexpected IOException with stream: 	at sun.reflect.NativeMethodAccessorImpl.invoke(NativeMethodAccessorImpl.java:62)

# Created at 2020-05-19T21:51:48.783
Unexpected IOException with stream: 


# Created at 2020-05-19T21:51:48.784
Unexpected IOException with stream: 	at sun.reflect.DelegatingMethodAccessorImpl.invoke(DelegatingMethodAccessorImpl.java:43)

# Created at 2020-05-19T21:51:48.785
Unexpected IOException with stream: 


# Created at 2020-05-19T21:51:48.786
Unexpected IOException with stream: 	at java.lang.reflect.Method.invoke(Method.java:498)

# Created at 2020-05-19T21:51:48.787
Unexpected IOException with stream: 


# Created at 2020-05-19T21:51:48.788
Unexpected IOException with stream: 	at cucumber.runtime.Utils$1.call(Utils.java:26)

# Created at 2020-05-19T21:51:48.788
Unexpected IOException with stream: 


# Created at 2020-05-19T21:51:48.789
Unexpected IOException with stream: 	at cucumber.runtime.Timeout.timeout(Timeout.java:16)

# Created at 2020-05-19T21:51:48.790
Unexpected IOException with stream: 


# Created at 2020-05-19T21:51:48.791
Unexpected IOException with stream: 	at cucumber.runtime.Utils.invoke(Utils.java:20)

# Created at 2020-05-19T21:51:48.792
Unexpected IOException with stream: 


# Created at 2020-05-19T21:51:48.792
Unexpected IOException with stream: 	at cucumber.runtime.java.JavaHookDefinition.execute(JavaHookDefinition.java:60)

# Created at 2020-05-19T21:51:48.793
Unexpected IOException with stream: 


# Created at 2020-05-19T21:51:48.794
Unexpected IOException with stream: 	at cucumber.runner.HookDefinitionMatch.runStep(HookDefinitionMatch.java:16)

# Created at 2020-05-19T21:51:48.794
Unexpected IOException with stream: 


# Created at 2020-05-19T21:51:48.795
Unexpected IOException with stream: 	at cucumber.runner.TestStep.executeStep(TestStep.java:65)

# Created at 2020-05-19T21:51:48.796
Unexpected IOException with stream: 


# Created at 2020-05-19T21:51:48.797
Unexpected IOException with stream: 	at cucumber.runner.TestStep.run(TestStep.java:50)

# Created at 2020-05-19T21:51:48.797
Unexpected IOException with stream: 


# Created at 2020-05-19T21:51:48.798
Unexpected IOException with stream: 	at cucumber.runner.TestCase.run(TestCase.java:50)

# Created at 2020-05-19T21:51:48.799
Unexpected IOException with stream: 


# Created at 2020-05-19T21:51:48.799
Unexpected IOException with stream: 	at cucumber.runner.Runner.runPickle(Runner.java:49)

# Created at 2020-05-19T21:51:48.800
Unexpected IOException with stream: 


# Created at 2020-05-19T21:51:48.801
Unexpected IOException with stream: 	at cucumber.api.testng.TestNGCucumberRunner.runScenario(TestNGCucumberRunner.java:57)

# Created at 2020-05-19T21:51:48.801
Unexpected IOException with stream: 


# Created at 2020-05-19T21:51:48.802
Unexpected IOException with stream: 	at cucumber.api.testng.AbstractTestNGCucumberTests.runScenario(AbstractTestNGCucumberTests.java:22)

# Created at 2020-05-19T21:51:48.804
Unexpected IOException with stream: 


# Created at 2020-05-19T21:51:48.805
Unexpected IOException with stream: 	at sun.reflect.NativeMethodAccessorImpl.invoke0(Native Method)

# Created at 2020-05-19T21:51:48.806
Unexpected IOException with stream: 


# Created at 2020-05-19T21:51:48.806
Unexpected IOException with stream: 	at sun.reflect.NativeMethodAccessorImpl.invoke(NativeMethodAccessorImpl.java:62)

# Created at 2020-05-19T21:51:48.807
Unexpected IOException with stream: 


# Created at 2020-05-19T21:51:48.808
Unexpected IOException with stream: 	at sun.reflect.DelegatingMethodAccessorImpl.invoke(DelegatingMethodAccessorImpl.java:43)

# Created at 2020-05-19T21:51:48.809
Unexpected IOException with stream: 


# Created at 2020-05-19T21:51:48.810
Unexpected IOException with stream: 	at java.lang.reflect.Method.invoke(Method.java:498)

# Created at 2020-05-19T21:51:48.810
Unexpected IOException with stream: 


# Created at 2020-05-19T21:51:48.811
Unexpected IOException with stream: 	at org.testng.internal.MethodInvocationHelper.invokeMethod(MethodInvocationHelper.java:124)

# Created at 2020-05-19T21:51:48.811
Unexpected IOException with stream: 


# Created at 2020-05-19T21:51:48.812
Unexpected IOException with stream: 	at org.testng.internal.Invoker.invokeMethod(Invoker.java:583)

# Created at 2020-05-19T21:51:48.813
Unexpected IOException with stream: 


# Created at 2020-05-19T21:51:48.813
Unexpected IOException with stream: 	at org.testng.internal.Invoker.invokeTestMethod(Invoker.java:719)

# Created at 2020-05-19T21:51:48.814
Unexpected IOException with stream: 


# Created at 2020-05-19T21:51:48.814
Unexpected IOException with stream: 	at org.testng.internal.Invoker.invokeTestMethods(Invoker.java:989)

# Created at 2020-05-19T21:51:48.815
Unexpected IOException with stream: 


# Created at 2020-05-19T21:51:48.816
Unexpected IOException with stream: 	at org.testng.internal.TestMethodWorker.invokeTestMethods(TestMethodWorker.java:125)

# Created at 2020-05-19T21:51:48.816
Unexpected IOException with stream: 


# Created at 2020-05-19T21:51:48.817
Unexpected IOException with stream: 	at org.testng.internal.TestMethodWorker.run(TestMethodWorker.java:109)

# Created at 2020-05-19T21:51:48.817
Unexpected IOException with stream: 


# Created at 2020-05-19T21:51:48.818
Unexpected IOException with stream: 	at org.testng.TestRunner.privateRun(TestRunner.java:648)

# Created at 2020-05-19T21:51:48.818
Unexpected IOException with stream: 


# Created at 2020-05-19T21:51:48.819
Unexpected IOException with stream: 	at org.testng.TestRunner.run(TestRunner.java:505)

# Created at 2020-05-19T21:51:48.820
Unexpected IOException with stream: 


# Created at 2020-05-19T21:51:48.820
Unexpected IOException with stream: 	at org.testng.SuiteRunner.runTest(SuiteRunner.java:455)

# Created at 2020-05-19T21:51:48.821
Unexpected IOException with stream: 


# Created at 2020-05-19T21:51:48.821
Unexpected IOException with stream: 	at org.testng.SuiteRunner.runSequentially(SuiteRunner.java:450)

# Created at 2020-05-19T21:51:48.822
Unexpected IOException with stream: 


# Created at 2020-05-19T21:51:48.823
Unexpected IOException with stream: 	at org.testng.SuiteRunner.privateRun(SuiteRunner.java:415)

# Created at 2020-05-19T21:51:48.823
Unexpected IOException with stream: 


# Created at 2020-05-19T21:51:48.824
Unexpected IOException with stream: 	at org.testng.SuiteRunner.run(SuiteRunner.java:364)

# Created at 2020-05-19T21:51:48.825
Unexpected IOException with stream: 


# Created at 2020-05-19T21:51:48.826
Unexpected IOException with stream: 	at org.testng.SuiteRunnerWorker.runSuite(SuiteRunnerWorker.java:52)

# Created at 2020-05-19T21:51:48.826
Unexpected IOException with stream: 


# Created at 2020-05-19T21:51:48.827
Unexpected IOException with stream: 	at org.testng.SuiteRunnerWorker.run(SuiteRunnerWorker.java:84)

# Created at 2020-05-19T21:51:48.827
Unexpected IOException with stream: 


# Created at 2020-05-19T21:51:48.828
Unexpected IOException with stream: 	at org.testng.TestNG.runSuitesSequentially(TestNG.java:1208)

# Created at 2020-05-19T21:51:48.828
Unexpected IOException with stream: 


# Created at 2020-05-19T21:51:48.829
Unexpected IOException with stream: 	at org.testng.TestNG.runSuitesLocally(TestNG.java:1137)

# Created at 2020-05-19T21:51:48.830
Unexpected IOException with stream: 


# Created at 2020-05-19T21:51:48.830
Unexpected IOException with stream: 	at org.testng.TestNG.runSuites(TestNG.java:1049)

# Created at 2020-05-19T21:51:48.831
Unexpected IOException with stream: 


# Created at 2020-05-19T21:51:48.831
Unexpected IOException with stream: 	at org.testng.TestNG.run(TestNG.java:1017)

# Created at 2020-05-19T21:51:48.832
Unexpected IOException with stream: 


# Created at 2020-05-19T21:51:48.832
Unexpected IOException with stream: 	at org.apache.maven.surefire.testng.TestNGExecutor.run(TestNGExecutor.java:283)

# Created at 2020-05-19T21:51:48.833
Unexpected IOException with stream: 


# Created at 2020-05-19T21:51:48.834
Unexpected IOException with stream: 	at org.apache.maven.surefire.testng.TestNGXmlTestSuite.execute(TestNGXmlTestSuite.java:75)

# Created at 2020-05-19T21:51:48.834
Unexpected IOException with stream: 


# Created at 2020-05-19T21:51:48.835
Unexpected IOException with stream: 	at org.apache.maven.surefire.testng.TestNGProvider.invoke(TestNGProvider.java:120)

# Created at 2020-05-19T21:51:48.835
Unexpected IOException with stream: 


# Created at 2020-05-19T21:51:48.836
Unexpected IOException with stream: 	at org.apache.maven.surefire.booter.ForkedBooter.invokeProviderInSameClassLoader(ForkedBooter.java:384)

# Created at 2020-05-19T21:51:48.836
Unexpected IOException with stream: 


# Created at 2020-05-19T21:51:48.837
Unexpected IOException with stream: 	at org.apache.maven.surefire.booter.ForkedBooter.runSuitesInProcess(ForkedBooter.java:345)

# Created at 2020-05-19T21:51:48.837
Unexpected IOException with stream: 


# Created at 2020-05-19T21:51:48.838
Unexpected IOException with stream: 	at org.apache.maven.surefire.booter.ForkedBooter.execute(ForkedBooter.java:126)

# Created at 2020-05-19T21:51:48.839
Unexpected IOException with stream: 


# Created at 2020-05-19T21:51:48.840
Unexpected IOException with stream: 	at org.apache.maven.surefire.booter.ForkedBooter.main(ForkedBooter.java:418)

# Created at 2020-05-19T21:51:48.840
Unexpected IOException with stream: 


# Created at 2020-05-19T21:51:48.841
Unexpected IOException with stream: 


# Created at 2020-05-19T21:51:48.842
Unexpected IOException with stream: org.openqa.selenium.NoSuchWindowException: no such window: target window already closed
from unknown error: web view not found
  (Session info: chrome=79.0.3945.79)
Build info: version: '3.141.59', revision: 'e82be7d358', time: '2018-11-14T08:17:03'
System info: host: 'DESKTOP-KISPH7H', ip: '192.168.0.7', os.name: 'Windows 10', os.arch: 'amd64', os.version: '10.0', java.version: '1.8.0_241'
Driver info: org.openqa.selenium.chrome.ChromeDriver
Capabilities {acceptInsecureCerts: false, browserName: chrome, browserVersion: 79.0.3945.79, chrome: {chromedriverVersion: 79.0.3945.36 (3582db32b3389..., userDataDir: C:\Users\AKHIL\AppData\Loca...}, goog:chromeOptions: {debuggerAddress: localhost:59248}, javascriptEnabled: true, networkConnectionEnabled: false, pageLoadStrategy: normal, platform: WINDOWS, platformName: WINDOWS, proxy: Proxy(), setWindowRect: true, strictFileInteractability: false, timeouts: {implicit: 0, pageLoad: 300000, script: 30000}, unhandledPromptBehavior: dismiss and notify}
Session ID: 78656c30fd927ae086c438abd1a7d99c

# Created at 2020-05-19T21:51:48.843
Unexpected IOException with stream: 


# Created at 2020-05-19T21:51:48.843
Unexpected IOException with stream: 	at sun.reflect.NativeConstructorAccessorImpl.newInstance0(Native Method)

# Created at 2020-05-19T21:51:48.844
Unexpected IOException with stream: 


# Created at 2020-05-19T21:51:48.845
Unexpected IOException with stream: 	at sun.reflect.NativeConstructorAccessorImpl.newInstance(NativeConstructorAccessorImpl.java:62)

# Created at 2020-05-19T21:51:48.845
Unexpected IOException with stream: 


# Created at 2020-05-19T21:51:48.846
Unexpected IOException with stream: 	at sun.reflect.DelegatingConstructorAccessorImpl.newInstance(DelegatingConstructorAccessorImpl.java:45)

# Created at 2020-05-19T21:51:48.847
Unexpected IOException with stream: 


# Created at 2020-05-19T21:51:48.848
Unexpected IOException with stream: 	at java.lang.reflect.Constructor.newInstance(Constructor.java:423)

# Created at 2020-05-19T21:51:48.848
Unexpected IOException with stream: 


# Created at 2020-05-19T21:51:48.849
Unexpected IOException with stream: 	at org.openqa.selenium.remote.http.W3CHttpResponseCodec.createException(W3CHttpResponseCodec.java:187)

# Created at 2020-05-19T21:51:48.850
Unexpected IOException with stream: 


# Created at 2020-05-19T21:51:48.850
Unexpected IOException with stream: 	at org.openqa.selenium.remote.http.W3CHttpResponseCodec.decode(W3CHttpResponseCodec.java:122)

# Created at 2020-05-19T21:51:48.851
Unexpected IOException with stream: 


# Created at 2020-05-19T21:51:48.852
Unexpected IOException with stream: 	at org.openqa.selenium.remote.http.W3CHttpResponseCodec.decode(W3CHttpResponseCodec.java:49)

# Created at 2020-05-19T21:51:48.852
Unexpected IOException with stream: 


# Created at 2020-05-19T21:51:48.853
Unexpected IOException with stream: 	at org.openqa.selenium.remote.HttpCommandExecutor.execute(HttpCommandExecutor.java:158)

# Created at 2020-05-19T21:51:48.854
Unexpected IOException with stream: 


# Created at 2020-05-19T21:51:48.854
Unexpected IOException with stream: 	at org.openqa.selenium.remote.service.DriverCommandExecutor.execute(DriverCommandExecutor.java:83)

# Created at 2020-05-19T21:51:48.855
Unexpected IOException with stream: 


# Created at 2020-05-19T21:51:48.856
Unexpected IOException with stream: 	at org.openqa.selenium.remote.RemoteWebDriver.execute(RemoteWebDriver.java:552)

# Created at 2020-05-19T21:51:48.857
Unexpected IOException with stream: 


# Created at 2020-05-19T21:51:48.857
Unexpected IOException with stream: 	at org.openqa.selenium.remote.RemoteWebDriver.get(RemoteWebDriver.java:277)

# Created at 2020-05-19T21:51:48.858
Unexpected IOException with stream: 


# Created at 2020-05-19T21:51:48.859
Unexpected IOException with stream: 	at com.poferries.freight.AutomationFramework.web.utilities.SeleniumDriver.openPage(SeleniumDriver.java:39)

# Created at 2020-05-19T21:51:48.860
Unexpected IOException with stream: 


# Created at 2020-05-19T21:51:48.860
Unexpected IOException with stream: 	at com.poferries.freight.AutomationFramework.web.stepDefinitions.MakeABookingSteps.i_navigate_to_the_PO_Ferries_Freight_Website(MakeABookingSteps.java:57)

# Created at 2020-05-19T21:51:48.861
Unexpected IOException with stream: 


# Created at 2020-05-19T21:51:48.861
Unexpected IOException with stream: 	at ?.I navigate to the PO Ferries Freight Website(file:src/test/resources/features/web/MakeABookingMultipleLanguages.feature:14)

# Created at 2020-05-19T21:51:48.862
Unexpected IOException with stream: 


# Created at 2020-05-19T21:51:48.863
Unexpected IOException with stream: 


# Created at 2020-05-19T21:51:48.864
Unexpected IOException with stream: org.openqa.selenium.NoSuchWindowException: no such window: target window already closed
from unknown error: web view not found
  (Session info: chrome=79.0.3945.79)
Build info: version: '3.141.59', revision: 'e82be7d358', time: '2018-11-14T08:17:03'
System info: host: 'DESKTOP-KISPH7H', ip: '192.168.0.7', os.name: 'Windows 10', os.arch: 'amd64', os.version: '10.0', java.version: '1.8.0_241'
Driver info: org.openqa.selenium.chrome.ChromeDriver
Capabilities {acceptInsecureCerts: false, browserName: chrome, browserVersion: 79.0.3945.79, chrome: {chromedriverVersion: 79.0.3945.36 (3582db32b3389..., userDataDir: C:\Users\AKHIL\AppData\Loca...}, goog:chromeOptions: {debuggerAddress: localhost:59248}, javascriptEnabled: true, networkConnectionEnabled: false, pageLoadStrategy: normal, platform: WINDOWS, platformName: WINDOWS, proxy: Proxy(), setWindowRect: true, strictFileInteractability: false, timeouts: {implicit: 0, pageLoad: 300000, script: 30000}, unhandledPromptBehavior: dismiss and notify}
Session ID: 78656c30fd927ae086c438abd1a7d99c

# Created at 2020-05-19T21:51:48.864
Unexpected IOException with stream: 


# Created at 2020-05-19T21:51:48.865
Unexpected IOException with stream: 	at sun.reflect.NativeConstructorAccessorImpl.newInstance0(Native Method)

# Created at 2020-05-19T21:51:48.866
Unexpected IOException with stream: 


# Created at 2020-05-19T21:51:48.866
Unexpected IOException with stream: 	at sun.reflect.NativeConstructorAccessorImpl.newInstance(NativeConstructorAccessorImpl.java:62)

# Created at 2020-05-19T21:51:48.867
Unexpected IOException with stream: 


# Created at 2020-05-19T21:51:48.868
Unexpected IOException with stream: 	at sun.reflect.DelegatingConstructorAccessorImpl.newInstance(DelegatingConstructorAccessorImpl.java:45)

# Created at 2020-05-19T21:51:48.868
Unexpected IOException with stream: 


# Created at 2020-05-19T21:51:48.869
Unexpected IOException with stream: 	at java.lang.reflect.Constructor.newInstance(Constructor.java:423)

# Created at 2020-05-19T21:51:48.870
Unexpected IOException with stream: 


# Created at 2020-05-19T21:51:48.870
Unexpected IOException with stream: 	at org.openqa.selenium.remote.http.W3CHttpResponseCodec.createException(W3CHttpResponseCodec.java:187)

# Created at 2020-05-19T21:51:48.871
Unexpected IOException with stream: 


# Created at 2020-05-19T21:51:48.872
Unexpected IOException with stream: 	at org.openqa.selenium.remote.http.W3CHttpResponseCodec.decode(W3CHttpResponseCodec.java:122)

# Created at 2020-05-19T21:51:48.873
Unexpected IOException with stream: 


# Created at 2020-05-19T21:51:48.873
Unexpected IOException with stream: 	at org.openqa.selenium.remote.http.W3CHttpResponseCodec.decode(W3CHttpResponseCodec.java:49)

# Created at 2020-05-19T21:51:48.874
Unexpected IOException with stream: 


# Created at 2020-05-19T21:51:48.875
Unexpected IOException with stream: 	at org.openqa.selenium.remote.HttpCommandExecutor.execute(HttpCommandExecutor.java:158)

# Created at 2020-05-19T21:51:48.876
Unexpected IOException with stream: 


# Created at 2020-05-19T21:51:48.877
Unexpected IOException with stream: 	at org.openqa.selenium.remote.service.DriverCommandExecutor.execute(DriverCommandExecutor.java:83)

# Created at 2020-05-19T21:51:48.877
Unexpected IOException with stream: 


# Created at 2020-05-19T21:51:48.878
Unexpected IOException with stream: 	at org.openqa.selenium.remote.RemoteWebDriver.execute(RemoteWebDriver.java:552)

# Created at 2020-05-19T21:51:48.879
Unexpected IOException with stream: 


# Created at 2020-05-19T21:51:48.879
Unexpected IOException with stream: 	at org.openqa.selenium.remote.RemoteWebDriver.execute(RemoteWebDriver.java:609)

# Created at 2020-05-19T21:51:48.880
Unexpected IOException with stream: 


# Created at 2020-05-19T21:51:48.881
Unexpected IOException with stream: 	at org.openqa.selenium.remote.RemoteWebDriver.getScreenshotAs(RemoteWebDriver.java:295)

# Created at 2020-05-19T21:51:48.881
Unexpected IOException with stream: 


# Created at 2020-05-19T21:51:48.882
Unexpected IOException with stream: 	at com.poferries.freight.AutomationFramework.web.stepDefinitions.AfterActions.tearDown(AfterActions.java:23)

# Created at 2020-05-19T21:51:48.883
Unexpected IOException with stream: 


# Created at 2020-05-19T21:51:48.884
Unexpected IOException with stream: 	at sun.reflect.NativeMethodAccessorImpl.invoke0(Native Method)

# Created at 2020-05-19T21:51:48.884
Unexpected IOException with stream: 


# Created at 2020-05-19T21:51:48.885
Unexpected IOException with stream: 	at sun.reflect.NativeMethodAccessorImpl.invoke(NativeMethodAccessorImpl.java:62)

# Created at 2020-05-19T21:51:48.886
Unexpected IOException with stream: 


# Created at 2020-05-19T21:51:48.887
Unexpected IOException with stream: 	at sun.reflect.DelegatingMethodAccessorImpl.invoke(DelegatingMethodAccessorImpl.java:43)

# Created at 2020-05-19T21:51:48.888
Unexpected IOException with stream: 


# Created at 2020-05-19T21:51:48.889
Unexpected IOException with stream: 	at java.lang.reflect.Method.invoke(Method.java:498)

# Created at 2020-05-19T21:51:48.889
Unexpected IOException with stream: 


# Created at 2020-05-19T21:51:48.890
Unexpected IOException with stream: 	at cucumber.runtime.Utils$1.call(Utils.java:26)

# Created at 2020-05-19T21:51:48.891
Unexpected IOException with stream: 


# Created at 2020-05-19T21:51:48.892
Unexpected IOException with stream: 	at cucumber.runtime.Timeout.timeout(Timeout.java:16)

# Created at 2020-05-19T21:51:48.892
Unexpected IOException with stream: 


# Created at 2020-05-19T21:51:48.893
Unexpected IOException with stream: 	at cucumber.runtime.Utils.invoke(Utils.java:20)

# Created at 2020-05-19T21:51:48.893
Unexpected IOException with stream: 


# Created at 2020-05-19T21:51:48.894
Unexpected IOException with stream: 	at cucumber.runtime.java.JavaHookDefinition.execute(JavaHookDefinition.java:60)

# Created at 2020-05-19T21:51:48.894
Unexpected IOException with stream: 


# Created at 2020-05-19T21:51:48.895
Unexpected IOException with stream: 	at cucumber.runner.HookDefinitionMatch.runStep(HookDefinitionMatch.java:16)

# Created at 2020-05-19T21:51:48.895
Unexpected IOException with stream: 


# Created at 2020-05-19T21:51:48.896
Unexpected IOException with stream: 	at cucumber.runner.TestStep.executeStep(TestStep.java:65)

# Created at 2020-05-19T21:51:48.897
Unexpected IOException with stream: 


# Created at 2020-05-19T21:51:48.898
Unexpected IOException with stream: 	at cucumber.runner.TestStep.run(TestStep.java:50)

# Created at 2020-05-19T21:51:48.898
Unexpected IOException with stream: 


# Created at 2020-05-19T21:51:48.899
Unexpected IOException with stream: 	at cucumber.runner.TestCase.run(TestCase.java:50)

# Created at 2020-05-19T21:51:48.899
Unexpected IOException with stream: 


# Created at 2020-05-19T21:51:48.900
Unexpected IOException with stream: 	at cucumber.runner.Runner.runPickle(Runner.java:49)

# Created at 2020-05-19T21:51:48.900
Unexpected IOException with stream: 


# Created at 2020-05-19T21:51:48.901
Unexpected IOException with stream: 	at cucumber.api.testng.TestNGCucumberRunner.runScenario(TestNGCucumberRunner.java:57)

# Created at 2020-05-19T21:51:48.901
Unexpected IOException with stream: 


# Created at 2020-05-19T21:51:48.901
Unexpected IOException with stream: 	at cucumber.api.testng.AbstractTestNGCucumberTests.runScenario(AbstractTestNGCucumberTests.java:22)

# Created at 2020-05-19T21:51:48.902
Unexpected IOException with stream: 


# Created at 2020-05-19T21:51:48.902
Unexpected IOException with stream: 	at sun.reflect.NativeMethodAccessorImpl.invoke0(Native Method)

# Created at 2020-05-19T21:51:48.903
Unexpected IOException with stream: 


# Created at 2020-05-19T21:51:48.903
Unexpected IOException with stream: 	at sun.reflect.NativeMethodAccessorImpl.invoke(NativeMethodAccessorImpl.java:62)

# Created at 2020-05-19T21:51:48.904
Unexpected IOException with stream: 


# Created at 2020-05-19T21:51:48.905
Unexpected IOException with stream: 	at sun.reflect.DelegatingMethodAccessorImpl.invoke(DelegatingMethodAccessorImpl.java:43)

# Created at 2020-05-19T21:51:48.906
Unexpected IOException with stream: 


# Created at 2020-05-19T21:51:48.906
Unexpected IOException with stream: 	at java.lang.reflect.Method.invoke(Method.java:498)

# Created at 2020-05-19T21:51:48.907
Unexpected IOException with stream: 


# Created at 2020-05-19T21:51:48.908
Unexpected IOException with stream: 	at org.testng.internal.MethodInvocationHelper.invokeMethod(MethodInvocationHelper.java:124)

# Created at 2020-05-19T21:51:48.908
Unexpected IOException with stream: 


# Created at 2020-05-19T21:51:48.909
Unexpected IOException with stream: 	at org.testng.internal.Invoker.invokeMethod(Invoker.java:583)

# Created at 2020-05-19T21:51:48.909
Unexpected IOException with stream: 


# Created at 2020-05-19T21:51:48.910
Unexpected IOException with stream: 	at org.testng.internal.Invoker.invokeTestMethod(Invoker.java:719)

# Created at 2020-05-19T21:51:48.910
Unexpected IOException with stream: 


# Created at 2020-05-19T21:51:48.911
Unexpected IOException with stream: 	at org.testng.internal.Invoker.invokeTestMethods(Invoker.java:989)

# Created at 2020-05-19T21:51:48.911
Unexpected IOException with stream: 


# Created at 2020-05-19T21:51:48.911
Unexpected IOException with stream: 	at org.testng.internal.TestMethodWorker.invokeTestMethods(TestMethodWorker.java:125)

# Created at 2020-05-19T21:51:48.912
Unexpected IOException with stream: 


# Created at 2020-05-19T21:51:48.913
Unexpected IOException with stream: 	at org.testng.internal.TestMethodWorker.run(TestMethodWorker.java:109)

# Created at 2020-05-19T21:51:48.914
Unexpected IOException with stream: 


# Created at 2020-05-19T21:51:48.914
Unexpected IOException with stream: 	at org.testng.TestRunner.privateRun(TestRunner.java:648)

# Created at 2020-05-19T21:51:48.915
Unexpected IOException with stream: 


# Created at 2020-05-19T21:51:48.915
Unexpected IOException with stream: 	at org.testng.TestRunner.run(TestRunner.java:505)

# Created at 2020-05-19T21:51:48.916
Unexpected IOException with stream: 


# Created at 2020-05-19T21:51:48.917
Unexpected IOException with stream: 	at org.testng.SuiteRunner.runTest(SuiteRunner.java:455)

# Created at 2020-05-19T21:51:48.917
Unexpected IOException with stream: 


# Created at 2020-05-19T21:51:48.918
Unexpected IOException with stream: 	at org.testng.SuiteRunner.runSequentially(SuiteRunner.java:450)

# Created at 2020-05-19T21:51:48.918
Unexpected IOException with stream: 


# Created at 2020-05-19T21:51:48.919
Unexpected IOException with stream: 	at org.testng.SuiteRunner.privateRun(SuiteRunner.java:415)

# Created at 2020-05-19T21:51:48.919
Unexpected IOException with stream: 


# Created at 2020-05-19T21:51:48.920
Unexpected IOException with stream: 	at org.testng.SuiteRunner.run(SuiteRunner.java:364)

# Created at 2020-05-19T21:51:48.921
Unexpected IOException with stream: 


# Created at 2020-05-19T21:51:48.922
Unexpected IOException with stream: 	at org.testng.SuiteRunnerWorker.runSuite(SuiteRunnerWorker.java:52)

# Created at 2020-05-19T21:51:48.923
Unexpected IOException with stream: 


# Created at 2020-05-19T21:51:48.923
Unexpected IOException with stream: 	at org.testng.SuiteRunnerWorker.run(SuiteRunnerWorker.java:84)

# Created at 2020-05-19T21:51:48.924
Unexpected IOException with stream: 


# Created at 2020-05-19T21:51:48.925
Unexpected IOException with stream: 	at org.testng.TestNG.runSuitesSequentially(TestNG.java:1208)

# Created at 2020-05-19T21:51:48.925
Unexpected IOException with stream: 


# Created at 2020-05-19T21:51:48.926
Unexpected IOException with stream: 	at org.testng.TestNG.runSuitesLocally(TestNG.java:1137)

# Created at 2020-05-19T21:51:48.926
Unexpected IOException with stream: 


# Created at 2020-05-19T21:51:48.927
Unexpected IOException with stream: 	at org.testng.TestNG.runSuites(TestNG.java:1049)

# Created at 2020-05-19T21:51:48.928
Unexpected IOException with stream: 


# Created at 2020-05-19T21:51:48.928
Unexpected IOException with stream: 	at org.testng.TestNG.run(TestNG.java:1017)

# Created at 2020-05-19T21:51:48.929
Unexpected IOException with stream: 


# Created at 2020-05-19T21:51:48.929
Unexpected IOException with stream: 	at org.apache.maven.surefire.testng.TestNGExecutor.run(TestNGExecutor.java:283)

# Created at 2020-05-19T21:51:48.930
Unexpected IOException with stream: 


# Created at 2020-05-19T21:51:48.931
Unexpected IOException with stream: 	at org.apache.maven.surefire.testng.TestNGXmlTestSuite.execute(TestNGXmlTestSuite.java:75)

# Created at 2020-05-19T21:51:48.931
Unexpected IOException with stream: 


# Created at 2020-05-19T21:51:48.932
Unexpected IOException with stream: 	at org.apache.maven.surefire.testng.TestNGProvider.invoke(TestNGProvider.java:120)

# Created at 2020-05-19T21:51:48.932
Unexpected IOException with stream: 


# Created at 2020-05-19T21:51:48.933
Unexpected IOException with stream: 	at org.apache.maven.surefire.booter.ForkedBooter.invokeProviderInSameClassLoader(ForkedBooter.java:384)

# Created at 2020-05-19T21:51:48.933
Unexpected IOException with stream: 


# Created at 2020-05-19T21:51:48.934
Unexpected IOException with stream: 	at org.apache.maven.surefire.booter.ForkedBooter.runSuitesInProcess(ForkedBooter.java:345)

# Created at 2020-05-19T21:51:48.934
Unexpected IOException with stream: 


# Created at 2020-05-19T21:51:48.935
Unexpected IOException with stream: 	at org.apache.maven.surefire.booter.ForkedBooter.execute(ForkedBooter.java:126)

# Created at 2020-05-19T21:51:48.936
Unexpected IOException with stream: 


# Created at 2020-05-19T21:51:48.937
Unexpected IOException with stream: 	at org.apache.maven.surefire.booter.ForkedBooter.main(ForkedBooter.java:418)

# Created at 2020-05-19T21:51:48.938
Unexpected IOException with stream: 


# Created at 2020-05-19T21:51:48.938
Unexpected IOException with stream: 


# Created at 2020-05-19T21:51:48.939
Unexpected IOException with stream: 


# Created at 2020-05-19T21:51:48.940
Unexpected IOException with stream: You can implement missing steps with the snippets below:


# Created at 2020-05-19T21:51:48.940
Unexpected IOException with stream: 


# Created at 2020-05-19T21:51:48.941
Unexpected IOException with stream: @Then("I capture the waybillNumber")
public void i_capture_the_waybillNumber() {
    // Write code here that turns the phrase above into concrete actions
    throw new cucumber.api.PendingException();
}



# Created at 2020-05-19T21:51:49.167
Unexpected IOException: 2,1,org.apache.maven.surefire.testng.TestNGXmlTestSuite,TestSuite,null,null,null


