<?xml version="1.0" encoding="UTF-8"?>
<testsuite xmlns:xsi="http://www.w3.org/2001/XMLSchema-instance" xsi:noNamespaceSchemaLocation="https://maven.apache.org/surefire/maven-surefire-plugin/xsd/surefire-test-report.xsd" name="TestSuite" time="7,191.121" tests="72" errors="0" skipped="6" failures="12">
  <properties>
[...]
</properties>
  <testcase name="runScenario" classname="com.poferries.freight.AutomationFramework.web.runner.RunCukes" time="140.69">
    <failure message="stale element reference: element is not attached to the page document&#10;  (Session info: chrome=79.0.3945.79)&#10;For documentation on this error, please visit: https://www.seleniumhq.org/exceptions/stale_element_reference.html&#10;Build info: version: &apos;3.141.59&apos;, revision: &apos;e82be7d358&apos;, time: &apos;2018-11-14T08:17:03&apos;&#10;System info: host: &apos;DESKTOP-KISPH7H&apos;, ip: &apos;192.168.0.7&apos;, os.name: &apos;Windows 10&apos;, os.arch: &apos;amd64&apos;, os.version: &apos;10.0&apos;, java.version: &apos;1.8.0_241&apos;&#10;Driver info: org.openqa.selenium.chrome.ChromeDriver&#10;Capabilities {acceptInsecureCerts: false, browserName: chrome, browserVersion: 79.0.3945.79, chrome: {chromedriverVersion: 79.0.3945.36 (3582db32b3389..., userDataDir: C:\Users\AKHIL\AppData\Loca...}, goog:chromeOptions: {debuggerAddress: localhost:57032}, javascriptEnabled: true, networkConnectionEnabled: false, pageLoadStrategy: normal, platform: WINDOWS, platformName: WINDOWS, proxy: Proxy(), setWindowRect: true, strictFileInteractability: false, timeouts: {implicit: 0, pageLoad: 300000, script: 30000}, unhandledPromptBehavior: dismiss and notify}&#10;Session ID: 896dbaa182d620c54d170964c1aa7ed6" type="org.openqa.selenium.StaleElementReferenceException">org.openqa.selenium.StaleElementReferenceException: 
stale element reference: element is not attached to the page document
  (Session info: chrome=79.0.3945.79)
For documentation on this error, please visit: https://www.seleniumhq.org/exceptions/stale_element_reference.html
Build info: version: '3.141.59', revision: 'e82be7d358', time: '2018-11-14T08:17:03'
System info: host: 'DESKTOP-KISPH7H', ip: '192.168.0.7', os.name: 'Windows 10', os.arch: 'amd64', os.version: '10.0', java.version: '1.8.0_241'
Driver info: org.openqa.selenium.chrome.ChromeDriver
Capabilities {acceptInsecureCerts: false, browserName: chrome, browserVersion: 79.0.3945.79, chrome: {chromedriverVersion: 79.0.3945.36 (3582db32b3389..., userDataDir: C:\Users\AKHIL\AppData\Loca...}, goog:chromeOptions: {debuggerAddress: localhost:57032}, javascriptEnabled: true, networkConnectionEnabled: false, pageLoadStrategy: normal, platform: WINDOWS, platformName: WINDOWS, proxy: Proxy(), setWindowRect: true, strictFileInteractability: false, timeouts: {implicit: 0, pageLoad: 300000, script: 30000}, unhandledPromptBehavior: dismiss and notify}
Session ID: 896dbaa182d620c54d170964c1aa7ed6
</failure>
    <system-out><![CDATA[true
]]></system-out>
    <system-err><![CDATA[Starting ChromeDriver 79.0.3945.36 (3582db32b33893869b8c1339e8f4d9ed1816f143-refs/branch-heads/3945@{#614}) on port 25026
Only local connections are allowed.
Please protect ports used by ChromeDriver and related test frameworks to prevent access by malicious code.
[1590707052.953][WARNING]: Timed out connecting to Chrome, retrying...
May 29, 2020 12:04:14 AM org.openqa.selenium.remote.ProtocolHandshake createSession
INFO: Detected dialect: W3C
[1590707057.034][WARNING]: Timed out connecting to Chrome, retrying...
]]></system-err>
  </testcase>
  <testcase name="runScenario" classname="com.poferries.freight.AutomationFramework.web.runner.RunCukes" time="84.976"/>
  <testcase name="runScenario" classname="com.poferries.freight.AutomationFramework.web.runner.RunCukes" time="78.183"/>
  <testcase name="runScenario" classname="com.poferries.freight.AutomationFramework.web.runner.RunCukes" time="77.121"/>
  <testcase name="runScenario" classname="com.poferries.freight.AutomationFramework.web.runner.RunCukes" time="85.013"/>
  <testcase name="runScenario" classname="com.poferries.freight.AutomationFramework.web.runner.RunCukes" time="88.757"/>
  <testcase name="runScenario" classname="com.poferries.freight.AutomationFramework.web.runner.RunCukes" time="129.439"/>
  <testcase name="runScenario" classname="com.poferries.freight.AutomationFramework.web.runner.RunCukes" time="216.026"/>
  <testcase name="runScenario" classname="com.poferries.freight.AutomationFramework.web.runner.RunCukes" time="351.074">
    <failure message="no such element: Unable to locate element: {&quot;method&quot;:&quot;link text&quot;,&quot;selector&quot;:&quot;Logout&quot;}&#10;  (Session info: chrome=79.0.3945.79)&#10;For documentation on this error, please visit: https://www.seleniumhq.org/exceptions/no_such_element.html&#10;Build info: version: &apos;3.141.59&apos;, revision: &apos;e82be7d358&apos;, time: &apos;2018-11-14T08:17:03&apos;&#10;System info: host: &apos;DESKTOP-KISPH7H&apos;, ip: &apos;192.168.0.7&apos;, os.name: &apos;Windows 10&apos;, os.arch: &apos;amd64&apos;, os.version: &apos;10.0&apos;, java.version: &apos;1.8.0_241&apos;&#10;Driver info: org.openqa.selenium.chrome.ChromeDriver&#10;Capabilities {acceptInsecureCerts: false, browserName: chrome, browserVersion: 79.0.3945.79, chrome: {chromedriverVersion: 79.0.3945.36 (3582db32b3389..., userDataDir: C:\Users\AKHIL\AppData\Loca...}, goog:chromeOptions: {debuggerAddress: localhost:57340}, javascriptEnabled: true, networkConnectionEnabled: false, pageLoadStrategy: normal, platform: WINDOWS, platformName: WINDOWS, proxy: Proxy(), setWindowRect: true, strictFileInteractability: false, timeouts: {implicit: 0, pageLoad: 300000, script: 30000}, unhandledPromptBehavior: dismiss and notify}&#10;Session ID: 55c27ec3539c00b06a5d1b05806160d8&#10;*** Element info: {Using=link text, value=Logout}" type="org.openqa.selenium.NoSuchElementException">org.openqa.selenium.NoSuchElementException: 
no such element: Unable to locate element: {"method":"link text","selector":"Logout"}
  (Session info: chrome=79.0.3945.79)
For documentation on this error, please visit: https://www.seleniumhq.org/exceptions/no_such_element.html
Build info: version: '3.141.59', revision: 'e82be7d358', time: '2018-11-14T08:17:03'
System info: host: 'DESKTOP-KISPH7H', ip: '192.168.0.7', os.name: 'Windows 10', os.arch: 'amd64', os.version: '10.0', java.version: '1.8.0_241'
Driver info: org.openqa.selenium.chrome.ChromeDriver
Capabilities {acceptInsecureCerts: false, browserName: chrome, browserVersion: 79.0.3945.79, chrome: {chromedriverVersion: 79.0.3945.36 (3582db32b3389..., userDataDir: C:\Users\AKHIL\AppData\Loca...}, goog:chromeOptions: {debuggerAddress: localhost:57340}, javascriptEnabled: true, networkConnectionEnabled: false, pageLoadStrategy: normal, platform: WINDOWS, platformName: WINDOWS, proxy: Proxy(), setWindowRect: true, strictFileInteractability: false, timeouts: {implicit: 0, pageLoad: 300000, script: 30000}, unhandledPromptBehavior: dismiss and notify}
Session ID: 55c27ec3539c00b06a5d1b05806160d8
*** Element info: {Using=link text, value=Logout}
</failure>
    <system-out><![CDATA[true
]]></system-out>
    <system-err><![CDATA[Starting ChromeDriver 79.0.3945.36 (3582db32b33893869b8c1339e8f4d9ed1816f143-refs/branch-heads/3945@{#614}) on port 29215
Only local connections are allowed.
Please protect ports used by ChromeDriver and related test frameworks to prevent access by malicious code.
[1590707951.583][WARNING]: Timed out connecting to Chrome, retrying...
May 29, 2020 12:19:13 AM org.openqa.selenium.remote.ProtocolHandshake createSession
INFO: Detected dialect: W3C
[1590707955.603][WARNING]: Timed out connecting to Chrome, retrying...
]]></system-err>
  </testcase>
  <testcase name="runScenario" classname="com.poferries.freight.AutomationFramework.web.runner.RunCukes" time="24.888"/>
  <testcase name="runScenario" classname="com.poferries.freight.AutomationFramework.web.runner.RunCukes" time="24.061"/>
  <testcase name="runScenario" classname="com.poferries.freight.AutomationFramework.web.runner.RunCukes" time="34.698"/>
  <testcase name="runScenario" classname="com.poferries.freight.AutomationFramework.web.runner.RunCukes" time="26.241"/>
  <testcase name="runScenario" classname="com.poferries.freight.AutomationFramework.web.runner.RunCukes" time="29.177"/>
  <testcase name="runScenario" classname="com.poferries.freight.AutomationFramework.web.runner.RunCukes" time="27.226"/>
  <testcase name="runScenario" classname="com.poferries.freight.AutomationFramework.web.runner.RunCukes" time="25.804"/>
  <testcase name="runScenario" classname="com.poferries.freight.AutomationFramework.web.runner.RunCukes" time="110.469"/>
  <testcase name="runScenario" classname="com.poferries.freight.AutomationFramework.web.runner.RunCukes" time="77.305"/>
  <testcase name="runScenario" classname="com.poferries.freight.AutomationFramework.web.runner.RunCukes" time="102.413"/>
  <testcase name="runScenario" classname="com.poferries.freight.AutomationFramework.web.runner.RunCukes" time="85.903"/>
  <testcase name="runScenario" classname="com.poferries.freight.AutomationFramework.web.runner.RunCukes" time="140.21"/>
  <testcase name="runScenario" classname="com.poferries.freight.AutomationFramework.web.runner.RunCukes" time="99.642"/>
  <testcase name="runScenario" classname="com.poferries.freight.AutomationFramework.web.runner.RunCukes" time="144.956">
    <failure message="invalid selector: Unable to locate an element with the xpath expression //*[@class=&apos;btn btn-secondary float-left&apos; because of the following error:&#10;SyntaxError: Failed to execute &apos;evaluate&apos; on &apos;Document&apos;: The string &apos;//*[@class=&apos;btn btn-secondary float-left&apos;&apos; is not a valid XPath expression.&#10;  (Session info: chrome=79.0.3945.79)&#10;For documentation on this error, please visit: https://www.seleniumhq.org/exceptions/invalid_selector_exception.html&#10;Build info: version: &apos;3.141.59&apos;, revision: &apos;e82be7d358&apos;, time: &apos;2018-11-14T08:17:03&apos;&#10;System info: host: &apos;DESKTOP-KISPH7H&apos;, ip: &apos;192.168.0.7&apos;, os.name: &apos;Windows 10&apos;, os.arch: &apos;amd64&apos;, os.version: &apos;10.0&apos;, java.version: &apos;1.8.0_241&apos;&#10;Driver info: org.openqa.selenium.chrome.ChromeDriver&#10;Capabilities {acceptInsecureCerts: false, browserName: chrome, browserVersion: 79.0.3945.79, chrome: {chromedriverVersion: 79.0.3945.36 (3582db32b3389..., userDataDir: C:\Users\AKHIL\AppData\Loca...}, goog:chromeOptions: {debuggerAddress: localhost:57807}, javascriptEnabled: true, networkConnectionEnabled: false, pageLoadStrategy: normal, platform: WINDOWS, platformName: WINDOWS, proxy: Proxy(), setWindowRect: true, strictFileInteractability: false, timeouts: {implicit: 0, pageLoad: 300000, script: 30000}, unhandledPromptBehavior: dismiss and notify}&#10;Session ID: e4c0e37740922e51a94cb9f48008772b&#10;*** Element info: {Using=xpath, value=//*[@class=&apos;btn btn-secondary float-left&apos;}" type="org.openqa.selenium.InvalidSelectorException">org.openqa.selenium.InvalidSelectorException: 
invalid selector: Unable to locate an element with the xpath expression //*[@class='btn btn-secondary float-left' because of the following error:
SyntaxError: Failed to execute 'evaluate' on 'Document': The string '//*[@class='btn btn-secondary float-left'' is not a valid XPath expression.
  (Session info: chrome=79.0.3945.79)
For documentation on this error, please visit: https://www.seleniumhq.org/exceptions/invalid_selector_exception.html
Build info: version: '3.141.59', revision: 'e82be7d358', time: '2018-11-14T08:17:03'
System info: host: 'DESKTOP-KISPH7H', ip: '192.168.0.7', os.name: 'Windows 10', os.arch: 'amd64', os.version: '10.0', java.version: '1.8.0_241'
Driver info: org.openqa.selenium.chrome.ChromeDriver
Capabilities {acceptInsecureCerts: false, browserName: chrome, browserVersion: 79.0.3945.79, chrome: {chromedriverVersion: 79.0.3945.36 (3582db32b3389..., userDataDir: C:\Users\AKHIL\AppData\Loca...}, goog:chromeOptions: {debuggerAddress: localhost:57807}, javascriptEnabled: true, networkConnectionEnabled: false, pageLoadStrategy: normal, platform: WINDOWS, platformName: WINDOWS, proxy: Proxy(), setWindowRect: true, strictFileInteractability: false, timeouts: {implicit: 0, pageLoad: 300000, script: 30000}, unhandledPromptBehavior: dismiss and notify}
Session ID: e4c0e37740922e51a94cb9f48008772b
*** Element info: {Using=xpath, value=//*[@class='btn btn-secondary float-left'}
</failure>
    <system-out><![CDATA[true
]]></system-out>
    <system-err><![CDATA[Starting ChromeDriver 79.0.3945.36 (3582db32b33893869b8c1339e8f4d9ed1816f143-refs/branch-heads/3945@{#614}) on port 34757
Only local connections are allowed.
Please protect ports used by ChromeDriver and related test frameworks to prevent access by malicious code.
[1590709110.687][WARNING]: Timed out connecting to Chrome, retrying...
May 29, 2020 12:38:32 AM org.openqa.selenium.remote.ProtocolHandshake createSession
INFO: Detected dialect: W3C
[1590709114.728][WARNING]: Timed out connecting to Chrome, retrying...
]]></system-err>
  </testcase>
  <testcase name="runScenario" classname="com.poferries.freight.AutomationFramework.web.runner.RunCukes" time="105.545">
    <failure message="invalid selector: Unable to locate an element with the xpath expression //*[@class=&apos;btn btn-secondary float-left&apos; because of the following error:&#10;SyntaxError: Failed to execute &apos;evaluate&apos; on &apos;Document&apos;: The string &apos;//*[@class=&apos;btn btn-secondary float-left&apos;&apos; is not a valid XPath expression.&#10;  (Session info: chrome=79.0.3945.79)&#10;For documentation on this error, please visit: https://www.seleniumhq.org/exceptions/invalid_selector_exception.html&#10;Build info: version: &apos;3.141.59&apos;, revision: &apos;e82be7d358&apos;, time: &apos;2018-11-14T08:17:03&apos;&#10;System info: host: &apos;DESKTOP-KISPH7H&apos;, ip: &apos;192.168.0.7&apos;, os.name: &apos;Windows 10&apos;, os.arch: &apos;amd64&apos;, os.version: &apos;10.0&apos;, java.version: &apos;1.8.0_241&apos;&#10;Driver info: org.openqa.selenium.chrome.ChromeDriver&#10;Capabilities {acceptInsecureCerts: false, browserName: chrome, browserVersion: 79.0.3945.79, chrome: {chromedriverVersion: 79.0.3945.36 (3582db32b3389..., userDataDir: C:\Users\AKHIL\AppData\Loca...}, goog:chromeOptions: {debuggerAddress: localhost:57867}, javascriptEnabled: true, networkConnectionEnabled: false, pageLoadStrategy: normal, platform: WINDOWS, platformName: WINDOWS, proxy: Proxy(), setWindowRect: true, strictFileInteractability: false, timeouts: {implicit: 0, pageLoad: 300000, script: 30000}, unhandledPromptBehavior: dismiss and notify}&#10;Session ID: 5e3390ca785df81b66ef53e44414cd11&#10;*** Element info: {Using=xpath, value=//*[@class=&apos;btn btn-secondary float-left&apos;}" type="org.openqa.selenium.InvalidSelectorException">org.openqa.selenium.InvalidSelectorException: 
invalid selector: Unable to locate an element with the xpath expression //*[@class='btn btn-secondary float-left' because of the following error:
SyntaxError: Failed to execute 'evaluate' on 'Document': The string '//*[@class='btn btn-secondary float-left'' is not a valid XPath expression.
  (Session info: chrome=79.0.3945.79)
For documentation on this error, please visit: https://www.seleniumhq.org/exceptions/invalid_selector_exception.html
Build info: version: '3.141.59', revision: 'e82be7d358', time: '2018-11-14T08:17:03'
System info: host: 'DESKTOP-KISPH7H', ip: '192.168.0.7', os.name: 'Windows 10', os.arch: 'amd64', os.version: '10.0', java.version: '1.8.0_241'
Driver info: org.openqa.selenium.chrome.ChromeDriver
Capabilities {acceptInsecureCerts: false, browserName: chrome, browserVersion: 79.0.3945.79, chrome: {chromedriverVersion: 79.0.3945.36 (3582db32b3389..., userDataDir: C:\Users\AKHIL\AppData\Loca...}, goog:chromeOptions: {debuggerAddress: localhost:57867}, javascriptEnabled: true, networkConnectionEnabled: false, pageLoadStrategy: normal, platform: WINDOWS, platformName: WINDOWS, proxy: Proxy(), setWindowRect: true, strictFileInteractability: false, timeouts: {implicit: 0, pageLoad: 300000, script: 30000}, unhandledPromptBehavior: dismiss and notify}
Session ID: 5e3390ca785df81b66ef53e44414cd11
*** Element info: {Using=xpath, value=//*[@class='btn btn-secondary float-left'}
</failure>
    <system-out><![CDATA[true
]]></system-out>
    <system-err><![CDATA[Starting ChromeDriver 79.0.3945.36 (3582db32b33893869b8c1339e8f4d9ed1816f143-refs/branch-heads/3945@{#614}) on port 7900
Only local connections are allowed.
Please protect ports used by ChromeDriver and related test frameworks to prevent access by malicious code.
[1590709255.605][WARNING]: Timed out connecting to Chrome, retrying...
May 29, 2020 12:40:57 AM org.openqa.selenium.remote.ProtocolHandshake createSession
INFO: Detected dialect: W3C
[1590709259.624][WARNING]: Timed out connecting to Chrome, retrying...
]]></system-err>
  </testcase>
  <testcase name="runScenario" classname="com.poferries.freight.AutomationFramework.web.runner.RunCukes" time="30.618"/>
  <testcase name="runScenario" classname="com.poferries.freight.AutomationFramework.web.runner.RunCukes" time="16.929"/>
  <testcase name="runScenario" classname="com.poferries.freight.AutomationFramework.web.runner.RunCukes" time="171.954">
    <failure message="expected [29-May-2020] but found [28-May-2020]" type="java.lang.AssertionError">java.lang.AssertionError: expected [29-May-2020] but found [28-May-2020]
</failure>
    <system-out><![CDATA[true
]]></system-out>
    <system-err><![CDATA[Starting ChromeDriver 79.0.3945.36 (3582db32b33893869b8c1339e8f4d9ed1816f143-refs/branch-heads/3945@{#614}) on port 39031
Only local connections are allowed.
Please protect ports used by ChromeDriver and related test frameworks to prevent access by malicious code.
[1590709408.715][WARNING]: Timed out connecting to Chrome, retrying...
May 29, 2020 12:43:30 AM org.openqa.selenium.remote.ProtocolHandshake createSession
INFO: Detected dialect: W3C
[1590709412.750][WARNING]: Timed out connecting to Chrome, retrying...
]]></system-err>
  </testcase>
  <testcase name="runScenario" classname="com.poferries.freight.AutomationFramework.web.runner.RunCukes" time="124.963">
    <failure message="expected [29-May-2020] but found [28-May-2020]" type="java.lang.AssertionError">java.lang.AssertionError: expected [29-May-2020] but found [28-May-2020]
</failure>
    <system-out><![CDATA[true
]]></system-out>
    <system-err><![CDATA[Starting ChromeDriver 79.0.3945.36 (3582db32b33893869b8c1339e8f4d9ed1816f143-refs/branch-heads/3945@{#614}) on port 9869
Only local connections are allowed.
Please protect ports used by ChromeDriver and related test frameworks to prevent access by malicious code.
[1590709580.705][WARNING]: Timed out connecting to Chrome, retrying...
May 29, 2020 12:46:22 AM org.openqa.selenium.remote.ProtocolHandshake createSession
INFO: Detected dialect: W3C
[1590709584.734][WARNING]: Timed out connecting to Chrome, retrying...
]]></system-err>
  </testcase>
  <testcase name="runScenario" classname="com.poferries.freight.AutomationFramework.web.runner.RunCukes" time="128.44">
    <failure message="expected [29-May-2020] but found [28-May-2020]" type="java.lang.AssertionError">java.lang.AssertionError: expected [29-May-2020] but found [28-May-2020]
</failure>
    <system-out><![CDATA[true
]]></system-out>
    <system-err><![CDATA[Starting ChromeDriver 79.0.3945.36 (3582db32b33893869b8c1339e8f4d9ed1816f143-refs/branch-heads/3945@{#614}) on port 46425
Only local connections are allowed.
Please protect ports used by ChromeDriver and related test frameworks to prevent access by malicious code.
[1590709705.648][WARNING]: Timed out connecting to Chrome, retrying...
May 29, 2020 12:48:27 AM org.openqa.selenium.remote.ProtocolHandshake createSession
INFO: Detected dialect: W3C
[1590709709.686][WARNING]: Timed out connecting to Chrome, retrying...
]]></system-err>
  </testcase>
  <testcase name="runScenario" classname="com.poferries.freight.AutomationFramework.web.runner.RunCukes" time="120.425">
    <failure message="expected [29-May-2020] but found [28-May-2020]" type="java.lang.AssertionError">java.lang.AssertionError: expected [29-May-2020] but found [28-May-2020]
</failure>
    <system-out><![CDATA[true
]]></system-out>
    <system-err><![CDATA[Starting ChromeDriver 79.0.3945.36 (3582db32b33893869b8c1339e8f4d9ed1816f143-refs/branch-heads/3945@{#614}) on port 29740
Only local connections are allowed.
Please protect ports used by ChromeDriver and related test frameworks to prevent access by malicious code.
[1590709834.112][WARNING]: Timed out connecting to Chrome, retrying...
May 29, 2020 12:50:36 AM org.openqa.selenium.remote.ProtocolHandshake createSession
INFO: Detected dialect: W3C
[1590709838.144][WARNING]: Timed out connecting to Chrome, retrying...
]]></system-err>
  </testcase>
  <testcase name="runScenario" classname="com.poferries.freight.AutomationFramework.web.runner.RunCukes" time="119.504">
    <failure message="expected [29-May-2020] but found [28-May-2020]" type="java.lang.AssertionError">java.lang.AssertionError: expected [29-May-2020] but found [28-May-2020]
</failure>
    <system-out><![CDATA[true
]]></system-out>
    <system-err><![CDATA[Starting ChromeDriver 79.0.3945.36 (3582db32b33893869b8c1339e8f4d9ed1816f143-refs/branch-heads/3945@{#614}) on port 16718
Only local connections are allowed.
Please protect ports used by ChromeDriver and related test frameworks to prevent access by malicious code.
[1590709954.478][WARNING]: Timed out connecting to Chrome, retrying...
May 29, 2020 12:52:36 AM org.openqa.selenium.remote.ProtocolHandshake createSession
INFO: Detected dialect: W3C
[1590709958.517][WARNING]: Timed out connecting to Chrome, retrying...
]]></system-err>
  </testcase>
  <testcase name="runScenario" classname="com.poferries.freight.AutomationFramework.web.runner.RunCukes" time="143.018">
    <failure message="expected [29-May-2020] but found [28-May-2020]" type="java.lang.AssertionError">java.lang.AssertionError: expected [29-May-2020] but found [28-May-2020]
</failure>
    <system-out><![CDATA[true
]]></system-out>
    <system-err><![CDATA[Starting ChromeDriver 79.0.3945.36 (3582db32b33893869b8c1339e8f4d9ed1816f143-refs/branch-heads/3945@{#614}) on port 24621
Only local connections are allowed.
Please protect ports used by ChromeDriver and related test frameworks to prevent access by malicious code.
[1590710073.977][WARNING]: Timed out connecting to Chrome, retrying...
May 29, 2020 12:54:36 AM org.openqa.selenium.remote.ProtocolHandshake createSession
INFO: Detected dialect: W3C
[1590710078.016][WARNING]: Timed out connecting to Chrome, retrying...
]]></system-err>
  </testcase>
  <testcase name="runScenario" classname="com.poferries.freight.AutomationFramework.web.runner.RunCukes" time="128.086">
    <failure message="expected [29-May-2020] but found [28-May-2020]" type="java.lang.AssertionError">java.lang.AssertionError: expected [29-May-2020] but found [28-May-2020]
</failure>
    <system-out><![CDATA[true
]]></system-out>
    <system-err><![CDATA[Starting ChromeDriver 79.0.3945.36 (3582db32b33893869b8c1339e8f4d9ed1816f143-refs/branch-heads/3945@{#614}) on port 43002
Only local connections are allowed.
Please protect ports used by ChromeDriver and related test frameworks to prevent access by malicious code.
[1590710216.994][WARNING]: Timed out connecting to Chrome, retrying...
May 29, 2020 12:56:59 AM org.openqa.selenium.remote.ProtocolHandshake createSession
INFO: Detected dialect: W3C
[1590710221.034][WARNING]: Timed out connecting to Chrome, retrying...
]]></system-err>
  </testcase>
  <testcase name="runScenario" classname="com.poferries.freight.AutomationFramework.web.runner.RunCukes" time="121.226"/>
  <testcase name="runScenario" classname="com.poferries.freight.AutomationFramework.web.runner.RunCukes" time="115.701"/>
  <testcase name="runScenario" classname="com.poferries.freight.AutomationFramework.web.runner.RunCukes" time="91.166"/>
  <testcase name="runScenario" classname="com.poferries.freight.AutomationFramework.web.runner.RunCukes" time="81"/>
  <testcase name="runScenario" classname="com.poferries.freight.AutomationFramework.web.runner.RunCukes" time="132.194"/>
  <testcase name="runScenario" classname="com.poferries.freight.AutomationFramework.web.runner.RunCukes" time="90.992"/>
  <testcase name="runScenario" classname="com.poferries.freight.AutomationFramework.web.runner.RunCukes" time="138.678"/>
  <testcase name="runScenario" classname="com.poferries.freight.AutomationFramework.web.runner.RunCukes" time="77.454"/>
  <testcase name="runScenario" classname="com.poferries.freight.AutomationFramework.web.runner.RunCukes" time="102.48"/>
  <testcase name="runScenario" classname="com.poferries.freight.AutomationFramework.web.runner.RunCukes" time="97.828"/>
  <testcase name="runScenario" classname="com.poferries.freight.AutomationFramework.web.runner.RunCukes" time="105.255"/>
  <testcase name="runScenario" classname="com.poferries.freight.AutomationFramework.web.runner.RunCukes" time="107.494"/>
  <testcase name="runScenario" classname="com.poferries.freight.AutomationFramework.web.runner.RunCukes" time="26.796">
    <failure message="stale element reference: element is not attached to the page document&#10;  (Session info: chrome=79.0.3945.79)&#10;For documentation on this error, please visit: https://www.seleniumhq.org/exceptions/stale_element_reference.html&#10;Build info: version: &apos;3.141.59&apos;, revision: &apos;e82be7d358&apos;, time: &apos;2018-11-14T08:17:03&apos;&#10;System info: host: &apos;DESKTOP-KISPH7H&apos;, ip: &apos;192.168.0.7&apos;, os.name: &apos;Windows 10&apos;, os.arch: &apos;amd64&apos;, os.version: &apos;10.0&apos;, java.version: &apos;1.8.0_241&apos;&#10;Driver info: org.openqa.selenium.chrome.ChromeDriver&#10;Capabilities {acceptInsecureCerts: false, browserName: chrome, browserVersion: 79.0.3945.79, chrome: {chromedriverVersion: 79.0.3945.36 (3582db32b3389..., userDataDir: C:\Users\AKHIL\AppData\Loca...}, goog:chromeOptions: {debuggerAddress: localhost:58947}, javascriptEnabled: true, networkConnectionEnabled: false, pageLoadStrategy: normal, platform: WINDOWS, platformName: WINDOWS, proxy: Proxy(), setWindowRect: true, strictFileInteractability: false, timeouts: {implicit: 0, pageLoad: 300000, script: 30000}, unhandledPromptBehavior: dismiss and notify}&#10;Session ID: a46eb993f0a6f6044eb2e8c2126739cf" type="org.openqa.selenium.StaleElementReferenceException">org.openqa.selenium.StaleElementReferenceException: 
stale element reference: element is not attached to the page document
  (Session info: chrome=79.0.3945.79)
For documentation on this error, please visit: https://www.seleniumhq.org/exceptions/stale_element_reference.html
Build info: version: '3.141.59', revision: 'e82be7d358', time: '2018-11-14T08:17:03'
System info: host: 'DESKTOP-KISPH7H', ip: '192.168.0.7', os.name: 'Windows 10', os.arch: 'amd64', os.version: '10.0', java.version: '1.8.0_241'
Driver info: org.openqa.selenium.chrome.ChromeDriver
Capabilities {acceptInsecureCerts: false, browserName: chrome, browserVersion: 79.0.3945.79, chrome: {chromedriverVersion: 79.0.3945.36 (3582db32b3389..., userDataDir: C:\Users\AKHIL\AppData\Loca...}, goog:chromeOptions: {debuggerAddress: localhost:58947}, javascriptEnabled: true, networkConnectionEnabled: false, pageLoadStrategy: normal, platform: WINDOWS, platformName: WINDOWS, proxy: Proxy(), setWindowRect: true, strictFileInteractability: false, timeouts: {implicit: 0, pageLoad: 300000, script: 30000}, unhandledPromptBehavior: dismiss and notify}
Session ID: a46eb993f0a6f6044eb2e8c2126739cf
</failure>
    <system-out><![CDATA[true
]]></system-out>
    <system-err><![CDATA[Starting ChromeDriver 79.0.3945.36 (3582db32b33893869b8c1339e8f4d9ed1816f143-refs/branch-heads/3945@{#614}) on port 46584
Only local connections are allowed.
Please protect ports used by ChromeDriver and related test frameworks to prevent access by malicious code.
[1590711606.645][WARNING]: Timed out connecting to Chrome, retrying...
May 29, 2020 1:20:08 AM org.openqa.selenium.remote.ProtocolHandshake createSession
INFO: Detected dialect: W3C
[1590711610.668][WARNING]: Timed out connecting to Chrome, retrying...
]]></system-err>
  </testcase>
  <testcase name="runScenario" classname="com.poferries.freight.AutomationFramework.web.runner.RunCukes" time="115.501"/>
  <testcase name="runScenario" classname="com.poferries.freight.AutomationFramework.web.runner.RunCukes" time="107.906"/>
  <testcase name="runScenario" classname="com.poferries.freight.AutomationFramework.web.runner.RunCukes" time="115.938"/>
  <testcase name="runScenario" classname="com.poferries.freight.AutomationFramework.web.runner.RunCukes" time="107.143"/>
  <testcase name="runScenario" classname="com.poferries.freight.AutomationFramework.web.runner.RunCukes" time="117.747"/>
  <testcase name="runScenario" classname="com.poferries.freight.AutomationFramework.web.runner.RunCukes" time="107.547"/>
  <testcase name="runScenario" classname="com.poferries.freight.AutomationFramework.web.runner.RunCukes" time="108.78"/>
  <testcase name="runScenario" classname="com.poferries.freight.AutomationFramework.web.runner.RunCukes" time="102.555"/>
  <testcase name="runScenario" classname="com.poferries.freight.AutomationFramework.web.runner.RunCukes" time="133.92"/>
  <testcase name="runScenario" classname="com.poferries.freight.AutomationFramework.web.runner.RunCukes" time="193.804"/>
  <testcase name="runScenario" classname="com.poferries.freight.AutomationFramework.web.runner.RunCukes" time="0">
    <skipped message="There are undefined steps"/>
    <system-out><![CDATA[false
]]></system-out>
    <system-err><![CDATA[Starting ChromeDriver 79.0.3945.36 (3582db32b33893869b8c1339e8f4d9ed1816f143-refs/branch-heads/3945@{#614}) on port 16736
Only local connections are allowed.
Please protect ports used by ChromeDriver and related test frameworks to prevent access by malicious code.
[1590712844.479][WARNING]: Timed out connecting to Chrome, retrying...
May 29, 2020 1:40:46 AM org.openqa.selenium.remote.ProtocolHandshake createSession
INFO: Detected dialect: W3C
[1590712848.523][WARNING]: Timed out connecting to Chrome, retrying...
]]></system-err>
  </testcase>
  <testcase name="runScenario" classname="com.poferries.freight.AutomationFramework.web.runner.RunCukes" time="0">
    <skipped message="There are undefined steps"/>
    <system-out><![CDATA[false
]]></system-out>
    <system-err><![CDATA[Starting ChromeDriver 79.0.3945.36 (3582db32b33893869b8c1339e8f4d9ed1816f143-refs/branch-heads/3945@{#614}) on port 47019
Only local connections are allowed.
Please protect ports used by ChromeDriver and related test frameworks to prevent access by malicious code.
[1590712950.773][WARNING]: Timed out connecting to Chrome, retrying...
May 29, 2020 1:42:32 AM org.openqa.selenium.remote.ProtocolHandshake createSession
INFO: Detected dialect: W3C
[1590712954.823][WARNING]: Timed out connecting to Chrome, retrying...
]]></system-err>
  </testcase>
  <testcase name="runScenario" classname="com.poferries.freight.AutomationFramework.web.runner.RunCukes" time="0">
    <skipped message="There are undefined steps"/>
    <system-out><![CDATA[false
]]></system-out>
    <system-err><![CDATA[Starting ChromeDriver 79.0.3945.36 (3582db32b33893869b8c1339e8f4d9ed1816f143-refs/branch-heads/3945@{#614}) on port 10080
Only local connections are allowed.
Please protect ports used by ChromeDriver and related test frameworks to prevent access by malicious code.
[1590713071.472][WARNING]: Timed out connecting to Chrome, retrying...
May 29, 2020 1:44:33 AM org.openqa.selenium.remote.ProtocolHandshake createSession
INFO: Detected dialect: W3C
[1590713075.515][WARNING]: Timed out connecting to Chrome, retrying...
]]></system-err>
  </testcase>
  <testcase name="runScenario" classname="com.poferries.freight.AutomationFramework.web.runner.RunCukes" time="0">
    <skipped message="There are undefined steps"/>
    <system-out><![CDATA[false
]]></system-out>
    <system-err><![CDATA[Starting ChromeDriver 79.0.3945.36 (3582db32b33893869b8c1339e8f4d9ed1816f143-refs/branch-heads/3945@{#614}) on port 36345
Only local connections are allowed.
Please protect ports used by ChromeDriver and related test frameworks to prevent access by malicious code.
[1590713184.501][WARNING]: Timed out connecting to Chrome, retrying...
May 29, 2020 1:46:26 AM org.openqa.selenium.remote.ProtocolHandshake createSession
INFO: Detected dialect: W3C
[1590713188.533][WARNING]: Timed out connecting to Chrome, retrying...
]]></system-err>
  </testcase>
  <testcase name="runScenario" classname="com.poferries.freight.AutomationFramework.web.runner.RunCukes" time="0">
    <skipped message="There are undefined steps"/>
    <system-out><![CDATA[false
]]></system-out>
    <system-err><![CDATA[Starting ChromeDriver 79.0.3945.36 (3582db32b33893869b8c1339e8f4d9ed1816f143-refs/branch-heads/3945@{#614}) on port 31308
Only local connections are allowed.
Please protect ports used by ChromeDriver and related test frameworks to prevent access by malicious code.
[1590713327.207][WARNING]: Timed out connecting to Chrome, retrying...
May 29, 2020 1:48:49 AM org.openqa.selenium.remote.ProtocolHandshake createSession
INFO: Detected dialect: W3C
[1590713331.242][WARNING]: Timed out connecting to Chrome, retrying...
]]></system-err>
  </testcase>
  <testcase name="runScenario" classname="com.poferries.freight.AutomationFramework.web.runner.RunCukes" time="0">
    <skipped message="There are undefined steps"/>
    <system-out><![CDATA[false
]]></system-out>
    <system-err><![CDATA[Starting ChromeDriver 79.0.3945.36 (3582db32b33893869b8c1339e8f4d9ed1816f143-refs/branch-heads/3945@{#614}) on port 13735
Only local connections are allowed.
Please protect ports used by ChromeDriver and related test frameworks to prevent access by malicious code.
[1590713459.943][WARNING]: Timed out connecting to Chrome, retrying...
May 29, 2020 1:51:01 AM org.openqa.selenium.remote.ProtocolHandshake createSession
INFO: Detected dialect: W3C
[1590713463.986][WARNING]: Timed out connecting to Chrome, retrying...
]]></system-err>
  </testcase>
  <testcase name="runScenario" classname="com.poferries.freight.AutomationFramework.web.runner.RunCukes" time="39.834"/>
  <testcase name="runScenario" classname="com.poferries.freight.AutomationFramework.web.runner.RunCukes" time="42.252"/>
  <testcase name="runScenario" classname="com.poferries.freight.AutomationFramework.web.runner.RunCukes" time="41.208"/>
  <testcase name="runScenario" classname="com.poferries.freight.AutomationFramework.web.runner.RunCukes" time="53.531"/>
  <testcase name="runScenario" classname="com.poferries.freight.AutomationFramework.web.runner.RunCukes" time="69.651"/>
  <testcase name="runScenario" classname="com.poferries.freight.AutomationFramework.web.runner.RunCukes" time="82.491"/>
  <testcase name="runScenario" classname="com.poferries.freight.AutomationFramework.web.runner.RunCukes" time="67.463"/>
  <testcase name="runScenario" classname="com.poferries.freight.AutomationFramework.web.runner.RunCukes" time="97.277"/>
  <testcase name="runScenario" classname="com.poferries.freight.AutomationFramework.web.runner.RunCukes" time="87.34"/>
  <testcase name="runScenario" classname="com.poferries.freight.AutomationFramework.web.runner.RunCukes" time="68.103"/>
</testsuite>