<?xml version="1.0" encoding="UTF-8"?>
<testng-results ignored="0" total="1" passed="1" failed="0" skipped="0">
  <reporter-output>
  </reporter-output>
  <suite started-at="2023-12-29T17:07:32 IST" name="Default suite" finished-at="2023-12-29T17:08:16 IST" duration-ms="44709">
    <groups>
      <group name="cucumber">
        <method signature="RunTestNGTest.feature(io.cucumber.testng.PickleWrapper,io.cucumber.testng.FeatureWrapper)[pri:0, instance:com.poferries.freight.AutomationFramework.web.runner.RunTestNGTest@23e84203]" name="feature" class="com.poferries.freight.AutomationFramework.web.runner.RunTestNGTest"/>
      </group> <!-- cucumber -->
    </groups>
    <test started-at="2023-12-29T17:07:32 IST" name="Default test" finished-at="2023-12-29T17:08:16 IST" duration-ms="44709">
      <class name="com.poferries.freight.AutomationFramework.web.runner.RunTestNGTest">
        <test-method is-config="true" signature="setUpClass()[pri:0, instance:com.poferries.freight.AutomationFramework.web.runner.RunTestNGTest@23e84203]" started-at="2023-12-29T17:07:32 IST" name="setUpClass" finished-at="2023-12-29T17:07:33 IST" duration-ms="998" status="PASS">
          <reporter-output>
          </reporter-output>
        </test-method> <!-- setUpClass -->
        <test-method signature="feature(io.cucumber.testng.PickleWrapper,io.cucumber.testng.FeatureWrapper)[pri:0, instance:com.poferries.freight.AutomationFramework.web.runner.RunTestNGTest@23e84203]" started-at="2023-12-29T17:07:33 IST" name="feature" description="Runs Cucumber Scenarios" data-provider="features" finished-at="2023-12-29T17:08:16 IST" duration-ms="43223" status="PASS">
          <params>
            <param index="0">
              <value>
                <![CDATA["LogIn and Logout with Valid Credentials"]]>
              </value>
            </param>
            <param index="1">
              <value>
                <![CDATA["Optional[Signing in to Web with correct account details]"]]>
              </value>
            </param>
          </params>
          <reporter-output>
          </reporter-output>
        </test-method> <!-- feature -->
        <test-method is-config="true" signature="tearDownClass()[pri:0, instance:com.poferries.freight.AutomationFramework.web.runner.RunTestNGTest@23e84203]" started-at="2023-12-29T17:08:16 IST" name="tearDownClass" finished-at="2023-12-29T17:08:16 IST" duration-ms="437" status="PASS">
          <reporter-output>
          </reporter-output>
        </test-method> <!-- tearDownClass -->
      </class> <!-- com.poferries.freight.AutomationFramework.web.runner.RunTestNGTest -->
    </test> <!-- Default test -->
  </suite> <!-- Default suite -->
</testng-results>
